[0.099s] Invoking command in '/root/deepracer_ws/aws-deepracer-follow-the-leader-sample-project/deepracer_follow_the_leader_ws/build/i2c_pkg': AMENT_PREFIX_PATH=/root/deepracer_ws/aws-deepracer-follow-the-leader-sample-project/deepracer_follow_the_leader_ws/install/deepracer_interfaces_pkg:${AMENT_PREFIX_PATH} CMAKE_PREFIX_PATH=/root/deepracer_ws/aws-deepracer-follow-the-leader-sample-project/deepracer_follow_the_leader_ws/install/deepracer_interfaces_pkg:/root/deepracer_ws/aws-deepracer-launcher/install/deepracer_launcher:/root/deepracer_ws/aws-deepracer-launcher/install/web_video_server:/root/deepracer_ws/aws-deepracer-launcher/install/ctrl_pkg:/root/deepracer_ws/aws-deepracer-launcher/install/servo_pkg:/root/deepracer_ws/aws-deepracer-launcher/install/sensor_fusion_pkg:/root/deepracer_ws/aws-deepracer-launcher/install/rplidar_ros:/root/deepracer_ws/aws-deepracer-launcher/install/inference_pkg:/root/deepracer_ws/aws-deepracer-launcher/install/i2c_pkg:/root/deepracer_ws/aws-deepracer-launcher/install/camera_pkg:/root/deepracer_ws/aws-deepracer-launcher/install/deepracer_interfaces_pkg:/root/deepracer_ws/aws-deepracer-launcher/install/webserver_pkg:/root/deepracer_ws/aws-deepracer-launcher/install/deepracer_systems_pkg:/root/deepracer_ws/aws-deepracer-launcher/install/usb_monitor_pkg:/root/deepracer_ws/aws-deepracer-launcher/install/status_led_pkg:/root/deepracer_ws/aws-deepracer-launcher/install/model_optimizer_pkg:/root/deepracer_ws/aws-deepracer-launcher/install/device_info_pkg:/root/deepracer_ws/aws-deepracer-launcher/install/deepracer_navigation_pkg:/opt/ros/foxy:/root/deepracer_ws/aws-deepracer-launcher/install/async_web_server_cpp LD_LIBRARY_PATH=/root/deepracer_ws/aws-deepracer-follow-the-leader-sample-project/deepracer_follow_the_leader_ws/install/deepracer_interfaces_pkg/lib:${LD_LIBRARY_PATH} PYTHONPATH=/root/deepracer_ws/aws-deepracer-follow-the-leader-sample-project/deepracer_follow_the_leader_ws/install/deepracer_interfaces_pkg/lib/python3.8/site-packages:${PYTHONPATH} /usr/bin/cmake /root/deepracer_ws/aws-deepracer-follow-the-leader-sample-project/deepracer_follow_the_leader_ws/aws-deepracer-i2c-pkg/i2c_pkg -DCMAKE_INSTALL_PREFIX=/root/deepracer_ws/aws-deepracer-follow-the-leader-sample-project/deepracer_follow_the_leader_ws/install/i2c_pkg
[0.311s] -- The C compiler identification is GNU 9.3.0
[0.536s] -- The CXX compiler identification is GNU 9.3.0
[0.771s] -- Check for working C compiler: /usr/bin/cc
[1.026s] -- Check for working C compiler: /usr/bin/cc -- works
[1.028s] -- Detecting C compiler ABI info
[1.354s] -- Detecting C compiler ABI info - done
[1.408s] -- Detecting C compile features
[1.410s] -- Detecting C compile features - done
[1.420s] -- Check for working CXX compiler: /usr/bin/c++
[1.720s] -- Check for working CXX compiler: /usr/bin/c++ -- works
[1.724s] -- Detecting CXX compiler ABI info
[2.165s] -- Detecting CXX compiler ABI info - done
[2.225s] -- Detecting CXX compile features
[2.226s] -- Detecting CXX compile features - done
[2.240s] -- Found ament_cmake: 0.9.8 (/opt/ros/foxy/share/ament_cmake/cmake)
[2.366s] -- Found PythonInterp: /usr/bin/python3 (found suitable version "3.8.5", minimum required is "3") 
[2.366s] -- Using PYTHON_EXECUTABLE: /usr/bin/python3
[3.530s] -- Found rclcpp: 2.3.0 (/opt/ros/foxy/share/rclcpp/cmake)
[3.733s] -- Using all available rosidl_typesupport_c: rosidl_typesupport_fastrtps_c;rosidl_typesupport_introspection_c
[3.769s] -- Found rosidl_adapter: 1.2.0 (/opt/ros/foxy/share/rosidl_adapter/cmake)
[4.062s] -- Found OpenSSL: /usr/lib/x86_64-linux-gnu/libcrypto.so (found version "1.1.1f")  
[4.160s] -- Found FastRTPS: /opt/ros/foxy/include  
[4.453s] -- Using all available rosidl_typesupport_cpp: rosidl_typesupport_fastrtps_cpp;rosidl_typesupport_introspection_cpp
[4.685s] -- Found rmw_implementation_cmake: 1.0.2 (/opt/ros/foxy/share/rmw_implementation_cmake/cmake)
[4.698s] -- Using RMW implementation 'rmw_fastrtps_cpp' as default
[4.698s] -- Looking for pthread.h
[4.932s] -- Looking for pthread.h - found
[4.933s] -- Performing Test CMAKE_HAVE_LIBC_PTHREAD
[5.177s] -- Performing Test CMAKE_HAVE_LIBC_PTHREAD - Failed
[5.177s] -- Looking for pthread_create in pthreads
[5.377s] -- Looking for pthread_create in pthreads - not found
[5.378s] -- Looking for pthread_create in pthread
[5.652s] -- Looking for pthread_create in pthread - found
[5.657s] -- Found Threads: TRUE  
[6.361s] -- Found deepracer_interfaces_pkg: 0.0.1 (/root/deepracer_ws/aws-deepracer-follow-the-leader-sample-project/deepracer_follow_the_leader_ws/install/deepracer_interfaces_pkg/share/deepracer_interfaces_pkg/cmake)
[7.454s] -- Found ament_lint_auto: 0.9.6 (/opt/ros/foxy/share/ament_lint_auto/cmake)
[8.002s] -- Added test 'copyright' to check source files copyright and LICENSE
[8.008s] -- Added test 'cppcheck' to perform static code analysis on C / C++ code
[8.010s] -- Configured cppcheck include dirs: /root/deepracer_ws/aws-deepracer-follow-the-leader-sample-project/deepracer_follow_the_leader_ws/aws-deepracer-i2c-pkg/i2c_pkg/include
[8.010s] -- Configured cppcheck exclude dirs and/or files: 
[8.015s] -- Added test 'cpplint' to check C / C++ code against the Google style
[8.016s] -- Configured cpplint exclude dirs and/or files: 
[8.023s] -- Added test 'flake8' to check Python code syntax and style conventions
[8.029s] -- Added test 'lint_cmake' to check CMake code style
[8.033s] -- Added test 'pep257' to check Python code against some of the style conventions in PEP 257
[8.038s] -- Added test 'uncrustify' to check C / C++ code style
[8.038s] -- Configured uncrustify additional arguments: 
[8.042s] -- Added test 'xmllint' to check XML markup files
[8.055s] -- Configuring done
[8.091s] -- Generating done
[8.098s] -- Build files have been written to: /root/deepracer_ws/aws-deepracer-follow-the-leader-sample-project/deepracer_follow_the_leader_ws/build/i2c_pkg
[8.141s] Invoked command in '/root/deepracer_ws/aws-deepracer-follow-the-leader-sample-project/deepracer_follow_the_leader_ws/build/i2c_pkg' returned '0': AMENT_PREFIX_PATH=/root/deepracer_ws/aws-deepracer-follow-the-leader-sample-project/deepracer_follow_the_leader_ws/install/deepracer_interfaces_pkg:${AMENT_PREFIX_PATH} CMAKE_PREFIX_PATH=/root/deepracer_ws/aws-deepracer-follow-the-leader-sample-project/deepracer_follow_the_leader_ws/install/deepracer_interfaces_pkg:/root/deepracer_ws/aws-deepracer-launcher/install/deepracer_launcher:/root/deepracer_ws/aws-deepracer-launcher/install/web_video_server:/root/deepracer_ws/aws-deepracer-launcher/install/ctrl_pkg:/root/deepracer_ws/aws-deepracer-launcher/install/servo_pkg:/root/deepracer_ws/aws-deepracer-launcher/install/sensor_fusion_pkg:/root/deepracer_ws/aws-deepracer-launcher/install/rplidar_ros:/root/deepracer_ws/aws-deepracer-launcher/install/inference_pkg:/root/deepracer_ws/aws-deepracer-launcher/install/i2c_pkg:/root/deepracer_ws/aws-deepracer-launcher/install/camera_pkg:/root/deepracer_ws/aws-deepracer-launcher/install/deepracer_interfaces_pkg:/root/deepracer_ws/aws-deepracer-launcher/install/webserver_pkg:/root/deepracer_ws/aws-deepracer-launcher/install/deepracer_systems_pkg:/root/deepracer_ws/aws-deepracer-launcher/install/usb_monitor_pkg:/root/deepracer_ws/aws-deepracer-launcher/install/status_led_pkg:/root/deepracer_ws/aws-deepracer-launcher/install/model_optimizer_pkg:/root/deepracer_ws/aws-deepracer-launcher/install/device_info_pkg:/root/deepracer_ws/aws-deepracer-launcher/install/deepracer_navigation_pkg:/opt/ros/foxy:/root/deepracer_ws/aws-deepracer-launcher/install/async_web_server_cpp LD_LIBRARY_PATH=/root/deepracer_ws/aws-deepracer-follow-the-leader-sample-project/deepracer_follow_the_leader_ws/install/deepracer_interfaces_pkg/lib:${LD_LIBRARY_PATH} PYTHONPATH=/root/deepracer_ws/aws-deepracer-follow-the-leader-sample-project/deepracer_follow_the_leader_ws/install/deepracer_interfaces_pkg/lib/python3.8/site-packages:${PYTHONPATH} /usr/bin/cmake /root/deepracer_ws/aws-deepracer-follow-the-leader-sample-project/deepracer_follow_the_leader_ws/aws-deepracer-i2c-pkg/i2c_pkg -DCMAKE_INSTALL_PREFIX=/root/deepracer_ws/aws-deepracer-follow-the-leader-sample-project/deepracer_follow_the_leader_ws/install/i2c_pkg
[8.144s] Invoking command in '/root/deepracer_ws/aws-deepracer-follow-the-leader-sample-project/deepracer_follow_the_leader_ws/build/i2c_pkg': AMENT_PREFIX_PATH=/root/deepracer_ws/aws-deepracer-follow-the-leader-sample-project/deepracer_follow_the_leader_ws/install/deepracer_interfaces_pkg:${AMENT_PREFIX_PATH} CMAKE_PREFIX_PATH=/root/deepracer_ws/aws-deepracer-follow-the-leader-sample-project/deepracer_follow_the_leader_ws/install/deepracer_interfaces_pkg:/root/deepracer_ws/aws-deepracer-launcher/install/deepracer_launcher:/root/deepracer_ws/aws-deepracer-launcher/install/web_video_server:/root/deepracer_ws/aws-deepracer-launcher/install/ctrl_pkg:/root/deepracer_ws/aws-deepracer-launcher/install/servo_pkg:/root/deepracer_ws/aws-deepracer-launcher/install/sensor_fusion_pkg:/root/deepracer_ws/aws-deepracer-launcher/install/rplidar_ros:/root/deepracer_ws/aws-deepracer-launcher/install/inference_pkg:/root/deepracer_ws/aws-deepracer-launcher/install/i2c_pkg:/root/deepracer_ws/aws-deepracer-launcher/install/camera_pkg:/root/deepracer_ws/aws-deepracer-launcher/install/deepracer_interfaces_pkg:/root/deepracer_ws/aws-deepracer-launcher/install/webserver_pkg:/root/deepracer_ws/aws-deepracer-launcher/install/deepracer_systems_pkg:/root/deepracer_ws/aws-deepracer-launcher/install/usb_monitor_pkg:/root/deepracer_ws/aws-deepracer-launcher/install/status_led_pkg:/root/deepracer_ws/aws-deepracer-launcher/install/model_optimizer_pkg:/root/deepracer_ws/aws-deepracer-launcher/install/device_info_pkg:/root/deepracer_ws/aws-deepracer-launcher/install/deepracer_navigation_pkg:/opt/ros/foxy:/root/deepracer_ws/aws-deepracer-launcher/install/async_web_server_cpp LD_LIBRARY_PATH=/root/deepracer_ws/aws-deepracer-follow-the-leader-sample-project/deepracer_follow_the_leader_ws/install/deepracer_interfaces_pkg/lib:${LD_LIBRARY_PATH} PYTHONPATH=/root/deepracer_ws/aws-deepracer-follow-the-leader-sample-project/deepracer_follow_the_leader_ws/install/deepracer_interfaces_pkg/lib/python3.8/site-packages:${PYTHONPATH} /usr/bin/cmake --build /root/deepracer_ws/aws-deepracer-follow-the-leader-sample-project/deepracer_follow_the_leader_ws/build/i2c_pkg -- -j2 -l2
[8.290s] [35m[1mScanning dependencies of target battery_node[0m
[8.606s] [ 33%] [32mBuilding CXX object CMakeFiles/battery_node.dir/src/battery_node.cpp.o[0m
[21.119s] [ 66%] [32mBuilding CXX object CMakeFiles/battery_node.dir/src/i2c.cpp.o[0m
[29.484s] [100%] [32m[1mLinking CXX executable battery_node[0m
[30.236s] [100%] Built target battery_node
[30.272s] Invoked command in '/root/deepracer_ws/aws-deepracer-follow-the-leader-sample-project/deepracer_follow_the_leader_ws/build/i2c_pkg' returned '0': AMENT_PREFIX_PATH=/root/deepracer_ws/aws-deepracer-follow-the-leader-sample-project/deepracer_follow_the_leader_ws/install/deepracer_interfaces_pkg:${AMENT_PREFIX_PATH} CMAKE_PREFIX_PATH=/root/deepracer_ws/aws-deepracer-follow-the-leader-sample-project/deepracer_follow_the_leader_ws/install/deepracer_interfaces_pkg:/root/deepracer_ws/aws-deepracer-launcher/install/deepracer_launcher:/root/deepracer_ws/aws-deepracer-launcher/install/web_video_server:/root/deepracer_ws/aws-deepracer-launcher/install/ctrl_pkg:/root/deepracer_ws/aws-deepracer-launcher/install/servo_pkg:/root/deepracer_ws/aws-deepracer-launcher/install/sensor_fusion_pkg:/root/deepracer_ws/aws-deepracer-launcher/install/rplidar_ros:/root/deepracer_ws/aws-deepracer-launcher/install/inference_pkg:/root/deepracer_ws/aws-deepracer-launcher/install/i2c_pkg:/root/deepracer_ws/aws-deepracer-launcher/install/camera_pkg:/root/deepracer_ws/aws-deepracer-launcher/install/deepracer_interfaces_pkg:/root/deepracer_ws/aws-deepracer-launcher/install/webserver_pkg:/root/deepracer_ws/aws-deepracer-launcher/install/deepracer_systems_pkg:/root/deepracer_ws/aws-deepracer-launcher/install/usb_monitor_pkg:/root/deepracer_ws/aws-deepracer-launcher/install/status_led_pkg:/root/deepracer_ws/aws-deepracer-launcher/install/model_optimizer_pkg:/root/deepracer_ws/aws-deepracer-launcher/install/device_info_pkg:/root/deepracer_ws/aws-deepracer-launcher/install/deepracer_navigation_pkg:/opt/ros/foxy:/root/deepracer_ws/aws-deepracer-launcher/install/async_web_server_cpp LD_LIBRARY_PATH=/root/deepracer_ws/aws-deepracer-follow-the-leader-sample-project/deepracer_follow_the_leader_ws/install/deepracer_interfaces_pkg/lib:${LD_LIBRARY_PATH} PYTHONPATH=/root/deepracer_ws/aws-deepracer-follow-the-leader-sample-project/deepracer_follow_the_leader_ws/install/deepracer_interfaces_pkg/lib/python3.8/site-packages:${PYTHONPATH} /usr/bin/cmake --build /root/deepracer_ws/aws-deepracer-follow-the-leader-sample-project/deepracer_follow_the_leader_ws/build/i2c_pkg -- -j2 -l2
[30.468s] Invoking command in '/root/deepracer_ws/aws-deepracer-follow-the-leader-sample-project/deepracer_follow_the_leader_ws/build/i2c_pkg': AMENT_PREFIX_PATH=/root/deepracer_ws/aws-deepracer-follow-the-leader-sample-project/deepracer_follow_the_leader_ws/install/deepracer_interfaces_pkg:${AMENT_PREFIX_PATH} CMAKE_PREFIX_PATH=/root/deepracer_ws/aws-deepracer-follow-the-leader-sample-project/deepracer_follow_the_leader_ws/install/deepracer_interfaces_pkg:/root/deepracer_ws/aws-deepracer-launcher/install/deepracer_launcher:/root/deepracer_ws/aws-deepracer-launcher/install/web_video_server:/root/deepracer_ws/aws-deepracer-launcher/install/ctrl_pkg:/root/deepracer_ws/aws-deepracer-launcher/install/servo_pkg:/root/deepracer_ws/aws-deepracer-launcher/install/sensor_fusion_pkg:/root/deepracer_ws/aws-deepracer-launcher/install/rplidar_ros:/root/deepracer_ws/aws-deepracer-launcher/install/inference_pkg:/root/deepracer_ws/aws-deepracer-launcher/install/i2c_pkg:/root/deepracer_ws/aws-deepracer-launcher/install/camera_pkg:/root/deepracer_ws/aws-deepracer-launcher/install/deepracer_interfaces_pkg:/root/deepracer_ws/aws-deepracer-launcher/install/webserver_pkg:/root/deepracer_ws/aws-deepracer-launcher/install/deepracer_systems_pkg:/root/deepracer_ws/aws-deepracer-launcher/install/usb_monitor_pkg:/root/deepracer_ws/aws-deepracer-launcher/install/status_led_pkg:/root/deepracer_ws/aws-deepracer-launcher/install/model_optimizer_pkg:/root/deepracer_ws/aws-deepracer-launcher/install/device_info_pkg:/root/deepracer_ws/aws-deepracer-launcher/install/deepracer_navigation_pkg:/opt/ros/foxy:/root/deepracer_ws/aws-deepracer-launcher/install/async_web_server_cpp LD_LIBRARY_PATH=/root/deepracer_ws/aws-deepracer-follow-the-leader-sample-project/deepracer_follow_the_leader_ws/install/deepracer_interfaces_pkg/lib:${LD_LIBRARY_PATH} PYTHONPATH=/root/deepracer_ws/aws-deepracer-follow-the-leader-sample-project/deepracer_follow_the_leader_ws/install/deepracer_interfaces_pkg/lib/python3.8/site-packages:${PYTHONPATH} /usr/bin/cmake --install /root/deepracer_ws/aws-deepracer-follow-the-leader-sample-project/deepracer_follow_the_leader_ws/build/i2c_pkg
[30.470s] -- Install configuration: ""
[30.470s] -- Installing: /root/deepracer_ws/aws-deepracer-follow-the-leader-sample-project/deepracer_follow_the_leader_ws/install/i2c_pkg/lib/i2c_pkg/battery_node
[30.475s] -- Set runtime path of "/root/deepracer_ws/aws-deepracer-follow-the-leader-sample-project/deepracer_follow_the_leader_ws/install/i2c_pkg/lib/i2c_pkg/battery_node" to ""
[30.475s] -- Installing: /root/deepracer_ws/aws-deepracer-follow-the-leader-sample-project/deepracer_follow_the_leader_ws/install/i2c_pkg/include
[30.476s] -- Installing: /root/deepracer_ws/aws-deepracer-follow-the-leader-sample-project/deepracer_follow_the_leader_ws/install/i2c_pkg/include/i2c_pkg
[30.476s] -- Installing: /root/deepracer_ws/aws-deepracer-follow-the-leader-sample-project/deepracer_follow_the_leader_ws/install/i2c_pkg/include/i2c_pkg/i2c.hpp
[30.477s] -- Installing: /root/deepracer_ws/aws-deepracer-follow-the-leader-sample-project/deepracer_follow_the_leader_ws/install/i2c_pkg/share/i2c_pkg//launch
[30.477s] -- Installing: /root/deepracer_ws/aws-deepracer-follow-the-leader-sample-project/deepracer_follow_the_leader_ws/install/i2c_pkg/share/i2c_pkg//launch/i2c_pkg_launch.py
[30.477s] -- Installing: /root/deepracer_ws/aws-deepracer-follow-the-leader-sample-project/deepracer_follow_the_leader_ws/install/i2c_pkg/share/ament_index/resource_index/package_run_dependencies/i2c_pkg
[30.478s] -- Installing: /root/deepracer_ws/aws-deepracer-follow-the-leader-sample-project/deepracer_follow_the_leader_ws/install/i2c_pkg/share/ament_index/resource_index/parent_prefix_path/i2c_pkg
[30.478s] -- Installing: /root/deepracer_ws/aws-deepracer-follow-the-leader-sample-project/deepracer_follow_the_leader_ws/install/i2c_pkg/share/i2c_pkg/environment/ament_prefix_path.sh
[30.479s] -- Installing: /root/deepracer_ws/aws-deepracer-follow-the-leader-sample-project/deepracer_follow_the_leader_ws/install/i2c_pkg/share/i2c_pkg/environment/ament_prefix_path.dsv
[30.479s] -- Installing: /root/deepracer_ws/aws-deepracer-follow-the-leader-sample-project/deepracer_follow_the_leader_ws/install/i2c_pkg/share/i2c_pkg/environment/path.sh
[30.480s] -- Installing: /root/deepracer_ws/aws-deepracer-follow-the-leader-sample-project/deepracer_follow_the_leader_ws/install/i2c_pkg/share/i2c_pkg/environment/path.dsv
[30.480s] -- Installing: /root/deepracer_ws/aws-deepracer-follow-the-leader-sample-project/deepracer_follow_the_leader_ws/install/i2c_pkg/share/i2c_pkg/local_setup.bash
[30.480s] -- Installing: /root/deepracer_ws/aws-deepracer-follow-the-leader-sample-project/deepracer_follow_the_leader_ws/install/i2c_pkg/share/i2c_pkg/local_setup.sh
[30.481s] -- Installing: /root/deepracer_ws/aws-deepracer-follow-the-leader-sample-project/deepracer_follow_the_leader_ws/install/i2c_pkg/share/i2c_pkg/local_setup.zsh
[30.484s] -- Installing: /root/deepracer_ws/aws-deepracer-follow-the-leader-sample-project/deepracer_follow_the_leader_ws/install/i2c_pkg/share/i2c_pkg/local_setup.dsv
[30.484s] -- Installing: /root/deepracer_ws/aws-deepracer-follow-the-leader-sample-project/deepracer_follow_the_leader_ws/install/i2c_pkg/share/i2c_pkg/package.dsv
[30.485s] -- Installing: /root/deepracer_ws/aws-deepracer-follow-the-leader-sample-project/deepracer_follow_the_leader_ws/install/i2c_pkg/share/ament_index/resource_index/packages/i2c_pkg
[30.485s] -- Installing: /root/deepracer_ws/aws-deepracer-follow-the-leader-sample-project/deepracer_follow_the_leader_ws/install/i2c_pkg/share/i2c_pkg/cmake/ament_cmake_export_include_directories-extras.cmake
[30.494s] -- Installing: /root/deepracer_ws/aws-deepracer-follow-the-leader-sample-project/deepracer_follow_the_leader_ws/install/i2c_pkg/share/i2c_pkg/cmake/ament_cmake_export_dependencies-extras.cmake
[30.494s] -- Installing: /root/deepracer_ws/aws-deepracer-follow-the-leader-sample-project/deepracer_follow_the_leader_ws/install/i2c_pkg/share/i2c_pkg/cmake/i2c_pkgConfig.cmake
[30.494s] -- Installing: /root/deepracer_ws/aws-deepracer-follow-the-leader-sample-project/deepracer_follow_the_leader_ws/install/i2c_pkg/share/i2c_pkg/cmake/i2c_pkgConfig-version.cmake
[30.495s] -- Installing: /root/deepracer_ws/aws-deepracer-follow-the-leader-sample-project/deepracer_follow_the_leader_ws/install/i2c_pkg/share/i2c_pkg/package.xml
[30.504s] Invoked command in '/root/deepracer_ws/aws-deepracer-follow-the-leader-sample-project/deepracer_follow_the_leader_ws/build/i2c_pkg' returned '0': AMENT_PREFIX_PATH=/root/deepracer_ws/aws-deepracer-follow-the-leader-sample-project/deepracer_follow_the_leader_ws/install/deepracer_interfaces_pkg:${AMENT_PREFIX_PATH} CMAKE_PREFIX_PATH=/root/deepracer_ws/aws-deepracer-follow-the-leader-sample-project/deepracer_follow_the_leader_ws/install/deepracer_interfaces_pkg:/root/deepracer_ws/aws-deepracer-launcher/install/deepracer_launcher:/root/deepracer_ws/aws-deepracer-launcher/install/web_video_server:/root/deepracer_ws/aws-deepracer-launcher/install/ctrl_pkg:/root/deepracer_ws/aws-deepracer-launcher/install/servo_pkg:/root/deepracer_ws/aws-deepracer-launcher/install/sensor_fusion_pkg:/root/deepracer_ws/aws-deepracer-launcher/install/rplidar_ros:/root/deepracer_ws/aws-deepracer-launcher/install/inference_pkg:/root/deepracer_ws/aws-deepracer-launcher/install/i2c_pkg:/root/deepracer_ws/aws-deepracer-launcher/install/camera_pkg:/root/deepracer_ws/aws-deepracer-launcher/install/deepracer_interfaces_pkg:/root/deepracer_ws/aws-deepracer-launcher/install/webserver_pkg:/root/deepracer_ws/aws-deepracer-launcher/install/deepracer_systems_pkg:/root/deepracer_ws/aws-deepracer-launcher/install/usb_monitor_pkg:/root/deepracer_ws/aws-deepracer-launcher/install/status_led_pkg:/root/deepracer_ws/aws-deepracer-launcher/install/model_optimizer_pkg:/root/deepracer_ws/aws-deepracer-launcher/install/device_info_pkg:/root/deepracer_ws/aws-deepracer-launcher/install/deepracer_navigation_pkg:/opt/ros/foxy:/root/deepracer_ws/aws-deepracer-launcher/install/async_web_server_cpp LD_LIBRARY_PATH=/root/deepracer_ws/aws-deepracer-follow-the-leader-sample-project/deepracer_follow_the_leader_ws/install/deepracer_interfaces_pkg/lib:${LD_LIBRARY_PATH} PYTHONPATH=/root/deepracer_ws/aws-deepracer-follow-the-leader-sample-project/deepracer_follow_the_leader_ws/install/deepracer_interfaces_pkg/lib/python3.8/site-packages:${PYTHONPATH} /usr/bin/cmake --install /root/deepracer_ws/aws-deepracer-follow-the-leader-sample-project/deepracer_follow_the_leader_ws/build/i2c_pkg
