[1.233s] Invoking command in '/root/deepracer_ws/aws-deepracer-follow-the-leader-sample-project/deepracer_follow_the_leader_ws/aws-deepracer-model-optimizer-pkg/model_optimizer_pkg': AMENT_PREFIX_PATH=/root/deepracer_ws/aws-deepracer-follow-the-leader-sample-project/deepracer_follow_the_leader_ws/install/deepracer_interfaces_pkg:${AMENT_PREFIX_PATH} CMAKE_PREFIX_PATH=/root/deepracer_ws/aws-deepracer-follow-the-leader-sample-project/deepracer_follow_the_leader_ws/install/deepracer_interfaces_pkg LD_LIBRARY_PATH=/root/deepracer_ws/aws-deepracer-follow-the-leader-sample-project/deepracer_follow_the_leader_ws/install/deepracer_interfaces_pkg/lib:${LD_LIBRARY_PATH} PYTHONPATH=/root/deepracer_ws/aws-deepracer-follow-the-leader-sample-project/deepracer_follow_the_leader_ws/install/model_optimizer_pkg/lib/python3.8/site-packages:/root/deepracer_ws/aws-deepracer-follow-the-leader-sample-project/deepracer_follow_the_leader_ws/install/deepracer_interfaces_pkg/lib/python3.8/site-packages:${PYTHONPATH} /usr/bin/python3 setup.py egg_info --egg-base ../../build/model_optimizer_pkg build --build-base /root/deepracer_ws/aws-deepracer-follow-the-leader-sample-project/deepracer_follow_the_leader_ws/build/model_optimizer_pkg/build install --prefix /root/deepracer_ws/aws-deepracer-follow-the-leader-sample-project/deepracer_follow_the_leader_ws/install/model_optimizer_pkg --record /root/deepracer_ws/aws-deepracer-follow-the-leader-sample-project/deepracer_follow_the_leader_ws/build/model_optimizer_pkg/install.log --single-version-externally-managed
[2.225s] running egg_info
[2.228s] writing ../../build/model_optimizer_pkg/model_optimizer_pkg.egg-info/PKG-INFO
[2.230s] writing dependency_links to ../../build/model_optimizer_pkg/model_optimizer_pkg.egg-info/dependency_links.txt
[2.232s] writing entry points to ../../build/model_optimizer_pkg/model_optimizer_pkg.egg-info/entry_points.txt
[2.233s] writing requirements to ../../build/model_optimizer_pkg/model_optimizer_pkg.egg-info/requires.txt
[2.234s] writing top-level names to ../../build/model_optimizer_pkg/model_optimizer_pkg.egg-info/top_level.txt
[2.373s] reading manifest file '../../build/model_optimizer_pkg/model_optimizer_pkg.egg-info/SOURCES.txt'
[2.378s] writing manifest file '../../build/model_optimizer_pkg/model_optimizer_pkg.egg-info/SOURCES.txt'
[2.379s] running build
[2.380s] running build_py
[2.382s] running install
[2.389s] running install_lib
[2.395s] running install_data
[2.398s] running install_egg_info
[2.405s] removing '/root/deepracer_ws/aws-deepracer-follow-the-leader-sample-project/deepracer_follow_the_leader_ws/install/model_optimizer_pkg/lib/python3.8/site-packages/model_optimizer_pkg-0.0.1-py3.8.egg-info' (and everything under it)
[2.407s] Copying ../../build/model_optimizer_pkg/model_optimizer_pkg.egg-info to /root/deepracer_ws/aws-deepracer-follow-the-leader-sample-project/deepracer_follow_the_leader_ws/install/model_optimizer_pkg/lib/python3.8/site-packages/model_optimizer_pkg-0.0.1-py3.8.egg-info
[2.411s] running install_scripts
[2.477s] Installing model_optimizer_node script to /root/deepracer_ws/aws-deepracer-follow-the-leader-sample-project/deepracer_follow_the_leader_ws/install/model_optimizer_pkg/lib/model_optimizer_pkg
[2.480s] writing list of installed files to '/root/deepracer_ws/aws-deepracer-follow-the-leader-sample-project/deepracer_follow_the_leader_ws/build/model_optimizer_pkg/install.log'
[2.986s] Invoked command in '/root/deepracer_ws/aws-deepracer-follow-the-leader-sample-project/deepracer_follow_the_leader_ws/aws-deepracer-model-optimizer-pkg/model_optimizer_pkg' returned '0': AMENT_PREFIX_PATH=/root/deepracer_ws/aws-deepracer-follow-the-leader-sample-project/deepracer_follow_the_leader_ws/install/deepracer_interfaces_pkg:${AMENT_PREFIX_PATH} CMAKE_PREFIX_PATH=/root/deepracer_ws/aws-deepracer-follow-the-leader-sample-project/deepracer_follow_the_leader_ws/install/deepracer_interfaces_pkg LD_LIBRARY_PATH=/root/deepracer_ws/aws-deepracer-follow-the-leader-sample-project/deepracer_follow_the_leader_ws/install/deepracer_interfaces_pkg/lib:${LD_LIBRARY_PATH} PYTHONPATH=/root/deepracer_ws/aws-deepracer-follow-the-leader-sample-project/deepracer_follow_the_leader_ws/install/model_optimizer_pkg/lib/python3.8/site-packages:/root/deepracer_ws/aws-deepracer-follow-the-leader-sample-project/deepracer_follow_the_leader_ws/install/deepracer_interfaces_pkg/lib/python3.8/site-packages:${PYTHONPATH} /usr/bin/python3 setup.py egg_info --egg-base ../../build/model_optimizer_pkg build --build-base /root/deepracer_ws/aws-deepracer-follow-the-leader-sample-project/deepracer_follow_the_leader_ws/build/model_optimizer_pkg/build install --prefix /root/deepracer_ws/aws-deepracer-follow-the-leader-sample-project/deepracer_follow_the_leader_ws/install/model_optimizer_pkg --record /root/deepracer_ws/aws-deepracer-follow-the-leader-sample-project/deepracer_follow_the_leader_ws/build/model_optimizer_pkg/install.log --single-version-externally-managed
