[0.131s] Invoking command in '/root/deepracer_ws/aws-deepracer-follow-the-leader-sample-project/deepracer_follow_the_leader_ws/build/rplidar_ros': CMAKE_PREFIX_PATH=/opt/ros/foxy /usr/bin/cmake --build /root/deepracer_ws/aws-deepracer-follow-the-leader-sample-project/deepracer_follow_the_leader_ws/build/rplidar_ros -- -j2 -l2
[0.440s] [ 38%] Built target rplidar_composition_node
[0.966s] [ 50%] Built target rplidarNodeClient
[1.220s] [ 88%] Built target rplidarNode
[1.376s] [100%] Built target rplidar_composition
[1.413s] Invoked command in '/root/deepracer_ws/aws-deepracer-follow-the-leader-sample-project/deepracer_follow_the_leader_ws/build/rplidar_ros' returned '0': CMAKE_PREFIX_PATH=/opt/ros/foxy /usr/bin/cmake --build /root/deepracer_ws/aws-deepracer-follow-the-leader-sample-project/deepracer_follow_the_leader_ws/build/rplidar_ros -- -j2 -l2
[1.638s] Invoking command in '/root/deepracer_ws/aws-deepracer-follow-the-leader-sample-project/deepracer_follow_the_leader_ws/build/rplidar_ros': CMAKE_PREFIX_PATH=/opt/ros/foxy /usr/bin/cmake --install /root/deepracer_ws/aws-deepracer-follow-the-leader-sample-project/deepracer_follow_the_leader_ws/build/rplidar_ros
[1.870s] -- Install configuration: ""
[1.876s] -- Up-to-date: /root/deepracer_ws/aws-deepracer-follow-the-leader-sample-project/deepracer_follow_the_leader_ws/install/rplidar_ros/lib/rplidar_ros/rplidarNode
[1.881s] -- Up-to-date: /root/deepracer_ws/aws-deepracer-follow-the-leader-sample-project/deepracer_follow_the_leader_ws/install/rplidar_ros/lib/rplidar_ros/rplidarNodeClient
[1.888s] -- Up-to-date: /root/deepracer_ws/aws-deepracer-follow-the-leader-sample-project/deepracer_follow_the_leader_ws/install/rplidar_ros/lib/rplidar_ros/rplidar_composition
[1.889s] -- Up-to-date: /root/deepracer_ws/aws-deepracer-follow-the-leader-sample-project/deepracer_follow_the_leader_ws/install/rplidar_ros/share/rplidar_ros/launch
[1.890s] -- Up-to-date: /root/deepracer_ws/aws-deepracer-follow-the-leader-sample-project/deepracer_follow_the_leader_ws/install/rplidar_ros/share/rplidar_ros/launch/rplidar.launch.py
[1.895s] -- Up-to-date: /root/deepracer_ws/aws-deepracer-follow-the-leader-sample-project/deepracer_follow_the_leader_ws/install/rplidar_ros/share/rplidar_ros/launch/rplidar_a3.launch.py
[1.895s] -- Up-to-date: /root/deepracer_ws/aws-deepracer-follow-the-leader-sample-project/deepracer_follow_the_leader_ws/install/rplidar_ros/share/rplidar_ros/launch/rplidar_s1.launch.py
[1.897s] -- Up-to-date: /root/deepracer_ws/aws-deepracer-follow-the-leader-sample-project/deepracer_follow_the_leader_ws/install/rplidar_ros/share/rplidar_ros/launch/rplidar_s1_tcp.launch.py
[1.898s] -- Up-to-date: /root/deepracer_ws/aws-deepracer-follow-the-leader-sample-project/deepracer_follow_the_leader_ws/install/rplidar_ros/share/rplidar_ros/launch/test_rplidar.launch.py
[1.898s] -- Up-to-date: /root/deepracer_ws/aws-deepracer-follow-the-leader-sample-project/deepracer_follow_the_leader_ws/install/rplidar_ros/share/rplidar_ros/launch/test_rplidar_a3.launch.py
[1.898s] -- Up-to-date: /root/deepracer_ws/aws-deepracer-follow-the-leader-sample-project/deepracer_follow_the_leader_ws/install/rplidar_ros/share/rplidar_ros/launch/view_rplidar.launch.py
[1.899s] -- Up-to-date: /root/deepracer_ws/aws-deepracer-follow-the-leader-sample-project/deepracer_follow_the_leader_ws/install/rplidar_ros/share/rplidar_ros/launch/view_rplidar_a3.launch.py
[1.899s] -- Up-to-date: /root/deepracer_ws/aws-deepracer-follow-the-leader-sample-project/deepracer_follow_the_leader_ws/install/rplidar_ros/share/rplidar_ros/launch/view_rplidar_s1.launch.py
[1.899s] -- Up-to-date: /root/deepracer_ws/aws-deepracer-follow-the-leader-sample-project/deepracer_follow_the_leader_ws/install/rplidar_ros/share/rplidar_ros/launch/view_rplidar_s1_tcp.launch.py
[1.899s] -- Up-to-date: /root/deepracer_ws/aws-deepracer-follow-the-leader-sample-project/deepracer_follow_the_leader_ws/install/rplidar_ros/share/rplidar_ros/rviz
[1.901s] -- Up-to-date: /root/deepracer_ws/aws-deepracer-follow-the-leader-sample-project/deepracer_follow_the_leader_ws/install/rplidar_ros/share/rplidar_ros/rviz/rplidar.rviz
[1.908s] -- Up-to-date: /root/deepracer_ws/aws-deepracer-follow-the-leader-sample-project/deepracer_follow_the_leader_ws/install/rplidar_ros/lib/librplidar_composition_node.so
[1.908s] -- Up-to-date: /root/deepracer_ws/aws-deepracer-follow-the-leader-sample-project/deepracer_follow_the_leader_ws/install/rplidar_ros/include
[1.909s] -- Up-to-date: /root/deepracer_ws/aws-deepracer-follow-the-leader-sample-project/deepracer_follow_the_leader_ws/install/rplidar_ros/include/rplidar_node.hpp
[1.909s] -- Up-to-date: /root/deepracer_ws/aws-deepracer-follow-the-leader-sample-project/deepracer_follow_the_leader_ws/install/rplidar_ros/include/visibility.h
[1.909s] -- Up-to-date: /root/deepracer_ws/aws-deepracer-follow-the-leader-sample-project/deepracer_follow_the_leader_ws/install/rplidar_ros/lib/rplidar_ros/rplidarNode
[1.914s] -- Up-to-date: /root/deepracer_ws/aws-deepracer-follow-the-leader-sample-project/deepracer_follow_the_leader_ws/install/rplidar_ros/lib/rplidar_ros/rplidarNodeClient
[1.914s] -- Up-to-date: /root/deepracer_ws/aws-deepracer-follow-the-leader-sample-project/deepracer_follow_the_leader_ws/install/rplidar_ros/lib/rplidar_ros/rplidar_composition
[1.921s] -- Up-to-date: /root/deepracer_ws/aws-deepracer-follow-the-leader-sample-project/deepracer_follow_the_leader_ws/install/rplidar_ros/share/ament_index/resource_index/package_run_dependencies/rplidar_ros
[1.923s] -- Up-to-date: /root/deepracer_ws/aws-deepracer-follow-the-leader-sample-project/deepracer_follow_the_leader_ws/install/rplidar_ros/share/ament_index/resource_index/parent_prefix_path/rplidar_ros
[1.923s] -- Up-to-date: /root/deepracer_ws/aws-deepracer-follow-the-leader-sample-project/deepracer_follow_the_leader_ws/install/rplidar_ros/share/rplidar_ros/environment/ament_prefix_path.sh
[1.924s] -- Up-to-date: /root/deepracer_ws/aws-deepracer-follow-the-leader-sample-project/deepracer_follow_the_leader_ws/install/rplidar_ros/share/rplidar_ros/environment/ament_prefix_path.dsv
[1.924s] -- Up-to-date: /root/deepracer_ws/aws-deepracer-follow-the-leader-sample-project/deepracer_follow_the_leader_ws/install/rplidar_ros/share/rplidar_ros/environment/path.sh
[1.927s] -- Up-to-date: /root/deepracer_ws/aws-deepracer-follow-the-leader-sample-project/deepracer_follow_the_leader_ws/install/rplidar_ros/share/rplidar_ros/environment/path.dsv
[1.927s] -- Up-to-date: /root/deepracer_ws/aws-deepracer-follow-the-leader-sample-project/deepracer_follow_the_leader_ws/install/rplidar_ros/share/rplidar_ros/local_setup.bash
[1.927s] -- Up-to-date: /root/deepracer_ws/aws-deepracer-follow-the-leader-sample-project/deepracer_follow_the_leader_ws/install/rplidar_ros/share/rplidar_ros/local_setup.sh
[1.928s] -- Up-to-date: /root/deepracer_ws/aws-deepracer-follow-the-leader-sample-project/deepracer_follow_the_leader_ws/install/rplidar_ros/share/rplidar_ros/local_setup.zsh
[1.928s] -- Up-to-date: /root/deepracer_ws/aws-deepracer-follow-the-leader-sample-project/deepracer_follow_the_leader_ws/install/rplidar_ros/share/rplidar_ros/local_setup.dsv
[1.928s] -- Installing: /root/deepracer_ws/aws-deepracer-follow-the-leader-sample-project/deepracer_follow_the_leader_ws/install/rplidar_ros/share/rplidar_ros/package.dsv
[1.937s] -- Up-to-date: /root/deepracer_ws/aws-deepracer-follow-the-leader-sample-project/deepracer_follow_the_leader_ws/install/rplidar_ros/share/ament_index/resource_index/packages/rplidar_ros
[1.937s] -- Up-to-date: /root/deepracer_ws/aws-deepracer-follow-the-leader-sample-project/deepracer_follow_the_leader_ws/install/rplidar_ros/share/rplidar_ros/cmake/ament_cmake_export_dependencies-extras.cmake
[1.938s] -- Up-to-date: /root/deepracer_ws/aws-deepracer-follow-the-leader-sample-project/deepracer_follow_the_leader_ws/install/rplidar_ros/share/rplidar_ros/cmake/ament_cmake_export_include_directories-extras.cmake
[1.938s] -- Up-to-date: /root/deepracer_ws/aws-deepracer-follow-the-leader-sample-project/deepracer_follow_the_leader_ws/install/rplidar_ros/share/rplidar_ros/cmake/rplidar_rosConfig.cmake
[1.938s] -- Up-to-date: /root/deepracer_ws/aws-deepracer-follow-the-leader-sample-project/deepracer_follow_the_leader_ws/install/rplidar_ros/share/rplidar_ros/cmake/rplidar_rosConfig-version.cmake
[1.939s] -- Up-to-date: /root/deepracer_ws/aws-deepracer-follow-the-leader-sample-project/deepracer_follow_the_leader_ws/install/rplidar_ros/share/rplidar_ros/package.xml
[1.951s] Invoked command in '/root/deepracer_ws/aws-deepracer-follow-the-leader-sample-project/deepracer_follow_the_leader_ws/build/rplidar_ros' returned '0': CMAKE_PREFIX_PATH=/opt/ros/foxy /usr/bin/cmake --install /root/deepracer_ws/aws-deepracer-follow-the-leader-sample-project/deepracer_follow_the_leader_ws/build/rplidar_ros
