/root/deepracer_ws/aws-deepracer-follow-the-leader-sample-project/deepracer_follow_the_leader_ws/install/status_led_pkg/lib/python3.8/site-packages/status_led_pkg/__init__.py
/root/deepracer_ws/aws-deepracer-follow-the-leader-sample-project/deepracer_follow_the_leader_ws/install/status_led_pkg/lib/python3.8/site-packages/status_led_pkg/constants.py
/root/deepracer_ws/aws-deepracer-follow-the-leader-sample-project/deepracer_follow_the_leader_ws/install/status_led_pkg/lib/python3.8/site-packages/status_led_pkg/gpio_module.py
/root/deepracer_ws/aws-deepracer-follow-the-leader-sample-project/deepracer_follow_the_leader_ws/install/status_led_pkg/lib/python3.8/site-packages/status_led_pkg/led_control.py
/root/deepracer_ws/aws-deepracer-follow-the-leader-sample-project/deepracer_follow_the_leader_ws/install/status_led_pkg/lib/python3.8/site-packages/status_led_pkg/status_led_node.py
/root/deepracer_ws/aws-deepracer-follow-the-leader-sample-project/deepracer_follow_the_leader_ws/install/status_led_pkg/lib/python3.8/site-packages/status_led_pkg/__pycache__/__init__.cpython-38.pyc
/root/deepracer_ws/aws-deepracer-follow-the-leader-sample-project/deepracer_follow_the_leader_ws/install/status_led_pkg/lib/python3.8/site-packages/status_led_pkg/__pycache__/constants.cpython-38.pyc
/root/deepracer_ws/aws-deepracer-follow-the-leader-sample-project/deepracer_follow_the_leader_ws/install/status_led_pkg/lib/python3.8/site-packages/status_led_pkg/__pycache__/gpio_module.cpython-38.pyc
/root/deepracer_ws/aws-deepracer-follow-the-leader-sample-project/deepracer_follow_the_leader_ws/install/status_led_pkg/lib/python3.8/site-packages/status_led_pkg/__pycache__/led_control.cpython-38.pyc
/root/deepracer_ws/aws-deepracer-follow-the-leader-sample-project/deepracer_follow_the_leader_ws/install/status_led_pkg/lib/python3.8/site-packages/status_led_pkg/__pycache__/status_led_node.cpython-38.pyc
/root/deepracer_ws/aws-deepracer-follow-the-leader-sample-project/deepracer_follow_the_leader_ws/install/status_led_pkg/share/ament_index/resource_index/packages/status_led_pkg
/root/deepracer_ws/aws-deepracer-follow-the-leader-sample-project/deepracer_follow_the_leader_ws/install/status_led_pkg/share/status_led_pkg/package.xml
/root/deepracer_ws/aws-deepracer-follow-the-leader-sample-project/deepracer_follow_the_leader_ws/install/status_led_pkg/share/status_led_pkg/status_led_pkg_launch.py
/root/deepracer_ws/aws-deepracer-follow-the-leader-sample-project/deepracer_follow_the_leader_ws/install/status_led_pkg/lib/python3.8/site-packages/status_led_pkg-0.0.1-py3.8.egg-info/PKG-INFO
/root/deepracer_ws/aws-deepracer-follow-the-leader-sample-project/deepracer_follow_the_leader_ws/install/status_led_pkg/lib/python3.8/site-packages/status_led_pkg-0.0.1-py3.8.egg-info/zip-safe
/root/deepracer_ws/aws-deepracer-follow-the-leader-sample-project/deepracer_follow_the_leader_ws/install/status_led_pkg/lib/python3.8/site-packages/status_led_pkg-0.0.1-py3.8.egg-info/dependency_links.txt
/root/deepracer_ws/aws-deepracer-follow-the-leader-sample-project/deepracer_follow_the_leader_ws/install/status_led_pkg/lib/python3.8/site-packages/status_led_pkg-0.0.1-py3.8.egg-info/entry_points.txt
/root/deepracer_ws/aws-deepracer-follow-the-leader-sample-project/deepracer_follow_the_leader_ws/install/status_led_pkg/lib/python3.8/site-packages/status_led_pkg-0.0.1-py3.8.egg-info/requires.txt
/root/deepracer_ws/aws-deepracer-follow-the-leader-sample-project/deepracer_follow_the_leader_ws/install/status_led_pkg/lib/python3.8/site-packages/status_led_pkg-0.0.1-py3.8.egg-info/top_level.txt
/root/deepracer_ws/aws-deepracer-follow-the-leader-sample-project/deepracer_follow_the_leader_ws/install/status_led_pkg/lib/python3.8/site-packages/status_led_pkg-0.0.1-py3.8.egg-info/SOURCES.txt
/root/deepracer_ws/aws-deepracer-follow-the-leader-sample-project/deepracer_follow_the_leader_ws/install/status_led_pkg/lib/status_led_pkg/status_led_node
