[0.950s] Invoking command in '/root/deepracer_ws/aws-deepracer-follow-the-leader-sample-project/deepracer_follow_the_leader_ws/aws-deepracer-status-led-pkg/status_led_pkg': AMENT_PREFIX_PATH=/root/deepracer_ws/aws-deepracer-follow-the-leader-sample-project/deepracer_follow_the_leader_ws/install/deepracer_interfaces_pkg CMAKE_PREFIX_PATH=/root/deepracer_ws/aws-deepracer-follow-the-leader-sample-project/deepracer_follow_the_leader_ws/install/deepracer_interfaces_pkg LD_LIBRARY_PATH=/root/deepracer_ws/aws-deepracer-follow-the-leader-sample-project/deepracer_follow_the_leader_ws/install/deepracer_interfaces_pkg/lib PYTHONPATH=/root/deepracer_ws/aws-deepracer-follow-the-leader-sample-project/deepracer_follow_the_leader_ws/install/status_led_pkg/lib/python3.8/site-packages:/root/deepracer_ws/aws-deepracer-follow-the-leader-sample-project/deepracer_follow_the_leader_ws/install/deepracer_interfaces_pkg/lib/python3.8/site-packages /usr/bin/python3 setup.py egg_info --egg-base ../../build/status_led_pkg build --build-base /root/deepracer_ws/aws-deepracer-follow-the-leader-sample-project/deepracer_follow_the_leader_ws/build/status_led_pkg/build install --prefix /root/deepracer_ws/aws-deepracer-follow-the-leader-sample-project/deepracer_follow_the_leader_ws/install/status_led_pkg --record /root/deepracer_ws/aws-deepracer-follow-the-leader-sample-project/deepracer_follow_the_leader_ws/build/status_led_pkg/install.log --single-version-externally-managed
[1.732s] running egg_info
[1.735s] writing ../../build/status_led_pkg/status_led_pkg.egg-info/PKG-INFO
[1.737s] writing dependency_links to ../../build/status_led_pkg/status_led_pkg.egg-info/dependency_links.txt
[1.738s] writing entry points to ../../build/status_led_pkg/status_led_pkg.egg-info/entry_points.txt
[1.740s] writing requirements to ../../build/status_led_pkg/status_led_pkg.egg-info/requires.txt
[1.741s] writing top-level names to ../../build/status_led_pkg/status_led_pkg.egg-info/top_level.txt
[1.876s] reading manifest file '../../build/status_led_pkg/status_led_pkg.egg-info/SOURCES.txt'
[1.880s] writing manifest file '../../build/status_led_pkg/status_led_pkg.egg-info/SOURCES.txt'
[1.881s] running build
[1.882s] running build_py
[1.884s] running install
[1.888s] running install_lib
[1.894s] running install_data
[1.898s] running install_egg_info
[1.904s] removing '/root/deepracer_ws/aws-deepracer-follow-the-leader-sample-project/deepracer_follow_the_leader_ws/install/status_led_pkg/lib/python3.8/site-packages/status_led_pkg-0.0.1-py3.8.egg-info' (and everything under it)
[1.907s] Copying ../../build/status_led_pkg/status_led_pkg.egg-info to /root/deepracer_ws/aws-deepracer-follow-the-leader-sample-project/deepracer_follow_the_leader_ws/install/status_led_pkg/lib/python3.8/site-packages/status_led_pkg-0.0.1-py3.8.egg-info
[1.911s] running install_scripts
[1.971s] Installing status_led_node script to /root/deepracer_ws/aws-deepracer-follow-the-leader-sample-project/deepracer_follow_the_leader_ws/install/status_led_pkg/lib/status_led_pkg
[1.974s] writing list of installed files to '/root/deepracer_ws/aws-deepracer-follow-the-leader-sample-project/deepracer_follow_the_leader_ws/build/status_led_pkg/install.log'
[2.052s] Invoked command in '/root/deepracer_ws/aws-deepracer-follow-the-leader-sample-project/deepracer_follow_the_leader_ws/aws-deepracer-status-led-pkg/status_led_pkg' returned '0': AMENT_PREFIX_PATH=/root/deepracer_ws/aws-deepracer-follow-the-leader-sample-project/deepracer_follow_the_leader_ws/install/deepracer_interfaces_pkg CMAKE_PREFIX_PATH=/root/deepracer_ws/aws-deepracer-follow-the-leader-sample-project/deepracer_follow_the_leader_ws/install/deepracer_interfaces_pkg LD_LIBRARY_PATH=/root/deepracer_ws/aws-deepracer-follow-the-leader-sample-project/deepracer_follow_the_leader_ws/install/deepracer_interfaces_pkg/lib PYTHONPATH=/root/deepracer_ws/aws-deepracer-follow-the-leader-sample-project/deepracer_follow_the_leader_ws/install/status_led_pkg/lib/python3.8/site-packages:/root/deepracer_ws/aws-deepracer-follow-the-leader-sample-project/deepracer_follow_the_leader_ws/install/deepracer_interfaces_pkg/lib/python3.8/site-packages /usr/bin/python3 setup.py egg_info --egg-base ../../build/status_led_pkg build --build-base /root/deepracer_ws/aws-deepracer-follow-the-leader-sample-project/deepracer_follow_the_leader_ws/build/status_led_pkg/build install --prefix /root/deepracer_ws/aws-deepracer-follow-the-leader-sample-project/deepracer_follow_the_leader_ws/install/status_led_pkg --record /root/deepracer_ws/aws-deepracer-follow-the-leader-sample-project/deepracer_follow_the_leader_ws/build/status_led_pkg/install.log --single-version-externally-managed
