running egg_info
creating ../../build/device_info_pkg/device_info_pkg.egg-info
writing ../../build/device_info_pkg/device_info_pkg.egg-info/PKG-INFO
writing dependency_links to ../../build/device_info_pkg/device_info_pkg.egg-info/dependency_links.txt
writing entry points to ../../build/device_info_pkg/device_info_pkg.egg-info/entry_points.txt
writing requirements to ../../build/device_info_pkg/device_info_pkg.egg-info/requires.txt
writing top-level names to ../../build/device_info_pkg/device_info_pkg.egg-info/top_level.txt
writing manifest file '../../build/device_info_pkg/device_info_pkg.egg-info/SOURCES.txt'
reading manifest file '../../build/device_info_pkg/device_info_pkg.egg-info/SOURCES.txt'
writing manifest file '../../build/device_info_pkg/device_info_pkg.egg-info/SOURCES.txt'
running build
running build_py
creating /root/deepracer_ws/aws-deepracer-follow-the-leader-sample-project/deepracer_follow_the_leader_ws/build/device_info_pkg/build
creating /root/deepracer_ws/aws-deepracer-follow-the-leader-sample-project/deepracer_follow_the_leader_ws/build/device_info_pkg/build/lib
creating /root/deepracer_ws/aws-deepracer-follow-the-leader-sample-project/deepracer_follow_the_leader_ws/build/device_info_pkg/build/lib/device_info_pkg
copying device_info_pkg/__init__.py -> /root/deepracer_ws/aws-deepracer-follow-the-leader-sample-project/deepracer_follow_the_leader_ws/build/device_info_pkg/build/lib/device_info_pkg
copying device_info_pkg/constants.py -> /root/deepracer_ws/aws-deepracer-follow-the-leader-sample-project/deepracer_follow_the_leader_ws/build/device_info_pkg/build/lib/device_info_pkg
copying device_info_pkg/device_info_node.py -> /root/deepracer_ws/aws-deepracer-follow-the-leader-sample-project/deepracer_follow_the_leader_ws/build/device_info_pkg/build/lib/device_info_pkg
copying device_info_pkg/gpio_module.py -> /root/deepracer_ws/aws-deepracer-follow-the-leader-sample-project/deepracer_follow_the_leader_ws/build/device_info_pkg/build/lib/device_info_pkg
running install
running install_lib
creating /root/deepracer_ws/aws-deepracer-follow-the-leader-sample-project/deepracer_follow_the_leader_ws/install/device_info_pkg/lib/python3.8/site-packages/device_info_pkg
copying /root/deepracer_ws/aws-deepracer-follow-the-leader-sample-project/deepracer_follow_the_leader_ws/build/device_info_pkg/build/lib/device_info_pkg/__init__.py -> /root/deepracer_ws/aws-deepracer-follow-the-leader-sample-project/deepracer_follow_the_leader_ws/install/device_info_pkg/lib/python3.8/site-packages/device_info_pkg
copying /root/deepracer_ws/aws-deepracer-follow-the-leader-sample-project/deepracer_follow_the_leader_ws/build/device_info_pkg/build/lib/device_info_pkg/constants.py -> /root/deepracer_ws/aws-deepracer-follow-the-leader-sample-project/deepracer_follow_the_leader_ws/install/device_info_pkg/lib/python3.8/site-packages/device_info_pkg
copying /root/deepracer_ws/aws-deepracer-follow-the-leader-sample-project/deepracer_follow_the_leader_ws/build/device_info_pkg/build/lib/device_info_pkg/device_info_node.py -> /root/deepracer_ws/aws-deepracer-follow-the-leader-sample-project/deepracer_follow_the_leader_ws/install/device_info_pkg/lib/python3.8/site-packages/device_info_pkg
copying /root/deepracer_ws/aws-deepracer-follow-the-leader-sample-project/deepracer_follow_the_leader_ws/build/device_info_pkg/build/lib/device_info_pkg/gpio_module.py -> /root/deepracer_ws/aws-deepracer-follow-the-leader-sample-project/deepracer_follow_the_leader_ws/install/device_info_pkg/lib/python3.8/site-packages/device_info_pkg
byte-compiling /root/deepracer_ws/aws-deepracer-follow-the-leader-sample-project/deepracer_follow_the_leader_ws/install/device_info_pkg/lib/python3.8/site-packages/device_info_pkg/__init__.py to __init__.cpython-38.pyc
byte-compiling /root/deepracer_ws/aws-deepracer-follow-the-leader-sample-project/deepracer_follow_the_leader_ws/install/device_info_pkg/lib/python3.8/site-packages/device_info_pkg/constants.py to constants.cpython-38.pyc
byte-compiling /root/deepracer_ws/aws-deepracer-follow-the-leader-sample-project/deepracer_follow_the_leader_ws/install/device_info_pkg/lib/python3.8/site-packages/device_info_pkg/device_info_node.py to device_info_node.cpython-38.pyc
byte-compiling /root/deepracer_ws/aws-deepracer-follow-the-leader-sample-project/deepracer_follow_the_leader_ws/install/device_info_pkg/lib/python3.8/site-packages/device_info_pkg/gpio_module.py to gpio_module.cpython-38.pyc
running install_data
creating /root/deepracer_ws/aws-deepracer-follow-the-leader-sample-project/deepracer_follow_the_leader_ws/install/device_info_pkg/share/ament_index
creating /root/deepracer_ws/aws-deepracer-follow-the-leader-sample-project/deepracer_follow_the_leader_ws/install/device_info_pkg/share/ament_index/resource_index
creating /root/deepracer_ws/aws-deepracer-follow-the-leader-sample-project/deepracer_follow_the_leader_ws/install/device_info_pkg/share/ament_index/resource_index/packages
copying resource/device_info_pkg -> /root/deepracer_ws/aws-deepracer-follow-the-leader-sample-project/deepracer_follow_the_leader_ws/install/device_info_pkg/share/ament_index/resource_index/packages
copying package.xml -> /root/deepracer_ws/aws-deepracer-follow-the-leader-sample-project/deepracer_follow_the_leader_ws/install/device_info_pkg/share/device_info_pkg
copying launch/device_info_pkg_launch.py -> /root/deepracer_ws/aws-deepracer-follow-the-leader-sample-project/deepracer_follow_the_leader_ws/install/device_info_pkg/share/device_info_pkg
running install_egg_info
Copying ../../build/device_info_pkg/device_info_pkg.egg-info to /root/deepracer_ws/aws-deepracer-follow-the-leader-sample-project/deepracer_follow_the_leader_ws/install/device_info_pkg/lib/python3.8/site-packages/device_info_pkg-0.0.1-py3.8.egg-info
running install_scripts
Installing device_info_node script to /root/deepracer_ws/aws-deepracer-follow-the-leader-sample-project/deepracer_follow_the_leader_ws/install/device_info_pkg/lib/device_info_pkg
writing list of installed files to '/root/deepracer_ws/aws-deepracer-follow-the-leader-sample-project/deepracer_follow_the_leader_ws/build/device_info_pkg/install.log'
