[1.188s] Invoking command in '/root/deepracer_ws/aws-deepracer-follow-the-leader-sample-project/deepracer_follow_the_leader_ws/aws-deepracer-model-optimizer-pkg/model_optimizer_pkg': AMENT_PREFIX_PATH=/root/deepracer_ws/aws-deepracer-follow-the-leader-sample-project/deepracer_follow_the_leader_ws/install/deepracer_interfaces_pkg:${AMENT_PREFIX_PATH} CMAKE_PREFIX_PATH=/root/deepracer_ws/aws-deepracer-follow-the-leader-sample-project/deepracer_follow_the_leader_ws/install/deepracer_interfaces_pkg:${CMAKE_PREFIX_PATH} LD_LIBRARY_PATH=/root/deepracer_ws/aws-deepracer-follow-the-leader-sample-project/deepracer_follow_the_leader_ws/install/deepracer_interfaces_pkg/lib:${LD_LIBRARY_PATH} PYTHONPATH=/root/deepracer_ws/aws-deepracer-follow-the-leader-sample-project/deepracer_follow_the_leader_ws/install/model_optimizer_pkg/lib/python3.8/site-packages:/root/deepracer_ws/aws-deepracer-follow-the-leader-sample-project/deepracer_follow_the_leader_ws/install/deepracer_interfaces_pkg/lib/python3.8/site-packages:${PYTHONPATH} /usr/bin/python3 setup.py egg_info --egg-base ../../build/model_optimizer_pkg build --build-base /root/deepracer_ws/aws-deepracer-follow-the-leader-sample-project/deepracer_follow_the_leader_ws/build/model_optimizer_pkg/build install --prefix /root/deepracer_ws/aws-deepracer-follow-the-leader-sample-project/deepracer_follow_the_leader_ws/install/model_optimizer_pkg --record /root/deepracer_ws/aws-deepracer-follow-the-leader-sample-project/deepracer_follow_the_leader_ws/build/model_optimizer_pkg/install.log --single-version-externally-managed
[2.283s] running egg_info
[2.286s] writing ../../build/model_optimizer_pkg/model_optimizer_pkg.egg-info/PKG-INFO
[2.288s] writing dependency_links to ../../build/model_optimizer_pkg/model_optimizer_pkg.egg-info/dependency_links.txt
[2.288s] writing entry points to ../../build/model_optimizer_pkg/model_optimizer_pkg.egg-info/entry_points.txt
[2.289s] writing requirements to ../../build/model_optimizer_pkg/model_optimizer_pkg.egg-info/requires.txt
[2.289s] writing top-level names to ../../build/model_optimizer_pkg/model_optimizer_pkg.egg-info/top_level.txt
[2.437s] reading manifest file '../../build/model_optimizer_pkg/model_optimizer_pkg.egg-info/SOURCES.txt'
[2.441s] writing manifest file '../../build/model_optimizer_pkg/model_optimizer_pkg.egg-info/SOURCES.txt'
[2.442s] running build
[2.442s] running build_py
[2.443s] running install
[2.446s] running install_lib
[2.452s] running install_data
[2.454s] running install_egg_info
[2.460s] removing '/root/deepracer_ws/aws-deepracer-follow-the-leader-sample-project/deepracer_follow_the_leader_ws/install/model_optimizer_pkg/lib/python3.8/site-packages/model_optimizer_pkg-0.0.1-py3.8.egg-info' (and everything under it)
[2.462s] Copying ../../build/model_optimizer_pkg/model_optimizer_pkg.egg-info to /root/deepracer_ws/aws-deepracer-follow-the-leader-sample-project/deepracer_follow_the_leader_ws/install/model_optimizer_pkg/lib/python3.8/site-packages/model_optimizer_pkg-0.0.1-py3.8.egg-info
[2.465s] running install_scripts
[2.534s] Installing model_optimizer_node script to /root/deepracer_ws/aws-deepracer-follow-the-leader-sample-project/deepracer_follow_the_leader_ws/install/model_optimizer_pkg/lib/model_optimizer_pkg
[2.536s] writing list of installed files to '/root/deepracer_ws/aws-deepracer-follow-the-leader-sample-project/deepracer_follow_the_leader_ws/build/model_optimizer_pkg/install.log'
[3.236s] Invoked command in '/root/deepracer_ws/aws-deepracer-follow-the-leader-sample-project/deepracer_follow_the_leader_ws/aws-deepracer-model-optimizer-pkg/model_optimizer_pkg' returned '0': AMENT_PREFIX_PATH=/root/deepracer_ws/aws-deepracer-follow-the-leader-sample-project/deepracer_follow_the_leader_ws/install/deepracer_interfaces_pkg:${AMENT_PREFIX_PATH} CMAKE_PREFIX_PATH=/root/deepracer_ws/aws-deepracer-follow-the-leader-sample-project/deepracer_follow_the_leader_ws/install/deepracer_interfaces_pkg:${CMAKE_PREFIX_PATH} LD_LIBRARY_PATH=/root/deepracer_ws/aws-deepracer-follow-the-leader-sample-project/deepracer_follow_the_leader_ws/install/deepracer_interfaces_pkg/lib:${LD_LIBRARY_PATH} PYTHONPATH=/root/deepracer_ws/aws-deepracer-follow-the-leader-sample-project/deepracer_follow_the_leader_ws/install/model_optimizer_pkg/lib/python3.8/site-packages:/root/deepracer_ws/aws-deepracer-follow-the-leader-sample-project/deepracer_follow_the_leader_ws/install/deepracer_interfaces_pkg/lib/python3.8/site-packages:${PYTHONPATH} /usr/bin/python3 setup.py egg_info --egg-base ../../build/model_optimizer_pkg build --build-base /root/deepracer_ws/aws-deepracer-follow-the-leader-sample-project/deepracer_follow_the_leader_ws/build/model_optimizer_pkg/build install --prefix /root/deepracer_ws/aws-deepracer-follow-the-leader-sample-project/deepracer_follow_the_leader_ws/install/model_optimizer_pkg --record /root/deepracer_ws/aws-deepracer-follow-the-leader-sample-project/deepracer_follow_the_leader_ws/build/model_optimizer_pkg/install.log --single-version-externally-managed
