[0.263s] Invoking command in '/root/deepracer_ws/aws-deepracer-follow-the-leader-sample-project/deepracer_follow_the_leader_ws/build/async_web_server_cpp': /usr/bin/cmake --build /root/deepracer_ws/aws-deepracer-follow-the-leader-sample-project/deepracer_follow_the_leader_ws/build/async_web_server_cpp -- -j2 -l2
[0.573s] [ 83%] Built target async_web_server_cpp
[0.696s] [100%] Built target test_web_server
[0.740s] Invoked command in '/root/deepracer_ws/aws-deepracer-follow-the-leader-sample-project/deepracer_follow_the_leader_ws/build/async_web_server_cpp' returned '0': /usr/bin/cmake --build /root/deepracer_ws/aws-deepracer-follow-the-leader-sample-project/deepracer_follow_the_leader_ws/build/async_web_server_cpp -- -j2 -l2
[1.164s] Invoking command in '/root/deepracer_ws/aws-deepracer-follow-the-leader-sample-project/deepracer_follow_the_leader_ws/build/async_web_server_cpp': /usr/bin/cmake --install /root/deepracer_ws/aws-deepracer-follow-the-leader-sample-project/deepracer_follow_the_leader_ws/build/async_web_server_cpp
[1.359s] -- Install configuration: ""
[1.360s] -- Up-to-date: /root/deepracer_ws/aws-deepracer-follow-the-leader-sample-project/deepracer_follow_the_leader_ws/install/async_web_server_cpp/share/async_web_server_cpp/environment/library_path.sh
[1.361s] -- Up-to-date: /root/deepracer_ws/aws-deepracer-follow-the-leader-sample-project/deepracer_follow_the_leader_ws/install/async_web_server_cpp/share/async_web_server_cpp/environment/library_path.dsv
[1.361s] -- Up-to-date: /root/deepracer_ws/aws-deepracer-follow-the-leader-sample-project/deepracer_follow_the_leader_ws/install/async_web_server_cpp/share/ament_index/resource_index/package_run_dependencies/async_web_server_cpp
[1.362s] -- Up-to-date: /root/deepracer_ws/aws-deepracer-follow-the-leader-sample-project/deepracer_follow_the_leader_ws/install/async_web_server_cpp/share/ament_index/resource_index/parent_prefix_path/async_web_server_cpp
[1.363s] -- Up-to-date: /root/deepracer_ws/aws-deepracer-follow-the-leader-sample-project/deepracer_follow_the_leader_ws/install/async_web_server_cpp/share/async_web_server_cpp/environment/ament_prefix_path.sh
[1.363s] -- Up-to-date: /root/deepracer_ws/aws-deepracer-follow-the-leader-sample-project/deepracer_follow_the_leader_ws/install/async_web_server_cpp/share/async_web_server_cpp/environment/ament_prefix_path.dsv
[1.364s] -- Up-to-date: /root/deepracer_ws/aws-deepracer-follow-the-leader-sample-project/deepracer_follow_the_leader_ws/install/async_web_server_cpp/share/async_web_server_cpp/environment/path.sh
[1.365s] -- Up-to-date: /root/deepracer_ws/aws-deepracer-follow-the-leader-sample-project/deepracer_follow_the_leader_ws/install/async_web_server_cpp/share/async_web_server_cpp/environment/path.dsv
[1.367s] -- Up-to-date: /root/deepracer_ws/aws-deepracer-follow-the-leader-sample-project/deepracer_follow_the_leader_ws/install/async_web_server_cpp/share/async_web_server_cpp/local_setup.bash
[1.367s] -- Up-to-date: /root/deepracer_ws/aws-deepracer-follow-the-leader-sample-project/deepracer_follow_the_leader_ws/install/async_web_server_cpp/share/async_web_server_cpp/local_setup.sh
[1.367s] -- Up-to-date: /root/deepracer_ws/aws-deepracer-follow-the-leader-sample-project/deepracer_follow_the_leader_ws/install/async_web_server_cpp/share/async_web_server_cpp/local_setup.zsh
[1.368s] -- Up-to-date: /root/deepracer_ws/aws-deepracer-follow-the-leader-sample-project/deepracer_follow_the_leader_ws/install/async_web_server_cpp/share/async_web_server_cpp/local_setup.dsv
[1.368s] -- Installing: /root/deepracer_ws/aws-deepracer-follow-the-leader-sample-project/deepracer_follow_the_leader_ws/install/async_web_server_cpp/share/async_web_server_cpp/package.dsv
[1.368s] -- Up-to-date: /root/deepracer_ws/aws-deepracer-follow-the-leader-sample-project/deepracer_follow_the_leader_ws/install/async_web_server_cpp/share/ament_index/resource_index/packages/async_web_server_cpp
[1.369s] -- Up-to-date: /root/deepracer_ws/aws-deepracer-follow-the-leader-sample-project/deepracer_follow_the_leader_ws/install/async_web_server_cpp/share/async_web_server_cpp/cmake/ament_cmake_export_dependencies-extras.cmake
[1.369s] -- Up-to-date: /root/deepracer_ws/aws-deepracer-follow-the-leader-sample-project/deepracer_follow_the_leader_ws/install/async_web_server_cpp/share/async_web_server_cpp/cmake/ament_cmake_export_include_directories-extras.cmake
[1.369s] -- Up-to-date: /root/deepracer_ws/aws-deepracer-follow-the-leader-sample-project/deepracer_follow_the_leader_ws/install/async_web_server_cpp/share/async_web_server_cpp/cmake/ament_cmake_export_libraries-extras.cmake
[1.369s] -- Up-to-date: /root/deepracer_ws/aws-deepracer-follow-the-leader-sample-project/deepracer_follow_the_leader_ws/install/async_web_server_cpp/share/async_web_server_cpp/cmake/async_web_server_cppConfig.cmake
[1.370s] -- Up-to-date: /root/deepracer_ws/aws-deepracer-follow-the-leader-sample-project/deepracer_follow_the_leader_ws/install/async_web_server_cpp/share/async_web_server_cpp/cmake/async_web_server_cppConfig-version.cmake
[1.370s] -- Up-to-date: /root/deepracer_ws/aws-deepracer-follow-the-leader-sample-project/deepracer_follow_the_leader_ws/install/async_web_server_cpp/share/async_web_server_cpp/package.xml
[1.383s] -- Up-to-date: /root/deepracer_ws/aws-deepracer-follow-the-leader-sample-project/deepracer_follow_the_leader_ws/install/async_web_server_cpp/lib/libasync_web_server_cpp.so
[1.389s] -- Up-to-date: /root/deepracer_ws/aws-deepracer-follow-the-leader-sample-project/deepracer_follow_the_leader_ws/install/async_web_server_cpp/include/async_web_server_cpp
[1.390s] -- Up-to-date: /root/deepracer_ws/aws-deepracer-follow-the-leader-sample-project/deepracer_follow_the_leader_ws/install/async_web_server_cpp/include/async_web_server_cpp/http_header.hpp
[1.391s] -- Up-to-date: /root/deepracer_ws/aws-deepracer-follow-the-leader-sample-project/deepracer_follow_the_leader_ws/install/async_web_server_cpp/include/async_web_server_cpp/http_request.hpp
[1.391s] -- Up-to-date: /root/deepracer_ws/aws-deepracer-follow-the-leader-sample-project/deepracer_follow_the_leader_ws/install/async_web_server_cpp/include/async_web_server_cpp/http_request_handler.hpp
[1.392s] -- Up-to-date: /root/deepracer_ws/aws-deepracer-follow-the-leader-sample-project/deepracer_follow_the_leader_ws/install/async_web_server_cpp/include/async_web_server_cpp/http_request_parser.hpp
[1.392s] -- Up-to-date: /root/deepracer_ws/aws-deepracer-follow-the-leader-sample-project/deepracer_follow_the_leader_ws/install/async_web_server_cpp/include/async_web_server_cpp/http_server.hpp
[1.392s] -- Up-to-date: /root/deepracer_ws/aws-deepracer-follow-the-leader-sample-project/deepracer_follow_the_leader_ws/install/async_web_server_cpp/include/async_web_server_cpp/websocket_connection.hpp
[1.393s] -- Up-to-date: /root/deepracer_ws/aws-deepracer-follow-the-leader-sample-project/deepracer_follow_the_leader_ws/install/async_web_server_cpp/include/async_web_server_cpp/websocket_message.hpp
[1.393s] -- Up-to-date: /root/deepracer_ws/aws-deepracer-follow-the-leader-sample-project/deepracer_follow_the_leader_ws/install/async_web_server_cpp/include/async_web_server_cpp/websocket_request_handler.hpp
[1.393s] -- Up-to-date: /root/deepracer_ws/aws-deepracer-follow-the-leader-sample-project/deepracer_follow_the_leader_ws/install/async_web_server_cpp/include/async_web_server_cpp/http_connection.hpp
[1.394s] -- Up-to-date: /root/deepracer_ws/aws-deepracer-follow-the-leader-sample-project/deepracer_follow_the_leader_ws/install/async_web_server_cpp/include/async_web_server_cpp/http_reply.hpp
[1.395s] Invoked command in '/root/deepracer_ws/aws-deepracer-follow-the-leader-sample-project/deepracer_follow_the_leader_ws/build/async_web_server_cpp' returned '0': /usr/bin/cmake --install /root/deepracer_ws/aws-deepracer-follow-the-leader-sample-project/deepracer_follow_the_leader_ws/build/async_web_server_cpp
