[0.227s] Invoking command in '/root/deepracer_ws/aws-deepracer-follow-the-leader-sample-project/deepracer_follow_the_leader_ws/build/inference_pkg': AMENT_PREFIX_PATH=/root/deepracer_ws/aws-deepracer-follow-the-leader-sample-project/deepracer_follow_the_leader_ws/install/deepracer_interfaces_pkg:${AMENT_PREFIX_PATH} CMAKE_PREFIX_PATH=/root/deepracer_ws/aws-deepracer-follow-the-leader-sample-project/deepracer_follow_the_leader_ws/install/deepracer_interfaces_pkg:/opt/ros/foxy LD_LIBRARY_PATH=/root/deepracer_ws/aws-deepracer-follow-the-leader-sample-project/deepracer_follow_the_leader_ws/install/deepracer_interfaces_pkg/lib:${LD_LIBRARY_PATH} PYTHONPATH=/root/deepracer_ws/aws-deepracer-follow-the-leader-sample-project/deepracer_follow_the_leader_ws/install/deepracer_interfaces_pkg/lib/python3.8/site-packages:${PYTHONPATH} /usr/bin/cmake --build /root/deepracer_ws/aws-deepracer-follow-the-leader-sample-project/deepracer_follow_the_leader_ws/build/inference_pkg -- -j2 -l2
[0.791s] [100%] Built target inference_node
[0.898s] Invoked command in '/root/deepracer_ws/aws-deepracer-follow-the-leader-sample-project/deepracer_follow_the_leader_ws/build/inference_pkg' returned '0': AMENT_PREFIX_PATH=/root/deepracer_ws/aws-deepracer-follow-the-leader-sample-project/deepracer_follow_the_leader_ws/install/deepracer_interfaces_pkg:${AMENT_PREFIX_PATH} CMAKE_PREFIX_PATH=/root/deepracer_ws/aws-deepracer-follow-the-leader-sample-project/deepracer_follow_the_leader_ws/install/deepracer_interfaces_pkg:/opt/ros/foxy LD_LIBRARY_PATH=/root/deepracer_ws/aws-deepracer-follow-the-leader-sample-project/deepracer_follow_the_leader_ws/install/deepracer_interfaces_pkg/lib:${LD_LIBRARY_PATH} PYTHONPATH=/root/deepracer_ws/aws-deepracer-follow-the-leader-sample-project/deepracer_follow_the_leader_ws/install/deepracer_interfaces_pkg/lib/python3.8/site-packages:${PYTHONPATH} /usr/bin/cmake --build /root/deepracer_ws/aws-deepracer-follow-the-leader-sample-project/deepracer_follow_the_leader_ws/build/inference_pkg -- -j2 -l2
[1.934s] Invoking command in '/root/deepracer_ws/aws-deepracer-follow-the-leader-sample-project/deepracer_follow_the_leader_ws/build/inference_pkg': AMENT_PREFIX_PATH=/root/deepracer_ws/aws-deepracer-follow-the-leader-sample-project/deepracer_follow_the_leader_ws/install/deepracer_interfaces_pkg:${AMENT_PREFIX_PATH} CMAKE_PREFIX_PATH=/root/deepracer_ws/aws-deepracer-follow-the-leader-sample-project/deepracer_follow_the_leader_ws/install/deepracer_interfaces_pkg:/opt/ros/foxy LD_LIBRARY_PATH=/root/deepracer_ws/aws-deepracer-follow-the-leader-sample-project/deepracer_follow_the_leader_ws/install/deepracer_interfaces_pkg/lib:${LD_LIBRARY_PATH} PYTHONPATH=/root/deepracer_ws/aws-deepracer-follow-the-leader-sample-project/deepracer_follow_the_leader_ws/install/deepracer_interfaces_pkg/lib/python3.8/site-packages:${PYTHONPATH} /usr/bin/cmake --install /root/deepracer_ws/aws-deepracer-follow-the-leader-sample-project/deepracer_follow_the_leader_ws/build/inference_pkg
[2.133s] -- Install configuration: ""
[2.142s] -- Up-to-date: /root/deepracer_ws/aws-deepracer-follow-the-leader-sample-project/deepracer_follow_the_leader_ws/install/inference_pkg/lib/inference_pkg/inference_node
[2.143s] -- Up-to-date: /root/deepracer_ws/aws-deepracer-follow-the-leader-sample-project/deepracer_follow_the_leader_ws/install/inference_pkg/include
[2.143s] -- Up-to-date: /root/deepracer_ws/aws-deepracer-follow-the-leader-sample-project/deepracer_follow_the_leader_ws/install/inference_pkg/include/inference_pkg
[2.143s] -- Up-to-date: /root/deepracer_ws/aws-deepracer-follow-the-leader-sample-project/deepracer_follow_the_leader_ws/install/inference_pkg/include/inference_pkg/image_process.hpp
[2.144s] -- Up-to-date: /root/deepracer_ws/aws-deepracer-follow-the-leader-sample-project/deepracer_follow_the_leader_ws/install/inference_pkg/include/inference_pkg/inference_base.hpp
[2.144s] -- Up-to-date: /root/deepracer_ws/aws-deepracer-follow-the-leader-sample-project/deepracer_follow_the_leader_ws/install/inference_pkg/include/inference_pkg/intel_inference_eng.hpp
[2.154s] -- Up-to-date: /root/deepracer_ws/aws-deepracer-follow-the-leader-sample-project/deepracer_follow_the_leader_ws/install/inference_pkg/share/inference_pkg//launch
[2.156s] -- Up-to-date: /root/deepracer_ws/aws-deepracer-follow-the-leader-sample-project/deepracer_follow_the_leader_ws/install/inference_pkg/share/inference_pkg//launch/inference_pkg_launch.py
[2.157s] -- Up-to-date: /root/deepracer_ws/aws-deepracer-follow-the-leader-sample-project/deepracer_follow_the_leader_ws/install/inference_pkg/share/ament_index/resource_index/package_run_dependencies/inference_pkg
[2.157s] -- Up-to-date: /root/deepracer_ws/aws-deepracer-follow-the-leader-sample-project/deepracer_follow_the_leader_ws/install/inference_pkg/share/ament_index/resource_index/parent_prefix_path/inference_pkg
[2.158s] -- Up-to-date: /root/deepracer_ws/aws-deepracer-follow-the-leader-sample-project/deepracer_follow_the_leader_ws/install/inference_pkg/share/inference_pkg/environment/ament_prefix_path.sh
[2.158s] -- Up-to-date: /root/deepracer_ws/aws-deepracer-follow-the-leader-sample-project/deepracer_follow_the_leader_ws/install/inference_pkg/share/inference_pkg/environment/ament_prefix_path.dsv
[2.158s] -- Up-to-date: /root/deepracer_ws/aws-deepracer-follow-the-leader-sample-project/deepracer_follow_the_leader_ws/install/inference_pkg/share/inference_pkg/environment/path.sh
[2.158s] -- Up-to-date: /root/deepracer_ws/aws-deepracer-follow-the-leader-sample-project/deepracer_follow_the_leader_ws/install/inference_pkg/share/inference_pkg/environment/path.dsv
[2.192s] -- Up-to-date: /root/deepracer_ws/aws-deepracer-follow-the-leader-sample-project/deepracer_follow_the_leader_ws/install/inference_pkg/share/inference_pkg/local_setup.bash
[2.193s] -- Up-to-date: /root/deepracer_ws/aws-deepracer-follow-the-leader-sample-project/deepracer_follow_the_leader_ws/install/inference_pkg/share/inference_pkg/local_setup.sh
[2.193s] -- Up-to-date: /root/deepracer_ws/aws-deepracer-follow-the-leader-sample-project/deepracer_follow_the_leader_ws/install/inference_pkg/share/inference_pkg/local_setup.zsh
[2.194s] -- Up-to-date: /root/deepracer_ws/aws-deepracer-follow-the-leader-sample-project/deepracer_follow_the_leader_ws/install/inference_pkg/share/inference_pkg/local_setup.dsv
[2.194s] -- Installing: /root/deepracer_ws/aws-deepracer-follow-the-leader-sample-project/deepracer_follow_the_leader_ws/install/inference_pkg/share/inference_pkg/package.dsv
[2.194s] -- Up-to-date: /root/deepracer_ws/aws-deepracer-follow-the-leader-sample-project/deepracer_follow_the_leader_ws/install/inference_pkg/share/ament_index/resource_index/packages/inference_pkg
[2.195s] -- Up-to-date: /root/deepracer_ws/aws-deepracer-follow-the-leader-sample-project/deepracer_follow_the_leader_ws/install/inference_pkg/share/inference_pkg/cmake/ament_cmake_export_include_directories-extras.cmake
[2.201s] -- Up-to-date: /root/deepracer_ws/aws-deepracer-follow-the-leader-sample-project/deepracer_follow_the_leader_ws/install/inference_pkg/share/inference_pkg/cmake/ament_cmake_export_dependencies-extras.cmake
[2.201s] -- Up-to-date: /root/deepracer_ws/aws-deepracer-follow-the-leader-sample-project/deepracer_follow_the_leader_ws/install/inference_pkg/share/inference_pkg/cmake/inference_pkgConfig.cmake
[2.202s] -- Up-to-date: /root/deepracer_ws/aws-deepracer-follow-the-leader-sample-project/deepracer_follow_the_leader_ws/install/inference_pkg/share/inference_pkg/cmake/inference_pkgConfig-version.cmake
[2.202s] -- Up-to-date: /root/deepracer_ws/aws-deepracer-follow-the-leader-sample-project/deepracer_follow_the_leader_ws/install/inference_pkg/share/inference_pkg/package.xml
[2.202s] Invoked command in '/root/deepracer_ws/aws-deepracer-follow-the-leader-sample-project/deepracer_follow_the_leader_ws/build/inference_pkg' returned '0': AMENT_PREFIX_PATH=/root/deepracer_ws/aws-deepracer-follow-the-leader-sample-project/deepracer_follow_the_leader_ws/install/deepracer_interfaces_pkg:${AMENT_PREFIX_PATH} CMAKE_PREFIX_PATH=/root/deepracer_ws/aws-deepracer-follow-the-leader-sample-project/deepracer_follow_the_leader_ws/install/deepracer_interfaces_pkg:/opt/ros/foxy LD_LIBRARY_PATH=/root/deepracer_ws/aws-deepracer-follow-the-leader-sample-project/deepracer_follow_the_leader_ws/install/deepracer_interfaces_pkg/lib:${LD_LIBRARY_PATH} PYTHONPATH=/root/deepracer_ws/aws-deepracer-follow-the-leader-sample-project/deepracer_follow_the_leader_ws/install/deepracer_interfaces_pkg/lib/python3.8/site-packages:${PYTHONPATH} /usr/bin/cmake --install /root/deepracer_ws/aws-deepracer-follow-the-leader-sample-project/deepracer_follow_the_leader_ws/build/inference_pkg
