[0.093s] Invoking command in '/root/deepracer_ws/aws-deepracer-follow-the-leader-sample-project/deepracer_follow_the_leader_ws/build/inference_pkg': AMENT_PREFIX_PATH=/root/deepracer_ws/aws-deepracer-follow-the-leader-sample-project/deepracer_follow_the_leader_ws/install/deepracer_interfaces_pkg:${AMENT_PREFIX_PATH} CMAKE_PREFIX_PATH=/root/deepracer_ws/aws-deepracer-follow-the-leader-sample-project/deepracer_follow_the_leader_ws/install/deepracer_interfaces_pkg:/opt/ros/foxy LD_LIBRARY_PATH=/root/deepracer_ws/aws-deepracer-follow-the-leader-sample-project/deepracer_follow_the_leader_ws/install/deepracer_interfaces_pkg/lib:${LD_LIBRARY_PATH} PYTHONPATH=/root/deepracer_ws/aws-deepracer-follow-the-leader-sample-project/deepracer_follow_the_leader_ws/install/deepracer_interfaces_pkg/lib/python3.8/site-packages:${PYTHONPATH} /usr/bin/cmake --build /root/deepracer_ws/aws-deepracer-follow-the-leader-sample-project/deepracer_follow_the_leader_ws/build/inference_pkg -- -j2 -l2
[0.510s] [100%] Built target inference_node
[0.546s] Invoked command in '/root/deepracer_ws/aws-deepracer-follow-the-leader-sample-project/deepracer_follow_the_leader_ws/build/inference_pkg' returned '0': AMENT_PREFIX_PATH=/root/deepracer_ws/aws-deepracer-follow-the-leader-sample-project/deepracer_follow_the_leader_ws/install/deepracer_interfaces_pkg:${AMENT_PREFIX_PATH} CMAKE_PREFIX_PATH=/root/deepracer_ws/aws-deepracer-follow-the-leader-sample-project/deepracer_follow_the_leader_ws/install/deepracer_interfaces_pkg:/opt/ros/foxy LD_LIBRARY_PATH=/root/deepracer_ws/aws-deepracer-follow-the-leader-sample-project/deepracer_follow_the_leader_ws/install/deepracer_interfaces_pkg/lib:${LD_LIBRARY_PATH} PYTHONPATH=/root/deepracer_ws/aws-deepracer-follow-the-leader-sample-project/deepracer_follow_the_leader_ws/install/deepracer_interfaces_pkg/lib/python3.8/site-packages:${PYTHONPATH} /usr/bin/cmake --build /root/deepracer_ws/aws-deepracer-follow-the-leader-sample-project/deepracer_follow_the_leader_ws/build/inference_pkg -- -j2 -l2
[0.659s] Invoking command in '/root/deepracer_ws/aws-deepracer-follow-the-leader-sample-project/deepracer_follow_the_leader_ws/build/inference_pkg': AMENT_PREFIX_PATH=/root/deepracer_ws/aws-deepracer-follow-the-leader-sample-project/deepracer_follow_the_leader_ws/install/deepracer_interfaces_pkg:${AMENT_PREFIX_PATH} CMAKE_PREFIX_PATH=/root/deepracer_ws/aws-deepracer-follow-the-leader-sample-project/deepracer_follow_the_leader_ws/install/deepracer_interfaces_pkg:/opt/ros/foxy LD_LIBRARY_PATH=/root/deepracer_ws/aws-deepracer-follow-the-leader-sample-project/deepracer_follow_the_leader_ws/install/deepracer_interfaces_pkg/lib:${LD_LIBRARY_PATH} PYTHONPATH=/root/deepracer_ws/aws-deepracer-follow-the-leader-sample-project/deepracer_follow_the_leader_ws/install/deepracer_interfaces_pkg/lib/python3.8/site-packages:${PYTHONPATH} /usr/bin/cmake --install /root/deepracer_ws/aws-deepracer-follow-the-leader-sample-project/deepracer_follow_the_leader_ws/build/inference_pkg
[0.786s] -- Install configuration: ""
[0.794s] -- Up-to-date: /root/deepracer_ws/aws-deepracer-follow-the-leader-sample-project/deepracer_follow_the_leader_ws/install/inference_pkg/lib/inference_pkg/inference_node
[0.796s] -- Up-to-date: /root/deepracer_ws/aws-deepracer-follow-the-leader-sample-project/deepracer_follow_the_leader_ws/install/inference_pkg/include
[0.798s] -- Up-to-date: /root/deepracer_ws/aws-deepracer-follow-the-leader-sample-project/deepracer_follow_the_leader_ws/install/inference_pkg/include/inference_pkg
[0.800s] -- Up-to-date: /root/deepracer_ws/aws-deepracer-follow-the-leader-sample-project/deepracer_follow_the_leader_ws/install/inference_pkg/include/inference_pkg/image_process.hpp
[0.803s] -- Up-to-date: /root/deepracer_ws/aws-deepracer-follow-the-leader-sample-project/deepracer_follow_the_leader_ws/install/inference_pkg/include/inference_pkg/inference_base.hpp
[0.804s] -- Up-to-date: /root/deepracer_ws/aws-deepracer-follow-the-leader-sample-project/deepracer_follow_the_leader_ws/install/inference_pkg/include/inference_pkg/intel_inference_eng.hpp
[0.807s] -- Up-to-date: /root/deepracer_ws/aws-deepracer-follow-the-leader-sample-project/deepracer_follow_the_leader_ws/install/inference_pkg/share/inference_pkg//launch
[0.808s] -- Up-to-date: /root/deepracer_ws/aws-deepracer-follow-the-leader-sample-project/deepracer_follow_the_leader_ws/install/inference_pkg/share/inference_pkg//launch/inference_pkg_launch.py
[0.809s] -- Up-to-date: /root/deepracer_ws/aws-deepracer-follow-the-leader-sample-project/deepracer_follow_the_leader_ws/install/inference_pkg/share/ament_index/resource_index/package_run_dependencies/inference_pkg
[0.809s] -- Up-to-date: /root/deepracer_ws/aws-deepracer-follow-the-leader-sample-project/deepracer_follow_the_leader_ws/install/inference_pkg/share/ament_index/resource_index/parent_prefix_path/inference_pkg
[0.810s] -- Up-to-date: /root/deepracer_ws/aws-deepracer-follow-the-leader-sample-project/deepracer_follow_the_leader_ws/install/inference_pkg/share/inference_pkg/environment/ament_prefix_path.sh
[0.810s] -- Up-to-date: /root/deepracer_ws/aws-deepracer-follow-the-leader-sample-project/deepracer_follow_the_leader_ws/install/inference_pkg/share/inference_pkg/environment/ament_prefix_path.dsv
[0.811s] -- Up-to-date: /root/deepracer_ws/aws-deepracer-follow-the-leader-sample-project/deepracer_follow_the_leader_ws/install/inference_pkg/share/inference_pkg/environment/path.sh
[0.811s] -- Up-to-date: /root/deepracer_ws/aws-deepracer-follow-the-leader-sample-project/deepracer_follow_the_leader_ws/install/inference_pkg/share/inference_pkg/environment/path.dsv
[0.811s] -- Up-to-date: /root/deepracer_ws/aws-deepracer-follow-the-leader-sample-project/deepracer_follow_the_leader_ws/install/inference_pkg/share/inference_pkg/local_setup.bash
[0.811s] -- Up-to-date: /root/deepracer_ws/aws-deepracer-follow-the-leader-sample-project/deepracer_follow_the_leader_ws/install/inference_pkg/share/inference_pkg/local_setup.sh
[0.812s] -- Up-to-date: /root/deepracer_ws/aws-deepracer-follow-the-leader-sample-project/deepracer_follow_the_leader_ws/install/inference_pkg/share/inference_pkg/local_setup.zsh
[0.812s] -- Up-to-date: /root/deepracer_ws/aws-deepracer-follow-the-leader-sample-project/deepracer_follow_the_leader_ws/install/inference_pkg/share/inference_pkg/local_setup.dsv
[0.813s] -- Installing: /root/deepracer_ws/aws-deepracer-follow-the-leader-sample-project/deepracer_follow_the_leader_ws/install/inference_pkg/share/inference_pkg/package.dsv
[0.814s] -- Up-to-date: /root/deepracer_ws/aws-deepracer-follow-the-leader-sample-project/deepracer_follow_the_leader_ws/install/inference_pkg/share/ament_index/resource_index/packages/inference_pkg
[0.816s] -- Up-to-date: /root/deepracer_ws/aws-deepracer-follow-the-leader-sample-project/deepracer_follow_the_leader_ws/install/inference_pkg/share/inference_pkg/cmake/ament_cmake_export_include_directories-extras.cmake
[0.820s] -- Up-to-date: /root/deepracer_ws/aws-deepracer-follow-the-leader-sample-project/deepracer_follow_the_leader_ws/install/inference_pkg/share/inference_pkg/cmake/ament_cmake_export_dependencies-extras.cmake
[0.820s] -- Up-to-date: /root/deepracer_ws/aws-deepracer-follow-the-leader-sample-project/deepracer_follow_the_leader_ws/install/inference_pkg/share/inference_pkg/cmake/inference_pkgConfig.cmake
[0.821s] -- Up-to-date: /root/deepracer_ws/aws-deepracer-follow-the-leader-sample-project/deepracer_follow_the_leader_ws/install/inference_pkg/share/inference_pkg/cmake/inference_pkgConfig-version.cmake
[0.821s] -- Up-to-date: /root/deepracer_ws/aws-deepracer-follow-the-leader-sample-project/deepracer_follow_the_leader_ws/install/inference_pkg/share/inference_pkg/package.xml
[0.830s] Invoked command in '/root/deepracer_ws/aws-deepracer-follow-the-leader-sample-project/deepracer_follow_the_leader_ws/build/inference_pkg' returned '0': AMENT_PREFIX_PATH=/root/deepracer_ws/aws-deepracer-follow-the-leader-sample-project/deepracer_follow_the_leader_ws/install/deepracer_interfaces_pkg:${AMENT_PREFIX_PATH} CMAKE_PREFIX_PATH=/root/deepracer_ws/aws-deepracer-follow-the-leader-sample-project/deepracer_follow_the_leader_ws/install/deepracer_interfaces_pkg:/opt/ros/foxy LD_LIBRARY_PATH=/root/deepracer_ws/aws-deepracer-follow-the-leader-sample-project/deepracer_follow_the_leader_ws/install/deepracer_interfaces_pkg/lib:${LD_LIBRARY_PATH} PYTHONPATH=/root/deepracer_ws/aws-deepracer-follow-the-leader-sample-project/deepracer_follow_the_leader_ws/install/deepracer_interfaces_pkg/lib/python3.8/site-packages:${PYTHONPATH} /usr/bin/cmake --install /root/deepracer_ws/aws-deepracer-follow-the-leader-sample-project/deepracer_follow_the_leader_ws/build/inference_pkg
