[2.107s] Invoking command in '/root/deepracer_ws/aws-deepracer-follow-the-leader-sample-project/deepracer_follow_the_leader_ws/ftl_navigation_pkg': AMENT_PREFIX_PATH=/root/deepracer_ws/aws-deepracer-follow-the-leader-sample-project/deepracer_follow_the_leader_ws/install/deepracer_interfaces_pkg:${AMENT_PREFIX_PATH} CMAKE_PREFIX_PATH=/root/deepracer_ws/aws-deepracer-follow-the-leader-sample-project/deepracer_follow_the_leader_ws/install/deepracer_interfaces_pkg LD_LIBRARY_PATH=/root/deepracer_ws/aws-deepracer-follow-the-leader-sample-project/deepracer_follow_the_leader_ws/install/deepracer_interfaces_pkg/lib:${LD_LIBRARY_PATH} PYTHONPATH=/root/deepracer_ws/aws-deepracer-follow-the-leader-sample-project/deepracer_follow_the_leader_ws/install/ftl_navigation_pkg/lib/python3.8/site-packages:/root/deepracer_ws/aws-deepracer-follow-the-leader-sample-project/deepracer_follow_the_leader_ws/install/deepracer_interfaces_pkg/lib/python3.8/site-packages:${PYTHONPATH} /usr/bin/python3 setup.py egg_info --egg-base ../build/ftl_navigation_pkg build --build-base /root/deepracer_ws/aws-deepracer-follow-the-leader-sample-project/deepracer_follow_the_leader_ws/build/ftl_navigation_pkg/build install --prefix /root/deepracer_ws/aws-deepracer-follow-the-leader-sample-project/deepracer_follow_the_leader_ws/install/ftl_navigation_pkg --record /root/deepracer_ws/aws-deepracer-follow-the-leader-sample-project/deepracer_follow_the_leader_ws/build/ftl_navigation_pkg/install.log --single-version-externally-managed
[3.760s] running egg_info
[3.773s] writing ../build/ftl_navigation_pkg/ftl_navigation_pkg.egg-info/PKG-INFO
[3.774s] writing dependency_links to ../build/ftl_navigation_pkg/ftl_navigation_pkg.egg-info/dependency_links.txt
[3.774s] writing entry points to ../build/ftl_navigation_pkg/ftl_navigation_pkg.egg-info/entry_points.txt
[3.774s] writing requirements to ../build/ftl_navigation_pkg/ftl_navigation_pkg.egg-info/requires.txt
[3.775s] writing top-level names to ../build/ftl_navigation_pkg/ftl_navigation_pkg.egg-info/top_level.txt
[4.208s] reading manifest file '../build/ftl_navigation_pkg/ftl_navigation_pkg.egg-info/SOURCES.txt'
[4.216s] writing manifest file '../build/ftl_navigation_pkg/ftl_navigation_pkg.egg-info/SOURCES.txt'
[4.216s] running build
[4.217s] running build_py
[4.217s] running install
[4.219s] running install_lib
[4.229s] running install_data
[4.244s] running install_egg_info
[4.249s] removing '/root/deepracer_ws/aws-deepracer-follow-the-leader-sample-project/deepracer_follow_the_leader_ws/install/ftl_navigation_pkg/lib/python3.8/site-packages/ftl_navigation_pkg-0.0.1-py3.8.egg-info' (and everything under it)
[4.253s] Copying ../build/ftl_navigation_pkg/ftl_navigation_pkg.egg-info to /root/deepracer_ws/aws-deepracer-follow-the-leader-sample-project/deepracer_follow_the_leader_ws/install/ftl_navigation_pkg/lib/python3.8/site-packages/ftl_navigation_pkg-0.0.1-py3.8.egg-info
[4.260s] running install_scripts
[4.387s] Installing ftl_navigation_node script to /root/deepracer_ws/aws-deepracer-follow-the-leader-sample-project/deepracer_follow_the_leader_ws/install/ftl_navigation_pkg/lib/ftl_navigation_pkg
[4.387s] writing list of installed files to '/root/deepracer_ws/aws-deepracer-follow-the-leader-sample-project/deepracer_follow_the_leader_ws/build/ftl_navigation_pkg/install.log'
[4.551s] Invoked command in '/root/deepracer_ws/aws-deepracer-follow-the-leader-sample-project/deepracer_follow_the_leader_ws/ftl_navigation_pkg' returned '0': AMENT_PREFIX_PATH=/root/deepracer_ws/aws-deepracer-follow-the-leader-sample-project/deepracer_follow_the_leader_ws/install/deepracer_interfaces_pkg:${AMENT_PREFIX_PATH} CMAKE_PREFIX_PATH=/root/deepracer_ws/aws-deepracer-follow-the-leader-sample-project/deepracer_follow_the_leader_ws/install/deepracer_interfaces_pkg LD_LIBRARY_PATH=/root/deepracer_ws/aws-deepracer-follow-the-leader-sample-project/deepracer_follow_the_leader_ws/install/deepracer_interfaces_pkg/lib:${LD_LIBRARY_PATH} PYTHONPATH=/root/deepracer_ws/aws-deepracer-follow-the-leader-sample-project/deepracer_follow_the_leader_ws/install/ftl_navigation_pkg/lib/python3.8/site-packages:/root/deepracer_ws/aws-deepracer-follow-the-leader-sample-project/deepracer_follow_the_leader_ws/install/deepracer_interfaces_pkg/lib/python3.8/site-packages:${PYTHONPATH} /usr/bin/python3 setup.py egg_info --egg-base ../build/ftl_navigation_pkg build --build-base /root/deepracer_ws/aws-deepracer-follow-the-leader-sample-project/deepracer_follow_the_leader_ws/build/ftl_navigation_pkg/build install --prefix /root/deepracer_ws/aws-deepracer-follow-the-leader-sample-project/deepracer_follow_the_leader_ws/install/ftl_navigation_pkg --record /root/deepracer_ws/aws-deepracer-follow-the-leader-sample-project/deepracer_follow_the_leader_ws/build/ftl_navigation_pkg/install.log --single-version-externally-managed
