-- Found ament_cmake: 0.9.8 (/opt/ros/foxy/share/ament_cmake/cmake)
-- Using PYTHON_EXECUTABLE: /usr/bin/python3
-- Found cv_bridge: 2.2.1 (/opt/ros/foxy/share/cv_bridge/cmake)
-- Found rclcpp: 2.3.0 (/opt/ros/foxy/share/rclcpp/cmake)
-- Using all available rosidl_typesupport_c: rosidl_typesupport_fastrtps_c;rosidl_typesupport_introspection_c
-- Found rosidl_adapter: 1.2.0 (/opt/ros/foxy/share/rosidl_adapter/cmake)
-- Using all available rosidl_typesupport_cpp: rosidl_typesupport_fastrtps_cpp;rosidl_typesupport_introspection_cpp
-- Found rmw_implementation_cmake: 1.0.2 (/opt/ros/foxy/share/rmw_implementation_cmake/cmake)
-- Using RMW implementation 'rmw_fastrtps_cpp' as default
-- Found image_transport: 2.3.0 (/opt/ros/foxy/share/image_transport/cmake)
-- Found deepracer_interfaces_pkg: 0.0.1 (/root/deepracer_ws/aws-deepracer-follow-the-leader-sample-project/deepracer_follow_the_leader_ws/install/deepracer_interfaces_pkg/share/deepracer_interfaces_pkg/cmake)
-- Found ament_lint_auto: 0.9.6 (/opt/ros/foxy/share/ament_lint_auto/cmake)
-- Added test 'copyright' to check source files copyright and LICENSE
-- Added test 'cppcheck' to perform static code analysis on C / C++ code
-- Configured cppcheck include dirs: $<BUILD_INTERFACE:/root/deepracer_ws/aws-deepracer-follow-the-leader-sample-project/deepracer_follow_the_leader_ws/aws-deepracer-sensor-fusion-pkg/sensor_fusion_pkg/include>
-- Configured cppcheck exclude dirs and/or files: 
-- Added test 'cpplint' to check C / C++ code against the Google style
-- Configured cpplint exclude dirs and/or files: 
-- Added test 'flake8' to check Python code syntax and style conventions
-- Added test 'lint_cmake' to check CMake code style
-- Added test 'pep257' to check Python code against some of the style conventions in PEP 257
-- Added test 'uncrustify' to check C / C++ code style
-- Configured uncrustify additional arguments: 
-- Added test 'xmllint' to check XML markup files
-- Configuring done
-- Generating done
-- Build files have been written to: /root/deepracer_ws/aws-deepracer-follow-the-leader-sample-project/deepracer_follow_the_leader_ws/build/sensor_fusion_pkg
[100%] Built target sensor_fusion_node
-- Install configuration: ""
-- Up-to-date: /root/deepracer_ws/aws-deepracer-follow-the-leader-sample-project/deepracer_follow_the_leader_ws/install/sensor_fusion_pkg/lib/sensor_fusion_pkg/sensor_fusion_node
-- Installing: /root/deepracer_ws/aws-deepracer-follow-the-leader-sample-project/deepracer_follow_the_leader_ws/install/sensor_fusion_pkg/share/sensor_fusion_pkg//launch
-- Installing: /root/deepracer_ws/aws-deepracer-follow-the-leader-sample-project/deepracer_follow_the_leader_ws/install/sensor_fusion_pkg/share/sensor_fusion_pkg//launch/sensor_fusion_launch.py
-- Up-to-date: /root/deepracer_ws/aws-deepracer-follow-the-leader-sample-project/deepracer_follow_the_leader_ws/install/sensor_fusion_pkg/share/ament_index/resource_index/package_run_dependencies/sensor_fusion_pkg
-- Installing: /root/deepracer_ws/aws-deepracer-follow-the-leader-sample-project/deepracer_follow_the_leader_ws/install/sensor_fusion_pkg/share/ament_index/resource_index/parent_prefix_path/sensor_fusion_pkg
-- Up-to-date: /root/deepracer_ws/aws-deepracer-follow-the-leader-sample-project/deepracer_follow_the_leader_ws/install/sensor_fusion_pkg/share/sensor_fusion_pkg/environment/ament_prefix_path.sh
-- Installing: /root/deepracer_ws/aws-deepracer-follow-the-leader-sample-project/deepracer_follow_the_leader_ws/install/sensor_fusion_pkg/share/sensor_fusion_pkg/environment/ament_prefix_path.dsv
-- Up-to-date: /root/deepracer_ws/aws-deepracer-follow-the-leader-sample-project/deepracer_follow_the_leader_ws/install/sensor_fusion_pkg/share/sensor_fusion_pkg/environment/path.sh
-- Installing: /root/deepracer_ws/aws-deepracer-follow-the-leader-sample-project/deepracer_follow_the_leader_ws/install/sensor_fusion_pkg/share/sensor_fusion_pkg/environment/path.dsv
-- Up-to-date: /root/deepracer_ws/aws-deepracer-follow-the-leader-sample-project/deepracer_follow_the_leader_ws/install/sensor_fusion_pkg/share/sensor_fusion_pkg/local_setup.bash
-- Up-to-date: /root/deepracer_ws/aws-deepracer-follow-the-leader-sample-project/deepracer_follow_the_leader_ws/install/sensor_fusion_pkg/share/sensor_fusion_pkg/local_setup.sh
-- Up-to-date: /root/deepracer_ws/aws-deepracer-follow-the-leader-sample-project/deepracer_follow_the_leader_ws/install/sensor_fusion_pkg/share/sensor_fusion_pkg/local_setup.zsh
-- Installing: /root/deepracer_ws/aws-deepracer-follow-the-leader-sample-project/deepracer_follow_the_leader_ws/install/sensor_fusion_pkg/share/sensor_fusion_pkg/local_setup.dsv
-- Installing: /root/deepracer_ws/aws-deepracer-follow-the-leader-sample-project/deepracer_follow_the_leader_ws/install/sensor_fusion_pkg/share/sensor_fusion_pkg/package.dsv
-- Up-to-date: /root/deepracer_ws/aws-deepracer-follow-the-leader-sample-project/deepracer_follow_the_leader_ws/install/sensor_fusion_pkg/share/ament_index/resource_index/packages/sensor_fusion_pkg
-- Up-to-date: /root/deepracer_ws/aws-deepracer-follow-the-leader-sample-project/deepracer_follow_the_leader_ws/install/sensor_fusion_pkg/share/sensor_fusion_pkg/cmake/sensor_fusion_pkgConfig.cmake
-- Up-to-date: /root/deepracer_ws/aws-deepracer-follow-the-leader-sample-project/deepracer_follow_the_leader_ws/install/sensor_fusion_pkg/share/sensor_fusion_pkg/cmake/sensor_fusion_pkgConfig-version.cmake
-- Up-to-date: /root/deepracer_ws/aws-deepracer-follow-the-leader-sample-project/deepracer_follow_the_leader_ws/install/sensor_fusion_pkg/share/sensor_fusion_pkg/package.xml
