[0.628s] Invoking command in '/root/deepracer_ws/aws-deepracer-follow-the-leader-sample-project/deepracer_follow_the_leader_ws/build/rplidar_ros': CMAKE_PREFIX_PATH=/opt/ros/foxy /usr/bin/cmake --build /root/deepracer_ws/aws-deepracer-follow-the-leader-sample-project/deepracer_follow_the_leader_ws/build/rplidar_ros -- -j2 -l2
[2.911s] [ 38%] Built target rplidar_composition_node
[3.411s] [ 50%] Built target rplidarNodeClient
[3.781s] [ 88%] Built target rplidarNode
[4.151s] [100%] Built target rplidar_composition
[4.187s] Invoked command in '/root/deepracer_ws/aws-deepracer-follow-the-leader-sample-project/deepracer_follow_the_leader_ws/build/rplidar_ros' returned '0': CMAKE_PREFIX_PATH=/opt/ros/foxy /usr/bin/cmake --build /root/deepracer_ws/aws-deepracer-follow-the-leader-sample-project/deepracer_follow_the_leader_ws/build/rplidar_ros -- -j2 -l2
[4.316s] Invoking command in '/root/deepracer_ws/aws-deepracer-follow-the-leader-sample-project/deepracer_follow_the_leader_ws/build/rplidar_ros': CMAKE_PREFIX_PATH=/opt/ros/foxy /usr/bin/cmake --install /root/deepracer_ws/aws-deepracer-follow-the-leader-sample-project/deepracer_follow_the_leader_ws/build/rplidar_ros
[4.368s] -- Install configuration: ""
[4.374s] -- Up-to-date: /root/deepracer_ws/aws-deepracer-follow-the-leader-sample-project/deepracer_follow_the_leader_ws/install/rplidar_ros/lib/rplidar_ros/rplidarNode
[4.379s] -- Up-to-date: /root/deepracer_ws/aws-deepracer-follow-the-leader-sample-project/deepracer_follow_the_leader_ws/install/rplidar_ros/lib/rplidar_ros/rplidarNodeClient
[4.385s] -- Up-to-date: /root/deepracer_ws/aws-deepracer-follow-the-leader-sample-project/deepracer_follow_the_leader_ws/install/rplidar_ros/lib/rplidar_ros/rplidar_composition
[4.386s] -- Up-to-date: /root/deepracer_ws/aws-deepracer-follow-the-leader-sample-project/deepracer_follow_the_leader_ws/install/rplidar_ros/share/rplidar_ros/launch
[4.392s] -- Up-to-date: /root/deepracer_ws/aws-deepracer-follow-the-leader-sample-project/deepracer_follow_the_leader_ws/install/rplidar_ros/share/rplidar_ros/launch/rplidar.launch.py
[4.396s] -- Up-to-date: /root/deepracer_ws/aws-deepracer-follow-the-leader-sample-project/deepracer_follow_the_leader_ws/install/rplidar_ros/share/rplidar_ros/launch/rplidar_a3.launch.py
[4.398s] -- Up-to-date: /root/deepracer_ws/aws-deepracer-follow-the-leader-sample-project/deepracer_follow_the_leader_ws/install/rplidar_ros/share/rplidar_ros/launch/rplidar_s1.launch.py
[4.404s] -- Up-to-date: /root/deepracer_ws/aws-deepracer-follow-the-leader-sample-project/deepracer_follow_the_leader_ws/install/rplidar_ros/share/rplidar_ros/launch/rplidar_s1_tcp.launch.py
[4.405s] -- Up-to-date: /root/deepracer_ws/aws-deepracer-follow-the-leader-sample-project/deepracer_follow_the_leader_ws/install/rplidar_ros/share/rplidar_ros/launch/test_rplidar.launch.py
[4.406s] -- Up-to-date: /root/deepracer_ws/aws-deepracer-follow-the-leader-sample-project/deepracer_follow_the_leader_ws/install/rplidar_ros/share/rplidar_ros/launch/test_rplidar_a3.launch.py
[4.407s] -- Up-to-date: /root/deepracer_ws/aws-deepracer-follow-the-leader-sample-project/deepracer_follow_the_leader_ws/install/rplidar_ros/share/rplidar_ros/launch/view_rplidar.launch.py
[4.408s] -- Up-to-date: /root/deepracer_ws/aws-deepracer-follow-the-leader-sample-project/deepracer_follow_the_leader_ws/install/rplidar_ros/share/rplidar_ros/launch/view_rplidar_a3.launch.py
[4.409s] -- Up-to-date: /root/deepracer_ws/aws-deepracer-follow-the-leader-sample-project/deepracer_follow_the_leader_ws/install/rplidar_ros/share/rplidar_ros/launch/view_rplidar_s1.launch.py
[4.409s] -- Up-to-date: /root/deepracer_ws/aws-deepracer-follow-the-leader-sample-project/deepracer_follow_the_leader_ws/install/rplidar_ros/share/rplidar_ros/launch/view_rplidar_s1_tcp.launch.py
[4.410s] -- Up-to-date: /root/deepracer_ws/aws-deepracer-follow-the-leader-sample-project/deepracer_follow_the_leader_ws/install/rplidar_ros/share/rplidar_ros/rviz
[4.411s] -- Up-to-date: /root/deepracer_ws/aws-deepracer-follow-the-leader-sample-project/deepracer_follow_the_leader_ws/install/rplidar_ros/share/rplidar_ros/rviz/rplidar.rviz
[4.417s] -- Up-to-date: /root/deepracer_ws/aws-deepracer-follow-the-leader-sample-project/deepracer_follow_the_leader_ws/install/rplidar_ros/lib/librplidar_composition_node.so
[4.418s] -- Up-to-date: /root/deepracer_ws/aws-deepracer-follow-the-leader-sample-project/deepracer_follow_the_leader_ws/install/rplidar_ros/include
[4.423s] -- Up-to-date: /root/deepracer_ws/aws-deepracer-follow-the-leader-sample-project/deepracer_follow_the_leader_ws/install/rplidar_ros/include/rplidar_node.hpp
[4.424s] -- Up-to-date: /root/deepracer_ws/aws-deepracer-follow-the-leader-sample-project/deepracer_follow_the_leader_ws/install/rplidar_ros/include/visibility.h
[4.426s] -- Up-to-date: /root/deepracer_ws/aws-deepracer-follow-the-leader-sample-project/deepracer_follow_the_leader_ws/install/rplidar_ros/lib/rplidar_ros/rplidarNode
[4.428s] -- Up-to-date: /root/deepracer_ws/aws-deepracer-follow-the-leader-sample-project/deepracer_follow_the_leader_ws/install/rplidar_ros/lib/rplidar_ros/rplidarNodeClient
[4.430s] -- Up-to-date: /root/deepracer_ws/aws-deepracer-follow-the-leader-sample-project/deepracer_follow_the_leader_ws/install/rplidar_ros/lib/rplidar_ros/rplidar_composition
[4.432s] -- Up-to-date: /root/deepracer_ws/aws-deepracer-follow-the-leader-sample-project/deepracer_follow_the_leader_ws/install/rplidar_ros/share/ament_index/resource_index/package_run_dependencies/rplidar_ros
[4.433s] -- Up-to-date: /root/deepracer_ws/aws-deepracer-follow-the-leader-sample-project/deepracer_follow_the_leader_ws/install/rplidar_ros/share/ament_index/resource_index/parent_prefix_path/rplidar_ros
[4.435s] -- Up-to-date: /root/deepracer_ws/aws-deepracer-follow-the-leader-sample-project/deepracer_follow_the_leader_ws/install/rplidar_ros/share/rplidar_ros/environment/ament_prefix_path.sh
[4.443s] -- Up-to-date: /root/deepracer_ws/aws-deepracer-follow-the-leader-sample-project/deepracer_follow_the_leader_ws/install/rplidar_ros/share/rplidar_ros/environment/ament_prefix_path.dsv
[4.445s] -- Up-to-date: /root/deepracer_ws/aws-deepracer-follow-the-leader-sample-project/deepracer_follow_the_leader_ws/install/rplidar_ros/share/rplidar_ros/environment/path.sh
[4.446s] -- Up-to-date: /root/deepracer_ws/aws-deepracer-follow-the-leader-sample-project/deepracer_follow_the_leader_ws/install/rplidar_ros/share/rplidar_ros/environment/path.dsv
[4.447s] -- Up-to-date: /root/deepracer_ws/aws-deepracer-follow-the-leader-sample-project/deepracer_follow_the_leader_ws/install/rplidar_ros/share/rplidar_ros/local_setup.bash
[4.448s] -- Up-to-date: /root/deepracer_ws/aws-deepracer-follow-the-leader-sample-project/deepracer_follow_the_leader_ws/install/rplidar_ros/share/rplidar_ros/local_setup.sh
[4.449s] -- Up-to-date: /root/deepracer_ws/aws-deepracer-follow-the-leader-sample-project/deepracer_follow_the_leader_ws/install/rplidar_ros/share/rplidar_ros/local_setup.zsh
[4.450s] -- Up-to-date: /root/deepracer_ws/aws-deepracer-follow-the-leader-sample-project/deepracer_follow_the_leader_ws/install/rplidar_ros/share/rplidar_ros/local_setup.dsv
[4.451s] -- Installing: /root/deepracer_ws/aws-deepracer-follow-the-leader-sample-project/deepracer_follow_the_leader_ws/install/rplidar_ros/share/rplidar_ros/package.dsv
[4.458s] -- Up-to-date: /root/deepracer_ws/aws-deepracer-follow-the-leader-sample-project/deepracer_follow_the_leader_ws/install/rplidar_ros/share/ament_index/resource_index/packages/rplidar_ros
[4.459s] -- Up-to-date: /root/deepracer_ws/aws-deepracer-follow-the-leader-sample-project/deepracer_follow_the_leader_ws/install/rplidar_ros/share/rplidar_ros/cmake/ament_cmake_export_dependencies-extras.cmake
[4.461s] -- Up-to-date: /root/deepracer_ws/aws-deepracer-follow-the-leader-sample-project/deepracer_follow_the_leader_ws/install/rplidar_ros/share/rplidar_ros/cmake/ament_cmake_export_include_directories-extras.cmake
[4.462s] -- Up-to-date: /root/deepracer_ws/aws-deepracer-follow-the-leader-sample-project/deepracer_follow_the_leader_ws/install/rplidar_ros/share/rplidar_ros/cmake/rplidar_rosConfig.cmake
[4.463s] -- Up-to-date: /root/deepracer_ws/aws-deepracer-follow-the-leader-sample-project/deepracer_follow_the_leader_ws/install/rplidar_ros/share/rplidar_ros/cmake/rplidar_rosConfig-version.cmake
[4.465s] -- Up-to-date: /root/deepracer_ws/aws-deepracer-follow-the-leader-sample-project/deepracer_follow_the_leader_ws/install/rplidar_ros/share/rplidar_ros/package.xml
[4.490s] Invoked command in '/root/deepracer_ws/aws-deepracer-follow-the-leader-sample-project/deepracer_follow_the_leader_ws/build/rplidar_ros' returned '0': CMAKE_PREFIX_PATH=/opt/ros/foxy /usr/bin/cmake --install /root/deepracer_ws/aws-deepracer-follow-the-leader-sample-project/deepracer_follow_the_leader_ws/build/rplidar_ros
