[2.353s] DEBUG:colcon:Command line arguments: ['/usr/bin/colcon', 'build']
[2.372s] DEBUG:colcon:Parsed command line arguments: Namespace(ament_cmake_args=None, base_paths=['.'], build_base='build', catkin_cmake_args=None, catkin_skip_building_tests=False, cmake_args=None, cmake_clean_cache=False, cmake_clean_first=False, cmake_force_configure=False, cmake_target=None, cmake_target_skip_unavailable=False, continue_on_error=False, event_handlers=None, executor='parallel', ignore_user_meta=False, install_base='install', log_base=None, log_level=None, main=<bound method BuildVerb.main of <colcon_core.verb.build.BuildVerb object at 0x7f10def77970>>, merge_install=False, metas=['./colcon.meta'], packages_above=None, packages_above_and_dependencies=None, packages_above_depth=None, packages_end=None, packages_ignore=None, packages_ignore_regex=None, packages_select=None, packages_select_build_failed=False, packages_select_by_dep=None, packages_select_regex=None, packages_select_test_failures=False, packages_skip=None, packages_skip_build_finished=False, packages_skip_by_dep=None, packages_skip_regex=None, packages_skip_test_passed=False, packages_skip_up_to=None, packages_start=None, packages_up_to=None, packages_up_to_regex=None, parallel_workers=2, paths=None, symlink_install=False, test_result_base=None, verb_extension=<colcon_core.verb.build.BuildVerb object at 0x7f10def77970>, verb_name='build', verb_parser=<colcon_defaults.argument_parser.defaults.DefaultArgumentsDecorator object at 0x7f10def77e50>)
[2.449s] Level 1:colcon.colcon_core.package_discovery:discover_packages(colcon_meta) check parameters
[3.537s] Level 1:colcon.colcon_core.package_discovery:discover_packages(recursive) check parameters
[3.559s] Level 1:colcon.colcon_core.package_discovery:discover_packages(ignore) check parameters
[3.567s] Level 1:colcon.colcon_core.package_discovery:discover_packages(path) check parameters
[3.576s] Level 1:colcon.colcon_core.package_discovery:discover_packages(colcon_meta) discover
[3.585s] Level 1:colcon.colcon_core.package_discovery:discover_packages(recursive) discover
[3.592s] INFO:colcon.colcon_core.package_discovery:Crawling recursively for packages in '/root/deepracer_ws/aws-deepracer-follow-the-leader-sample-project/deepracer_follow_the_leader_ws'
[3.603s] Level 1:colcon.colcon_core.package_identification:_identify(.) by extensions ['ignore', 'ignore_ament_install']
[3.621s] Level 1:colcon.colcon_core.package_identification:_identify(.) by extension 'ignore'
[3.632s] Level 1:colcon.colcon_core.package_identification:_identify(.) by extension 'ignore_ament_install'
[3.640s] Level 1:colcon.colcon_core.package_identification:_identify(.) by extensions ['colcon_pkg']
[3.646s] Level 1:colcon.colcon_core.package_identification:_identify(.) by extension 'colcon_pkg'
[3.652s] Level 1:colcon.colcon_core.package_identification:_identify(.) by extensions ['colcon_meta']
[3.659s] Level 1:colcon.colcon_core.package_identification:_identify(.) by extension 'colcon_meta'
[3.667s] Level 1:colcon.colcon_core.package_identification:_identify(.) by extensions ['ros']
[3.675s] Level 1:colcon.colcon_core.package_identification:_identify(.) by extension 'ros'
[3.742s] Level 1:colcon.colcon_core.package_identification:_identify(.) by extensions ['cmake', 'python']
[3.749s] Level 1:colcon.colcon_core.package_identification:_identify(.) by extension 'cmake'
[3.766s] Level 1:colcon.colcon_core.package_identification:_identify(.) by extension 'python'
[3.773s] Level 1:colcon.colcon_core.package_identification:_identify(.) by extensions ['python_setup_py']
[3.779s] Level 1:colcon.colcon_core.package_identification:_identify(.) by extension 'python_setup_py'
[3.795s] Level 1:colcon.colcon_core.package_identification:_identify(async_web_server_cpp) by extensions ['ignore', 'ignore_ament_install']
[3.804s] Level 1:colcon.colcon_core.package_identification:_identify(async_web_server_cpp) by extension 'ignore'
[3.811s] Level 1:colcon.colcon_core.package_identification:_identify(async_web_server_cpp) by extension 'ignore_ament_install'
