running egg_info
creating ../../build/status_led_pkg/status_led_pkg.egg-info
writing ../../build/status_led_pkg/status_led_pkg.egg-info/PKG-INFO
writing dependency_links to ../../build/status_led_pkg/status_led_pkg.egg-info/dependency_links.txt
writing entry points to ../../build/status_led_pkg/status_led_pkg.egg-info/entry_points.txt
writing requirements to ../../build/status_led_pkg/status_led_pkg.egg-info/requires.txt
writing top-level names to ../../build/status_led_pkg/status_led_pkg.egg-info/top_level.txt
writing manifest file '../../build/status_led_pkg/status_led_pkg.egg-info/SOURCES.txt'
reading manifest file '../../build/status_led_pkg/status_led_pkg.egg-info/SOURCES.txt'
writing manifest file '../../build/status_led_pkg/status_led_pkg.egg-info/SOURCES.txt'
running build
running build_py
creating /root/deepracer_ws/aws-deepracer-follow-the-leader-sample-project/deepracer_follow_the_leader_ws/build/status_led_pkg/build
creating /root/deepracer_ws/aws-deepracer-follow-the-leader-sample-project/deepracer_follow_the_leader_ws/build/status_led_pkg/build/lib
creating /root/deepracer_ws/aws-deepracer-follow-the-leader-sample-project/deepracer_follow_the_leader_ws/build/status_led_pkg/build/lib/status_led_pkg
copying status_led_pkg/__init__.py -> /root/deepracer_ws/aws-deepracer-follow-the-leader-sample-project/deepracer_follow_the_leader_ws/build/status_led_pkg/build/lib/status_led_pkg
copying status_led_pkg/constants.py -> /root/deepracer_ws/aws-deepracer-follow-the-leader-sample-project/deepracer_follow_the_leader_ws/build/status_led_pkg/build/lib/status_led_pkg
copying status_led_pkg/gpio_module.py -> /root/deepracer_ws/aws-deepracer-follow-the-leader-sample-project/deepracer_follow_the_leader_ws/build/status_led_pkg/build/lib/status_led_pkg
copying status_led_pkg/led_control.py -> /root/deepracer_ws/aws-deepracer-follow-the-leader-sample-project/deepracer_follow_the_leader_ws/build/status_led_pkg/build/lib/status_led_pkg
copying status_led_pkg/status_led_node.py -> /root/deepracer_ws/aws-deepracer-follow-the-leader-sample-project/deepracer_follow_the_leader_ws/build/status_led_pkg/build/lib/status_led_pkg
running install
running install_lib
creating /root/deepracer_ws/aws-deepracer-follow-the-leader-sample-project/deepracer_follow_the_leader_ws/install/status_led_pkg/lib/python3.8/site-packages/status_led_pkg
copying /root/deepracer_ws/aws-deepracer-follow-the-leader-sample-project/deepracer_follow_the_leader_ws/build/status_led_pkg/build/lib/status_led_pkg/__init__.py -> /root/deepracer_ws/aws-deepracer-follow-the-leader-sample-project/deepracer_follow_the_leader_ws/install/status_led_pkg/lib/python3.8/site-packages/status_led_pkg
copying /root/deepracer_ws/aws-deepracer-follow-the-leader-sample-project/deepracer_follow_the_leader_ws/build/status_led_pkg/build/lib/status_led_pkg/constants.py -> /root/deepracer_ws/aws-deepracer-follow-the-leader-sample-project/deepracer_follow_the_leader_ws/install/status_led_pkg/lib/python3.8/site-packages/status_led_pkg
copying /root/deepracer_ws/aws-deepracer-follow-the-leader-sample-project/deepracer_follow_the_leader_ws/build/status_led_pkg/build/lib/status_led_pkg/gpio_module.py -> /root/deepracer_ws/aws-deepracer-follow-the-leader-sample-project/deepracer_follow_the_leader_ws/install/status_led_pkg/lib/python3.8/site-packages/status_led_pkg
copying /root/deepracer_ws/aws-deepracer-follow-the-leader-sample-project/deepracer_follow_the_leader_ws/build/status_led_pkg/build/lib/status_led_pkg/led_control.py -> /root/deepracer_ws/aws-deepracer-follow-the-leader-sample-project/deepracer_follow_the_leader_ws/install/status_led_pkg/lib/python3.8/site-packages/status_led_pkg
copying /root/deepracer_ws/aws-deepracer-follow-the-leader-sample-project/deepracer_follow_the_leader_ws/build/status_led_pkg/build/lib/status_led_pkg/status_led_node.py -> /root/deepracer_ws/aws-deepracer-follow-the-leader-sample-project/deepracer_follow_the_leader_ws/install/status_led_pkg/lib/python3.8/site-packages/status_led_pkg
byte-compiling /root/deepracer_ws/aws-deepracer-follow-the-leader-sample-project/deepracer_follow_the_leader_ws/install/status_led_pkg/lib/python3.8/site-packages/status_led_pkg/__init__.py to __init__.cpython-38.pyc
byte-compiling /root/deepracer_ws/aws-deepracer-follow-the-leader-sample-project/deepracer_follow_the_leader_ws/install/status_led_pkg/lib/python3.8/site-packages/status_led_pkg/constants.py to constants.cpython-38.pyc
byte-compiling /root/deepracer_ws/aws-deepracer-follow-the-leader-sample-project/deepracer_follow_the_leader_ws/install/status_led_pkg/lib/python3.8/site-packages/status_led_pkg/gpio_module.py to gpio_module.cpython-38.pyc
byte-compiling /root/deepracer_ws/aws-deepracer-follow-the-leader-sample-project/deepracer_follow_the_leader_ws/install/status_led_pkg/lib/python3.8/site-packages/status_led_pkg/led_control.py to led_control.cpython-38.pyc
byte-compiling /root/deepracer_ws/aws-deepracer-follow-the-leader-sample-project/deepracer_follow_the_leader_ws/install/status_led_pkg/lib/python3.8/site-packages/status_led_pkg/status_led_node.py to status_led_node.cpython-38.pyc
running install_data
creating /root/deepracer_ws/aws-deepracer-follow-the-leader-sample-project/deepracer_follow_the_leader_ws/install/status_led_pkg/share/ament_index
creating /root/deepracer_ws/aws-deepracer-follow-the-leader-sample-project/deepracer_follow_the_leader_ws/install/status_led_pkg/share/ament_index/resource_index
creating /root/deepracer_ws/aws-deepracer-follow-the-leader-sample-project/deepracer_follow_the_leader_ws/install/status_led_pkg/share/ament_index/resource_index/packages
copying resource/status_led_pkg -> /root/deepracer_ws/aws-deepracer-follow-the-leader-sample-project/deepracer_follow_the_leader_ws/install/status_led_pkg/share/ament_index/resource_index/packages
copying package.xml -> /root/deepracer_ws/aws-deepracer-follow-the-leader-sample-project/deepracer_follow_the_leader_ws/install/status_led_pkg/share/status_led_pkg
copying launch/status_led_pkg_launch.py -> /root/deepracer_ws/aws-deepracer-follow-the-leader-sample-project/deepracer_follow_the_leader_ws/install/status_led_pkg/share/status_led_pkg
running install_egg_info
Copying ../../build/status_led_pkg/status_led_pkg.egg-info to /root/deepracer_ws/aws-deepracer-follow-the-leader-sample-project/deepracer_follow_the_leader_ws/install/status_led_pkg/lib/python3.8/site-packages/status_led_pkg-0.0.1-py3.8.egg-info
running install_scripts
Installing status_led_node script to /root/deepracer_ws/aws-deepracer-follow-the-leader-sample-project/deepracer_follow_the_leader_ws/install/status_led_pkg/lib/status_led_pkg
writing list of installed files to '/root/deepracer_ws/aws-deepracer-follow-the-leader-sample-project/deepracer_follow_the_leader_ws/build/status_led_pkg/install.log'
