[1.173s] Invoking command in '/root/deepracer_ws/aws-deepracer-follow-the-leader-sample-project/deepracer_follow_the_leader_ws/aws-deepracer-usb-monitor-pkg/usb_monitor_pkg': AMENT_PREFIX_PATH=/root/deepracer_ws/aws-deepracer-follow-the-leader-sample-project/deepracer_follow_the_leader_ws/install/deepracer_interfaces_pkg:${AMENT_PREFIX_PATH} CMAKE_PREFIX_PATH=/root/deepracer_ws/aws-deepracer-follow-the-leader-sample-project/deepracer_follow_the_leader_ws/install/deepracer_interfaces_pkg LD_LIBRARY_PATH=/root/deepracer_ws/aws-deepracer-follow-the-leader-sample-project/deepracer_follow_the_leader_ws/install/deepracer_interfaces_pkg/lib:${LD_LIBRARY_PATH} PYTHONPATH=/root/deepracer_ws/aws-deepracer-follow-the-leader-sample-project/deepracer_follow_the_leader_ws/install/usb_monitor_pkg/lib/python3.8/site-packages:/root/deepracer_ws/aws-deepracer-follow-the-leader-sample-project/deepracer_follow_the_leader_ws/install/deepracer_interfaces_pkg/lib/python3.8/site-packages:${PYTHONPATH} /usr/bin/python3 setup.py egg_info --egg-base ../../build/usb_monitor_pkg build --build-base /root/deepracer_ws/aws-deepracer-follow-the-leader-sample-project/deepracer_follow_the_leader_ws/build/usb_monitor_pkg/build install --prefix /root/deepracer_ws/aws-deepracer-follow-the-leader-sample-project/deepracer_follow_the_leader_ws/install/usb_monitor_pkg --record /root/deepracer_ws/aws-deepracer-follow-the-leader-sample-project/deepracer_follow_the_leader_ws/build/usb_monitor_pkg/install.log --single-version-externally-managed
[2.170s] running egg_info
[2.173s] writing ../../build/usb_monitor_pkg/usb_monitor_pkg.egg-info/PKG-INFO
[2.177s] writing dependency_links to ../../build/usb_monitor_pkg/usb_monitor_pkg.egg-info/dependency_links.txt
[2.177s] writing entry points to ../../build/usb_monitor_pkg/usb_monitor_pkg.egg-info/entry_points.txt
[2.178s] writing requirements to ../../build/usb_monitor_pkg/usb_monitor_pkg.egg-info/requires.txt
[2.178s] writing top-level names to ../../build/usb_monitor_pkg/usb_monitor_pkg.egg-info/top_level.txt
[2.314s] reading manifest file '../../build/usb_monitor_pkg/usb_monitor_pkg.egg-info/SOURCES.txt'
[2.319s] writing manifest file '../../build/usb_monitor_pkg/usb_monitor_pkg.egg-info/SOURCES.txt'
[2.320s] running build
[2.320s] running build_py
[2.323s] running install
[2.329s] running install_lib
[2.335s] running install_data
[2.345s] running install_egg_info
[2.356s] removing '/root/deepracer_ws/aws-deepracer-follow-the-leader-sample-project/deepracer_follow_the_leader_ws/install/usb_monitor_pkg/lib/python3.8/site-packages/usb_monitor_pkg-0.0.1-py3.8.egg-info' (and everything under it)
[2.381s] Copying ../../build/usb_monitor_pkg/usb_monitor_pkg.egg-info to /root/deepracer_ws/aws-deepracer-follow-the-leader-sample-project/deepracer_follow_the_leader_ws/install/usb_monitor_pkg/lib/python3.8/site-packages/usb_monitor_pkg-0.0.1-py3.8.egg-info
[2.390s] running install_scripts
[2.466s] Installing usb_monitor_node script to /root/deepracer_ws/aws-deepracer-follow-the-leader-sample-project/deepracer_follow_the_leader_ws/install/usb_monitor_pkg/lib/usb_monitor_pkg
[2.469s] writing list of installed files to '/root/deepracer_ws/aws-deepracer-follow-the-leader-sample-project/deepracer_follow_the_leader_ws/build/usb_monitor_pkg/install.log'
[2.554s] Invoked command in '/root/deepracer_ws/aws-deepracer-follow-the-leader-sample-project/deepracer_follow_the_leader_ws/aws-deepracer-usb-monitor-pkg/usb_monitor_pkg' returned '0': AMENT_PREFIX_PATH=/root/deepracer_ws/aws-deepracer-follow-the-leader-sample-project/deepracer_follow_the_leader_ws/install/deepracer_interfaces_pkg:${AMENT_PREFIX_PATH} CMAKE_PREFIX_PATH=/root/deepracer_ws/aws-deepracer-follow-the-leader-sample-project/deepracer_follow_the_leader_ws/install/deepracer_interfaces_pkg LD_LIBRARY_PATH=/root/deepracer_ws/aws-deepracer-follow-the-leader-sample-project/deepracer_follow_the_leader_ws/install/deepracer_interfaces_pkg/lib:${LD_LIBRARY_PATH} PYTHONPATH=/root/deepracer_ws/aws-deepracer-follow-the-leader-sample-project/deepracer_follow_the_leader_ws/install/usb_monitor_pkg/lib/python3.8/site-packages:/root/deepracer_ws/aws-deepracer-follow-the-leader-sample-project/deepracer_follow_the_leader_ws/install/deepracer_interfaces_pkg/lib/python3.8/site-packages:${PYTHONPATH} /usr/bin/python3 setup.py egg_info --egg-base ../../build/usb_monitor_pkg build --build-base /root/deepracer_ws/aws-deepracer-follow-the-leader-sample-project/deepracer_follow_the_leader_ws/build/usb_monitor_pkg/build install --prefix /root/deepracer_ws/aws-deepracer-follow-the-leader-sample-project/deepracer_follow_the_leader_ws/install/usb_monitor_pkg --record /root/deepracer_ws/aws-deepracer-follow-the-leader-sample-project/deepracer_follow_the_leader_ws/build/usb_monitor_pkg/install.log --single-version-externally-managed
