/root/deepracer_ws/aws-deepracer-follow-the-leader-sample-project/deepracer_follow_the_leader_ws/install/webserver_pkg/lib/python3.8/site-packages/webserver_pkg/__init__.py
/root/deepracer_ws/aws-deepracer-follow-the-leader-sample-project/deepracer_follow_the_leader_ws/install/webserver_pkg/lib/python3.8/site-packages/webserver_pkg/calibration.py
/root/deepracer_ws/aws-deepracer-follow-the-leader-sample-project/deepracer_follow_the_leader_ws/install/webserver_pkg/lib/python3.8/site-packages/webserver_pkg/constants.py
/root/deepracer_ws/aws-deepracer-follow-the-leader-sample-project/deepracer_follow_the_leader_ws/install/webserver_pkg/lib/python3.8/site-packages/webserver_pkg/device_info_api.py
/root/deepracer_ws/aws-deepracer-follow-the-leader-sample-project/deepracer_follow_the_leader_ws/install/webserver_pkg/lib/python3.8/site-packages/webserver_pkg/led_api.py
/root/deepracer_ws/aws-deepracer-follow-the-leader-sample-project/deepracer_follow_the_leader_ws/install/webserver_pkg/lib/python3.8/site-packages/webserver_pkg/login.py
/root/deepracer_ws/aws-deepracer-follow-the-leader-sample-project/deepracer_follow_the_leader_ws/install/webserver_pkg/lib/python3.8/site-packages/webserver_pkg/models.py
/root/deepracer_ws/aws-deepracer-follow-the-leader-sample-project/deepracer_follow_the_leader_ws/install/webserver_pkg/lib/python3.8/site-packages/webserver_pkg/software_update.py
/root/deepracer_ws/aws-deepracer-follow-the-leader-sample-project/deepracer_follow_the_leader_ws/install/webserver_pkg/lib/python3.8/site-packages/webserver_pkg/ssh_api.py
/root/deepracer_ws/aws-deepracer-follow-the-leader-sample-project/deepracer_follow_the_leader_ws/install/webserver_pkg/lib/python3.8/site-packages/webserver_pkg/utility.py
/root/deepracer_ws/aws-deepracer-follow-the-leader-sample-project/deepracer_follow_the_leader_ws/install/webserver_pkg/lib/python3.8/site-packages/webserver_pkg/vehicle_control.py
/root/deepracer_ws/aws-deepracer-follow-the-leader-sample-project/deepracer_follow_the_leader_ws/install/webserver_pkg/lib/python3.8/site-packages/webserver_pkg/vehicle_logs.py
/root/deepracer_ws/aws-deepracer-follow-the-leader-sample-project/deepracer_follow_the_leader_ws/install/webserver_pkg/lib/python3.8/site-packages/webserver_pkg/webserver.py
/root/deepracer_ws/aws-deepracer-follow-the-leader-sample-project/deepracer_follow_the_leader_ws/install/webserver_pkg/lib/python3.8/site-packages/webserver_pkg/webserver_publisher_node.py
/root/deepracer_ws/aws-deepracer-follow-the-leader-sample-project/deepracer_follow_the_leader_ws/install/webserver_pkg/lib/python3.8/site-packages/webserver_pkg/wifi_settings.py
/root/deepracer_ws/aws-deepracer-follow-the-leader-sample-project/deepracer_follow_the_leader_ws/install/webserver_pkg/lib/python3.8/site-packages/webserver_pkg/__pycache__/__init__.cpython-38.pyc
/root/deepracer_ws/aws-deepracer-follow-the-leader-sample-project/deepracer_follow_the_leader_ws/install/webserver_pkg/lib/python3.8/site-packages/webserver_pkg/__pycache__/calibration.cpython-38.pyc
/root/deepracer_ws/aws-deepracer-follow-the-leader-sample-project/deepracer_follow_the_leader_ws/install/webserver_pkg/lib/python3.8/site-packages/webserver_pkg/__pycache__/constants.cpython-38.pyc
/root/deepracer_ws/aws-deepracer-follow-the-leader-sample-project/deepracer_follow_the_leader_ws/install/webserver_pkg/lib/python3.8/site-packages/webserver_pkg/__pycache__/device_info_api.cpython-38.pyc
/root/deepracer_ws/aws-deepracer-follow-the-leader-sample-project/deepracer_follow_the_leader_ws/install/webserver_pkg/lib/python3.8/site-packages/webserver_pkg/__pycache__/led_api.cpython-38.pyc
/root/deepracer_ws/aws-deepracer-follow-the-leader-sample-project/deepracer_follow_the_leader_ws/install/webserver_pkg/lib/python3.8/site-packages/webserver_pkg/__pycache__/login.cpython-38.pyc
/root/deepracer_ws/aws-deepracer-follow-the-leader-sample-project/deepracer_follow_the_leader_ws/install/webserver_pkg/lib/python3.8/site-packages/webserver_pkg/__pycache__/models.cpython-38.pyc
/root/deepracer_ws/aws-deepracer-follow-the-leader-sample-project/deepracer_follow_the_leader_ws/install/webserver_pkg/lib/python3.8/site-packages/webserver_pkg/__pycache__/software_update.cpython-38.pyc
/root/deepracer_ws/aws-deepracer-follow-the-leader-sample-project/deepracer_follow_the_leader_ws/install/webserver_pkg/lib/python3.8/site-packages/webserver_pkg/__pycache__/ssh_api.cpython-38.pyc
/root/deepracer_ws/aws-deepracer-follow-the-leader-sample-project/deepracer_follow_the_leader_ws/install/webserver_pkg/lib/python3.8/site-packages/webserver_pkg/__pycache__/utility.cpython-38.pyc
/root/deepracer_ws/aws-deepracer-follow-the-leader-sample-project/deepracer_follow_the_leader_ws/install/webserver_pkg/lib/python3.8/site-packages/webserver_pkg/__pycache__/vehicle_control.cpython-38.pyc
/root/deepracer_ws/aws-deepracer-follow-the-leader-sample-project/deepracer_follow_the_leader_ws/install/webserver_pkg/lib/python3.8/site-packages/webserver_pkg/__pycache__/vehicle_logs.cpython-38.pyc
/root/deepracer_ws/aws-deepracer-follow-the-leader-sample-project/deepracer_follow_the_leader_ws/install/webserver_pkg/lib/python3.8/site-packages/webserver_pkg/__pycache__/webserver.cpython-38.pyc
/root/deepracer_ws/aws-deepracer-follow-the-leader-sample-project/deepracer_follow_the_leader_ws/install/webserver_pkg/lib/python3.8/site-packages/webserver_pkg/__pycache__/webserver_publisher_node.cpython-38.pyc
/root/deepracer_ws/aws-deepracer-follow-the-leader-sample-project/deepracer_follow_the_leader_ws/install/webserver_pkg/lib/python3.8/site-packages/webserver_pkg/__pycache__/wifi_settings.cpython-38.pyc
/root/deepracer_ws/aws-deepracer-follow-the-leader-sample-project/deepracer_follow_the_leader_ws/install/webserver_pkg/share/ament_index/resource_index/packages/webserver_pkg
/root/deepracer_ws/aws-deepracer-follow-the-leader-sample-project/deepracer_follow_the_leader_ws/install/webserver_pkg/share/webserver_pkg/package.xml
/root/deepracer_ws/aws-deepracer-follow-the-leader-sample-project/deepracer_follow_the_leader_ws/install/webserver_pkg/share/webserver_pkg/webserver_pkg_launch.py
/root/deepracer_ws/aws-deepracer-follow-the-leader-sample-project/deepracer_follow_the_leader_ws/install/webserver_pkg/lib/python3.8/site-packages/webserver_pkg-0.0.1-py3.8.egg-info/PKG-INFO
/root/deepracer_ws/aws-deepracer-follow-the-leader-sample-project/deepracer_follow_the_leader_ws/install/webserver_pkg/lib/python3.8/site-packages/webserver_pkg-0.0.1-py3.8.egg-info/zip-safe
/root/deepracer_ws/aws-deepracer-follow-the-leader-sample-project/deepracer_follow_the_leader_ws/install/webserver_pkg/lib/python3.8/site-packages/webserver_pkg-0.0.1-py3.8.egg-info/dependency_links.txt
/root/deepracer_ws/aws-deepracer-follow-the-leader-sample-project/deepracer_follow_the_leader_ws/install/webserver_pkg/lib/python3.8/site-packages/webserver_pkg-0.0.1-py3.8.egg-info/entry_points.txt
/root/deepracer_ws/aws-deepracer-follow-the-leader-sample-project/deepracer_follow_the_leader_ws/install/webserver_pkg/lib/python3.8/site-packages/webserver_pkg-0.0.1-py3.8.egg-info/requires.txt
/root/deepracer_ws/aws-deepracer-follow-the-leader-sample-project/deepracer_follow_the_leader_ws/install/webserver_pkg/lib/python3.8/site-packages/webserver_pkg-0.0.1-py3.8.egg-info/top_level.txt
/root/deepracer_ws/aws-deepracer-follow-the-leader-sample-project/deepracer_follow_the_leader_ws/install/webserver_pkg/lib/python3.8/site-packages/webserver_pkg-0.0.1-py3.8.egg-info/SOURCES.txt
/root/deepracer_ws/aws-deepracer-follow-the-leader-sample-project/deepracer_follow_the_leader_ws/install/webserver_pkg/lib/webserver_pkg/webserver_publisher_node
