[2.006s] Invoking command in '/root/deepracer_ws/aws-deepracer-follow-the-leader-sample-project/deepracer_follow_the_leader_ws/aws-deepracer-systems-pkg/deepracer_systems_pkg': AMENT_PREFIX_PATH=/root/deepracer_ws/aws-deepracer-follow-the-leader-sample-project/deepracer_follow_the_leader_ws/install/usb_monitor_pkg:/root/deepracer_ws/aws-deepracer-follow-the-leader-sample-project/deepracer_follow_the_leader_ws/install/status_led_pkg:/root/deepracer_ws/aws-deepracer-follow-the-leader-sample-project/deepracer_follow_the_leader_ws/install/deepracer_interfaces_pkg:${AMENT_PREFIX_PATH} CMAKE_PREFIX_PATH=/root/deepracer_ws/aws-deepracer-follow-the-leader-sample-project/deepracer_follow_the_leader_ws/install/deepracer_interfaces_pkg:${CMAKE_PREFIX_PATH} LD_LIBRARY_PATH=/root/deepracer_ws/aws-deepracer-follow-the-leader-sample-project/deepracer_follow_the_leader_ws/install/deepracer_interfaces_pkg/lib:${LD_LIBRARY_PATH} PYTHONPATH=/root/deepracer_ws/aws-deepracer-follow-the-leader-sample-project/deepracer_follow_the_leader_ws/install/deepracer_systems_pkg/lib/python3.8/site-packages:/root/deepracer_ws/aws-deepracer-follow-the-leader-sample-project/deepracer_follow_the_leader_ws/install/usb_monitor_pkg/lib/python3.8/site-packages:/root/deepracer_ws/aws-deepracer-follow-the-leader-sample-project/deepracer_follow_the_leader_ws/install/status_led_pkg/lib/python3.8/site-packages:/root/deepracer_ws/aws-deepracer-follow-the-leader-sample-project/deepracer_follow_the_leader_ws/install/deepracer_interfaces_pkg/lib/python3.8/site-packages:${PYTHONPATH} /usr/bin/python3 setup.py egg_info --egg-base ../../build/deepracer_systems_pkg build --build-base /root/deepracer_ws/aws-deepracer-follow-the-leader-sample-project/deepracer_follow_the_leader_ws/build/deepracer_systems_pkg/build install --prefix /root/deepracer_ws/aws-deepracer-follow-the-leader-sample-project/deepracer_follow_the_leader_ws/install/deepracer_systems_pkg --record /root/deepracer_ws/aws-deepracer-follow-the-leader-sample-project/deepracer_follow_the_leader_ws/build/deepracer_systems_pkg/install.log --single-version-externally-managed
[3.129s] running egg_info
[3.133s] creating ../../build/deepracer_systems_pkg/deepracer_systems_pkg.egg-info
[3.135s] writing ../../build/deepracer_systems_pkg/deepracer_systems_pkg.egg-info/PKG-INFO
[3.137s] writing dependency_links to ../../build/deepracer_systems_pkg/deepracer_systems_pkg.egg-info/dependency_links.txt
[3.138s] writing entry points to ../../build/deepracer_systems_pkg/deepracer_systems_pkg.egg-info/entry_points.txt
[3.140s] writing requirements to ../../build/deepracer_systems_pkg/deepracer_systems_pkg.egg-info/requires.txt
[3.141s] writing top-level names to ../../build/deepracer_systems_pkg/deepracer_systems_pkg.egg-info/top_level.txt
[3.150s] writing manifest file '../../build/deepracer_systems_pkg/deepracer_systems_pkg.egg-info/SOURCES.txt'
[3.451s] reading manifest file '../../build/deepracer_systems_pkg/deepracer_systems_pkg.egg-info/SOURCES.txt'
[3.456s] writing manifest file '../../build/deepracer_systems_pkg/deepracer_systems_pkg.egg-info/SOURCES.txt'
[3.457s] running build
[3.458s] running build_py
[3.460s] creating /root/deepracer_ws/aws-deepracer-follow-the-leader-sample-project/deepracer_follow_the_leader_ws/build/deepracer_systems_pkg/build
[3.461s] creating /root/deepracer_ws/aws-deepracer-follow-the-leader-sample-project/deepracer_follow_the_leader_ws/build/deepracer_systems_pkg/build/lib
[3.462s] creating /root/deepracer_ws/aws-deepracer-follow-the-leader-sample-project/deepracer_follow_the_leader_ws/build/deepracer_systems_pkg/build/lib/deepracer_systems_pkg
[3.463s] copying deepracer_systems_pkg/__init__.py -> /root/deepracer_ws/aws-deepracer-follow-the-leader-sample-project/deepracer_follow_the_leader_ws/build/deepracer_systems_pkg/build/lib/deepracer_systems_pkg
[3.464s] copying deepracer_systems_pkg/constants.py -> /root/deepracer_ws/aws-deepracer-follow-the-leader-sample-project/deepracer_follow_the_leader_ws/build/deepracer_systems_pkg/build/lib/deepracer_systems_pkg
[3.468s] copying deepracer_systems_pkg/file_system_utils.py -> /root/deepracer_ws/aws-deepracer-follow-the-leader-sample-project/deepracer_follow_the_leader_ws/build/deepracer_systems_pkg/build/lib/deepracer_systems_pkg
[3.470s] copying deepracer_systems_pkg/scheduler.py -> /root/deepracer_ws/aws-deepracer-follow-the-leader-sample-project/deepracer_follow_the_leader_ws/build/deepracer_systems_pkg/build/lib/deepracer_systems_pkg
[3.472s] copying deepracer_systems_pkg/utility.py -> /root/deepracer_ws/aws-deepracer-follow-the-leader-sample-project/deepracer_follow_the_leader_ws/build/deepracer_systems_pkg/build/lib/deepracer_systems_pkg
[3.475s] creating /root/deepracer_ws/aws-deepracer-follow-the-leader-sample-project/deepracer_follow_the_leader_ws/build/deepracer_systems_pkg/build/lib/deepracer_systems_pkg/software_update_module
[3.476s] copying deepracer_systems_pkg/software_update_module/__init__.py -> /root/deepracer_ws/aws-deepracer-follow-the-leader-sample-project/deepracer_follow_the_leader_ws/build/deepracer_systems_pkg/build/lib/deepracer_systems_pkg/software_update_module
[3.478s] copying deepracer_systems_pkg/software_update_module/cache_open_progress.py -> /root/deepracer_ws/aws-deepracer-follow-the-leader-sample-project/deepracer_follow_the_leader_ws/build/deepracer_systems_pkg/build/lib/deepracer_systems_pkg/software_update_module
[3.480s] copying deepracer_systems_pkg/software_update_module/cache_update_progress.py -> /root/deepracer_ws/aws-deepracer-follow-the-leader-sample-project/deepracer_follow_the_leader_ws/build/deepracer_systems_pkg/build/lib/deepracer_systems_pkg/software_update_module
[3.483s] copying deepracer_systems_pkg/software_update_module/fetch_progress.py -> /root/deepracer_ws/aws-deepracer-follow-the-leader-sample-project/deepracer_follow_the_leader_ws/build/deepracer_systems_pkg/build/lib/deepracer_systems_pkg/software_update_module
[3.485s] copying deepracer_systems_pkg/software_update_module/install_progress.py -> /root/deepracer_ws/aws-deepracer-follow-the-leader-sample-project/deepracer_follow_the_leader_ws/build/deepracer_systems_pkg/build/lib/deepracer_systems_pkg/software_update_module
[3.487s] copying deepracer_systems_pkg/software_update_module/software_update_config.py -> /root/deepracer_ws/aws-deepracer-follow-the-leader-sample-project/deepracer_follow_the_leader_ws/build/deepracer_systems_pkg/build/lib/deepracer_systems_pkg/software_update_module
[3.490s] copying deepracer_systems_pkg/software_update_module/software_update_node.py -> /root/deepracer_ws/aws-deepracer-follow-the-leader-sample-project/deepracer_follow_the_leader_ws/build/deepracer_systems_pkg/build/lib/deepracer_systems_pkg/software_update_module
[3.492s] copying deepracer_systems_pkg/software_update_module/software_update_utils.py -> /root/deepracer_ws/aws-deepracer-follow-the-leader-sample-project/deepracer_follow_the_leader_ws/build/deepracer_systems_pkg/build/lib/deepracer_systems_pkg/software_update_module
[3.495s] creating /root/deepracer_ws/aws-deepracer-follow-the-leader-sample-project/deepracer_follow_the_leader_ws/build/deepracer_systems_pkg/build/lib/deepracer_systems_pkg/model_loader_module
[3.496s] copying deepracer_systems_pkg/model_loader_module/__init__.py -> /root/deepracer_ws/aws-deepracer-follow-the-leader-sample-project/deepracer_follow_the_leader_ws/build/deepracer_systems_pkg/build/lib/deepracer_systems_pkg/model_loader_module
[3.497s] copying deepracer_systems_pkg/model_loader_module/model_install_state.py -> /root/deepracer_ws/aws-deepracer-follow-the-leader-sample-project/deepracer_follow_the_leader_ws/build/deepracer_systems_pkg/build/lib/deepracer_systems_pkg/model_loader_module
[3.501s] copying deepracer_systems_pkg/model_loader_module/model_loader_config.py -> /root/deepracer_ws/aws-deepracer-follow-the-leader-sample-project/deepracer_follow_the_leader_ws/build/deepracer_systems_pkg/build/lib/deepracer_systems_pkg/model_loader_module
[3.503s] copying deepracer_systems_pkg/model_loader_module/model_loader_node.py -> /root/deepracer_ws/aws-deepracer-follow-the-leader-sample-project/deepracer_follow_the_leader_ws/build/deepracer_systems_pkg/build/lib/deepracer_systems_pkg/model_loader_module
[3.505s] copying deepracer_systems_pkg/model_loader_module/model_metadata_file_utils.py -> /root/deepracer_ws/aws-deepracer-follow-the-leader-sample-project/deepracer_follow_the_leader_ws/build/deepracer_systems_pkg/build/lib/deepracer_systems_pkg/model_loader_module
[3.508s] creating /root/deepracer_ws/aws-deepracer-follow-the-leader-sample-project/deepracer_follow_the_leader_ws/build/deepracer_systems_pkg/build/lib/deepracer_systems_pkg/otg_module
[3.509s] copying deepracer_systems_pkg/otg_module/__init__.py -> /root/deepracer_ws/aws-deepracer-follow-the-leader-sample-project/deepracer_follow_the_leader_ws/build/deepracer_systems_pkg/build/lib/deepracer_systems_pkg/otg_module
[3.510s] copying deepracer_systems_pkg/otg_module/otg_config.py -> /root/deepracer_ws/aws-deepracer-follow-the-leader-sample-project/deepracer_follow_the_leader_ws/build/deepracer_systems_pkg/build/lib/deepracer_systems_pkg/otg_module
[3.512s] copying deepracer_systems_pkg/otg_module/otg_control_node.py -> /root/deepracer_ws/aws-deepracer-follow-the-leader-sample-project/deepracer_follow_the_leader_ws/build/deepracer_systems_pkg/build/lib/deepracer_systems_pkg/otg_module
[3.515s] creating /root/deepracer_ws/aws-deepracer-follow-the-leader-sample-project/deepracer_follow_the_leader_ws/build/deepracer_systems_pkg/build/lib/deepracer_systems_pkg/network_monitor_module
[3.517s] copying deepracer_systems_pkg/network_monitor_module/__init__.py -> /root/deepracer_ws/aws-deepracer-follow-the-leader-sample-project/deepracer_follow_the_leader_ws/build/deepracer_systems_pkg/build/lib/deepracer_systems_pkg/network_monitor_module
[3.519s] copying deepracer_systems_pkg/network_monitor_module/network_config.py -> /root/deepracer_ws/aws-deepracer-follow-the-leader-sample-project/deepracer_follow_the_leader_ws/build/deepracer_systems_pkg/build/lib/deepracer_systems_pkg/network_monitor_module
[3.521s] copying deepracer_systems_pkg/network_monitor_module/network_monitor_node.py -> /root/deepracer_ws/aws-deepracer-follow-the-leader-sample-project/deepracer_follow_the_leader_ws/build/deepracer_systems_pkg/build/lib/deepracer_systems_pkg/network_monitor_module
[3.524s] copying deepracer_systems_pkg/network_monitor_module/network_utils.py -> /root/deepracer_ws/aws-deepracer-follow-the-leader-sample-project/deepracer_follow_the_leader_ws/build/deepracer_systems_pkg/build/lib/deepracer_systems_pkg/network_monitor_module
[3.526s] copying deepracer_systems_pkg/network_monitor_module/wifi_config_utils.py -> /root/deepracer_ws/aws-deepracer-follow-the-leader-sample-project/deepracer_follow_the_leader_ws/build/deepracer_systems_pkg/build/lib/deepracer_systems_pkg/network_monitor_module
[3.528s] creating /root/deepracer_ws/aws-deepracer-follow-the-leader-sample-project/deepracer_follow_the_leader_ws/build/deepracer_systems_pkg/build/lib/deepracer_systems_pkg/deepracer_systems_scripts_module
[3.529s] copying deepracer_systems_pkg/deepracer_systems_scripts_module/__init__.py -> /root/deepracer_ws/aws-deepracer-follow-the-leader-sample-project/deepracer_follow_the_leader_ws/build/deepracer_systems_pkg/build/lib/deepracer_systems_pkg/deepracer_systems_scripts_module
[3.531s] copying deepracer_systems_pkg/deepracer_systems_scripts_module/deepracer_systems_scripts_node.py -> /root/deepracer_ws/aws-deepracer-follow-the-leader-sample-project/deepracer_follow_the_leader_ws/build/deepracer_systems_pkg/build/lib/deepracer_systems_pkg/deepracer_systems_scripts_module
[3.536s] running install
[3.541s] running install_lib
[3.547s] creating /root/deepracer_ws/aws-deepracer-follow-the-leader-sample-project/deepracer_follow_the_leader_ws/install/deepracer_systems_pkg/lib/python3.8/site-packages/deepracer_systems_pkg
[3.550s] copying /root/deepracer_ws/aws-deepracer-follow-the-leader-sample-project/deepracer_follow_the_leader_ws/build/deepracer_systems_pkg/build/lib/deepracer_systems_pkg/__init__.py -> /root/deepracer_ws/aws-deepracer-follow-the-leader-sample-project/deepracer_follow_the_leader_ws/install/deepracer_systems_pkg/lib/python3.8/site-packages/deepracer_systems_pkg
[3.551s] copying /root/deepracer_ws/aws-deepracer-follow-the-leader-sample-project/deepracer_follow_the_leader_ws/build/deepracer_systems_pkg/build/lib/deepracer_systems_pkg/constants.py -> /root/deepracer_ws/aws-deepracer-follow-the-leader-sample-project/deepracer_follow_the_leader_ws/install/deepracer_systems_pkg/lib/python3.8/site-packages/deepracer_systems_pkg
[3.553s] copying /root/deepracer_ws/aws-deepracer-follow-the-leader-sample-project/deepracer_follow_the_leader_ws/build/deepracer_systems_pkg/build/lib/deepracer_systems_pkg/file_system_utils.py -> /root/deepracer_ws/aws-deepracer-follow-the-leader-sample-project/deepracer_follow_the_leader_ws/install/deepracer_systems_pkg/lib/python3.8/site-packages/deepracer_systems_pkg
[3.554s] copying /root/deepracer_ws/aws-deepracer-follow-the-leader-sample-project/deepracer_follow_the_leader_ws/build/deepracer_systems_pkg/build/lib/deepracer_systems_pkg/scheduler.py -> /root/deepracer_ws/aws-deepracer-follow-the-leader-sample-project/deepracer_follow_the_leader_ws/install/deepracer_systems_pkg/lib/python3.8/site-packages/deepracer_systems_pkg
[3.555s] copying /root/deepracer_ws/aws-deepracer-follow-the-leader-sample-project/deepracer_follow_the_leader_ws/build/deepracer_systems_pkg/build/lib/deepracer_systems_pkg/utility.py -> /root/deepracer_ws/aws-deepracer-follow-the-leader-sample-project/deepracer_follow_the_leader_ws/install/deepracer_systems_pkg/lib/python3.8/site-packages/deepracer_systems_pkg
[3.557s] creating /root/deepracer_ws/aws-deepracer-follow-the-leader-sample-project/deepracer_follow_the_leader_ws/install/deepracer_systems_pkg/lib/python3.8/site-packages/deepracer_systems_pkg/software_update_module
[3.558s] copying /root/deepracer_ws/aws-deepracer-follow-the-leader-sample-project/deepracer_follow_the_leader_ws/build/deepracer_systems_pkg/build/lib/deepracer_systems_pkg/software_update_module/__init__.py -> /root/deepracer_ws/aws-deepracer-follow-the-leader-sample-project/deepracer_follow_the_leader_ws/install/deepracer_systems_pkg/lib/python3.8/site-packages/deepracer_systems_pkg/software_update_module
[3.559s] copying /root/deepracer_ws/aws-deepracer-follow-the-leader-sample-project/deepracer_follow_the_leader_ws/build/deepracer_systems_pkg/build/lib/deepracer_systems_pkg/software_update_module/cache_open_progress.py -> /root/deepracer_ws/aws-deepracer-follow-the-leader-sample-project/deepracer_follow_the_leader_ws/install/deepracer_systems_pkg/lib/python3.8/site-packages/deepracer_systems_pkg/software_update_module
[3.561s] copying /root/deepracer_ws/aws-deepracer-follow-the-leader-sample-project/deepracer_follow_the_leader_ws/build/deepracer_systems_pkg/build/lib/deepracer_systems_pkg/software_update_module/cache_update_progress.py -> /root/deepracer_ws/aws-deepracer-follow-the-leader-sample-project/deepracer_follow_the_leader_ws/install/deepracer_systems_pkg/lib/python3.8/site-packages/deepracer_systems_pkg/software_update_module
[3.563s] copying /root/deepracer_ws/aws-deepracer-follow-the-leader-sample-project/deepracer_follow_the_leader_ws/build/deepracer_systems_pkg/build/lib/deepracer_systems_pkg/software_update_module/fetch_progress.py -> /root/deepracer_ws/aws-deepracer-follow-the-leader-sample-project/deepracer_follow_the_leader_ws/install/deepracer_systems_pkg/lib/python3.8/site-packages/deepracer_systems_pkg/software_update_module
[3.564s] copying /root/deepracer_ws/aws-deepracer-follow-the-leader-sample-project/deepracer_follow_the_leader_ws/build/deepracer_systems_pkg/build/lib/deepracer_systems_pkg/software_update_module/install_progress.py -> /root/deepracer_ws/aws-deepracer-follow-the-leader-sample-project/deepracer_follow_the_leader_ws/install/deepracer_systems_pkg/lib/python3.8/site-packages/deepracer_systems_pkg/software_update_module
[3.566s] copying /root/deepracer_ws/aws-deepracer-follow-the-leader-sample-project/deepracer_follow_the_leader_ws/build/deepracer_systems_pkg/build/lib/deepracer_systems_pkg/software_update_module/software_update_config.py -> /root/deepracer_ws/aws-deepracer-follow-the-leader-sample-project/deepracer_follow_the_leader_ws/install/deepracer_systems_pkg/lib/python3.8/site-packages/deepracer_systems_pkg/software_update_module
[3.568s] copying /root/deepracer_ws/aws-deepracer-follow-the-leader-sample-project/deepracer_follow_the_leader_ws/build/deepracer_systems_pkg/build/lib/deepracer_systems_pkg/software_update_module/software_update_node.py -> /root/deepracer_ws/aws-deepracer-follow-the-leader-sample-project/deepracer_follow_the_leader_ws/install/deepracer_systems_pkg/lib/python3.8/site-packages/deepracer_systems_pkg/software_update_module
[3.570s] copying /root/deepracer_ws/aws-deepracer-follow-the-leader-sample-project/deepracer_follow_the_leader_ws/build/deepracer_systems_pkg/build/lib/deepracer_systems_pkg/software_update_module/software_update_utils.py -> /root/deepracer_ws/aws-deepracer-follow-the-leader-sample-project/deepracer_follow_the_leader_ws/install/deepracer_systems_pkg/lib/python3.8/site-packages/deepracer_systems_pkg/software_update_module
[3.571s] creating /root/deepracer_ws/aws-deepracer-follow-the-leader-sample-project/deepracer_follow_the_leader_ws/install/deepracer_systems_pkg/lib/python3.8/site-packages/deepracer_systems_pkg/model_loader_module
[3.573s] copying /root/deepracer_ws/aws-deepracer-follow-the-leader-sample-project/deepracer_follow_the_leader_ws/build/deepracer_systems_pkg/build/lib/deepracer_systems_pkg/model_loader_module/__init__.py -> /root/deepracer_ws/aws-deepracer-follow-the-leader-sample-project/deepracer_follow_the_leader_ws/install/deepracer_systems_pkg/lib/python3.8/site-packages/deepracer_systems_pkg/model_loader_module
[3.574s] copying /root/deepracer_ws/aws-deepracer-follow-the-leader-sample-project/deepracer_follow_the_leader_ws/build/deepracer_systems_pkg/build/lib/deepracer_systems_pkg/model_loader_module/model_install_state.py -> /root/deepracer_ws/aws-deepracer-follow-the-leader-sample-project/deepracer_follow_the_leader_ws/install/deepracer_systems_pkg/lib/python3.8/site-packages/deepracer_systems_pkg/model_loader_module
[3.576s] copying /root/deepracer_ws/aws-deepracer-follow-the-leader-sample-project/deepracer_follow_the_leader_ws/build/deepracer_systems_pkg/build/lib/deepracer_systems_pkg/model_loader_module/model_loader_config.py -> /root/deepracer_ws/aws-deepracer-follow-the-leader-sample-project/deepracer_follow_the_leader_ws/install/deepracer_systems_pkg/lib/python3.8/site-packages/deepracer_systems_pkg/model_loader_module
[3.577s] copying /root/deepracer_ws/aws-deepracer-follow-the-leader-sample-project/deepracer_follow_the_leader_ws/build/deepracer_systems_pkg/build/lib/deepracer_systems_pkg/model_loader_module/model_loader_node.py -> /root/deepracer_ws/aws-deepracer-follow-the-leader-sample-project/deepracer_follow_the_leader_ws/install/deepracer_systems_pkg/lib/python3.8/site-packages/deepracer_systems_pkg/model_loader_module
[3.579s] copying /root/deepracer_ws/aws-deepracer-follow-the-leader-sample-project/deepracer_follow_the_leader_ws/build/deepracer_systems_pkg/build/lib/deepracer_systems_pkg/model_loader_module/model_metadata_file_utils.py -> /root/deepracer_ws/aws-deepracer-follow-the-leader-sample-project/deepracer_follow_the_leader_ws/install/deepracer_systems_pkg/lib/python3.8/site-packages/deepracer_systems_pkg/model_loader_module
[3.580s] creating /root/deepracer_ws/aws-deepracer-follow-the-leader-sample-project/deepracer_follow_the_leader_ws/install/deepracer_systems_pkg/lib/python3.8/site-packages/deepracer_systems_pkg/otg_module
[3.582s] copying /root/deepracer_ws/aws-deepracer-follow-the-leader-sample-project/deepracer_follow_the_leader_ws/build/deepracer_systems_pkg/build/lib/deepracer_systems_pkg/otg_module/__init__.py -> /root/deepracer_ws/aws-deepracer-follow-the-leader-sample-project/deepracer_follow_the_leader_ws/install/deepracer_systems_pkg/lib/python3.8/site-packages/deepracer_systems_pkg/otg_module
[3.584s] copying /root/deepracer_ws/aws-deepracer-follow-the-leader-sample-project/deepracer_follow_the_leader_ws/build/deepracer_systems_pkg/build/lib/deepracer_systems_pkg/otg_module/otg_config.py -> /root/deepracer_ws/aws-deepracer-follow-the-leader-sample-project/deepracer_follow_the_leader_ws/install/deepracer_systems_pkg/lib/python3.8/site-packages/deepracer_systems_pkg/otg_module
[3.585s] copying /root/deepracer_ws/aws-deepracer-follow-the-leader-sample-project/deepracer_follow_the_leader_ws/build/deepracer_systems_pkg/build/lib/deepracer_systems_pkg/otg_module/otg_control_node.py -> /root/deepracer_ws/aws-deepracer-follow-the-leader-sample-project/deepracer_follow_the_leader_ws/install/deepracer_systems_pkg/lib/python3.8/site-packages/deepracer_systems_pkg/otg_module
[3.587s] creating /root/deepracer_ws/aws-deepracer-follow-the-leader-sample-project/deepracer_follow_the_leader_ws/install/deepracer_systems_pkg/lib/python3.8/site-packages/deepracer_systems_pkg/network_monitor_module
[3.588s] copying /root/deepracer_ws/aws-deepracer-follow-the-leader-sample-project/deepracer_follow_the_leader_ws/build/deepracer_systems_pkg/build/lib/deepracer_systems_pkg/network_monitor_module/__init__.py -> /root/deepracer_ws/aws-deepracer-follow-the-leader-sample-project/deepracer_follow_the_leader_ws/install/deepracer_systems_pkg/lib/python3.8/site-packages/deepracer_systems_pkg/network_monitor_module
[3.589s] copying /root/deepracer_ws/aws-deepracer-follow-the-leader-sample-project/deepracer_follow_the_leader_ws/build/deepracer_systems_pkg/build/lib/deepracer_systems_pkg/network_monitor_module/network_config.py -> /root/deepracer_ws/aws-deepracer-follow-the-leader-sample-project/deepracer_follow_the_leader_ws/install/deepracer_systems_pkg/lib/python3.8/site-packages/deepracer_systems_pkg/network_monitor_module
[3.591s] copying /root/deepracer_ws/aws-deepracer-follow-the-leader-sample-project/deepracer_follow_the_leader_ws/build/deepracer_systems_pkg/build/lib/deepracer_systems_pkg/network_monitor_module/network_monitor_node.py -> /root/deepracer_ws/aws-deepracer-follow-the-leader-sample-project/deepracer_follow_the_leader_ws/install/deepracer_systems_pkg/lib/python3.8/site-packages/deepracer_systems_pkg/network_monitor_module
[3.593s] copying /root/deepracer_ws/aws-deepracer-follow-the-leader-sample-project/deepracer_follow_the_leader_ws/build/deepracer_systems_pkg/build/lib/deepracer_systems_pkg/network_monitor_module/network_utils.py -> /root/deepracer_ws/aws-deepracer-follow-the-leader-sample-project/deepracer_follow_the_leader_ws/install/deepracer_systems_pkg/lib/python3.8/site-packages/deepracer_systems_pkg/network_monitor_module
[3.594s] copying /root/deepracer_ws/aws-deepracer-follow-the-leader-sample-project/deepracer_follow_the_leader_ws/build/deepracer_systems_pkg/build/lib/deepracer_systems_pkg/network_monitor_module/wifi_config_utils.py -> /root/deepracer_ws/aws-deepracer-follow-the-leader-sample-project/deepracer_follow_the_leader_ws/install/deepracer_systems_pkg/lib/python3.8/site-packages/deepracer_systems_pkg/network_monitor_module
[3.596s] creating /root/deepracer_ws/aws-deepracer-follow-the-leader-sample-project/deepracer_follow_the_leader_ws/install/deepracer_systems_pkg/lib/python3.8/site-packages/deepracer_systems_pkg/deepracer_systems_scripts_module
[3.597s] copying /root/deepracer_ws/aws-deepracer-follow-the-leader-sample-project/deepracer_follow_the_leader_ws/build/deepracer_systems_pkg/build/lib/deepracer_systems_pkg/deepracer_systems_scripts_module/__init__.py -> /root/deepracer_ws/aws-deepracer-follow-the-leader-sample-project/deepracer_follow_the_leader_ws/install/deepracer_systems_pkg/lib/python3.8/site-packages/deepracer_systems_pkg/deepracer_systems_scripts_module
[3.598s] copying /root/deepracer_ws/aws-deepracer-follow-the-leader-sample-project/deepracer_follow_the_leader_ws/build/deepracer_systems_pkg/build/lib/deepracer_systems_pkg/deepracer_systems_scripts_module/deepracer_systems_scripts_node.py -> /root/deepracer_ws/aws-deepracer-follow-the-leader-sample-project/deepracer_follow_the_leader_ws/install/deepracer_systems_pkg/lib/python3.8/site-packages/deepracer_systems_pkg/deepracer_systems_scripts_module
[3.784s] byte-compiling /root/deepracer_ws/aws-deepracer-follow-the-leader-sample-project/deepracer_follow_the_leader_ws/install/deepracer_systems_pkg/lib/python3.8/site-packages/deepracer_systems_pkg/__init__.py to __init__.cpython-38.pyc
[3.784s] byte-compiling /root/deepracer_ws/aws-deepracer-follow-the-leader-sample-project/deepracer_follow_the_leader_ws/install/deepracer_systems_pkg/lib/python3.8/site-packages/deepracer_systems_pkg/constants.py to constants.cpython-38.pyc
[3.786s] byte-compiling /root/deepracer_ws/aws-deepracer-follow-the-leader-sample-project/deepracer_follow_the_leader_ws/install/deepracer_systems_pkg/lib/python3.8/site-packages/deepracer_systems_pkg/file_system_utils.py to file_system_utils.cpython-38.pyc
[3.789s] byte-compiling /root/deepracer_ws/aws-deepracer-follow-the-leader-sample-project/deepracer_follow_the_leader_ws/install/deepracer_systems_pkg/lib/python3.8/site-packages/deepracer_systems_pkg/scheduler.py to scheduler.cpython-38.pyc
[3.791s] byte-compiling /root/deepracer_ws/aws-deepracer-follow-the-leader-sample-project/deepracer_follow_the_leader_ws/install/deepracer_systems_pkg/lib/python3.8/site-packages/deepracer_systems_pkg/utility.py to utility.cpython-38.pyc
[3.794s] byte-compiling /root/deepracer_ws/aws-deepracer-follow-the-leader-sample-project/deepracer_follow_the_leader_ws/install/deepracer_systems_pkg/lib/python3.8/site-packages/deepracer_systems_pkg/software_update_module/__init__.py to __init__.cpython-38.pyc
[3.796s] byte-compiling /root/deepracer_ws/aws-deepracer-follow-the-leader-sample-project/deepracer_follow_the_leader_ws/install/deepracer_systems_pkg/lib/python3.8/site-packages/deepracer_systems_pkg/software_update_module/cache_open_progress.py to cache_open_progress.cpython-38.pyc
[3.798s] byte-compiling /root/deepracer_ws/aws-deepracer-follow-the-leader-sample-project/deepracer_follow_the_leader_ws/install/deepracer_systems_pkg/lib/python3.8/site-packages/deepracer_systems_pkg/software_update_module/cache_update_progress.py to cache_update_progress.cpython-38.pyc
[3.802s] byte-compiling /root/deepracer_ws/aws-deepracer-follow-the-leader-sample-project/deepracer_follow_the_leader_ws/install/deepracer_systems_pkg/lib/python3.8/site-packages/deepracer_systems_pkg/software_update_module/fetch_progress.py to fetch_progress.cpython-38.pyc
[3.805s] byte-compiling /root/deepracer_ws/aws-deepracer-follow-the-leader-sample-project/deepracer_follow_the_leader_ws/install/deepracer_systems_pkg/lib/python3.8/site-packages/deepracer_systems_pkg/software_update_module/install_progress.py to install_progress.cpython-38.pyc
[3.808s] byte-compiling /root/deepracer_ws/aws-deepracer-follow-the-leader-sample-project/deepracer_follow_the_leader_ws/install/deepracer_systems_pkg/lib/python3.8/site-packages/deepracer_systems_pkg/software_update_module/software_update_config.py to software_update_config.cpython-38.pyc
[3.810s] byte-compiling /root/deepracer_ws/aws-deepracer-follow-the-leader-sample-project/deepracer_follow_the_leader_ws/install/deepracer_systems_pkg/lib/python3.8/site-packages/deepracer_systems_pkg/software_update_module/software_update_node.py to software_update_node.cpython-38.pyc
[3.823s] byte-compiling /root/deepracer_ws/aws-deepracer-follow-the-leader-sample-project/deepracer_follow_the_leader_ws/install/deepracer_systems_pkg/lib/python3.8/site-packages/deepracer_systems_pkg/software_update_module/software_update_utils.py to software_update_utils.cpython-38.pyc
[3.825s] byte-compiling /root/deepracer_ws/aws-deepracer-follow-the-leader-sample-project/deepracer_follow_the_leader_ws/install/deepracer_systems_pkg/lib/python3.8/site-packages/deepracer_systems_pkg/model_loader_module/__init__.py to __init__.cpython-38.pyc
[3.827s] byte-compiling /root/deepracer_ws/aws-deepracer-follow-the-leader-sample-project/deepracer_follow_the_leader_ws/install/deepracer_systems_pkg/lib/python3.8/site-packages/deepracer_systems_pkg/model_loader_module/model_install_state.py to model_install_state.cpython-38.pyc
[3.831s] byte-compiling /root/deepracer_ws/aws-deepracer-follow-the-leader-sample-project/deepracer_follow_the_leader_ws/install/deepracer_systems_pkg/lib/python3.8/site-packages/deepracer_systems_pkg/model_loader_module/model_loader_config.py to model_loader_config.cpython-38.pyc
[3.834s] byte-compiling /root/deepracer_ws/aws-deepracer-follow-the-leader-sample-project/deepracer_follow_the_leader_ws/install/deepracer_systems_pkg/lib/python3.8/site-packages/deepracer_systems_pkg/model_loader_module/model_loader_node.py to model_loader_node.cpython-38.pyc
[3.844s] byte-compiling /root/deepracer_ws/aws-deepracer-follow-the-leader-sample-project/deepracer_follow_the_leader_ws/install/deepracer_systems_pkg/lib/python3.8/site-packages/deepracer_systems_pkg/model_loader_module/model_metadata_file_utils.py to model_metadata_file_utils.cpython-38.pyc
[3.848s] byte-compiling /root/deepracer_ws/aws-deepracer-follow-the-leader-sample-project/deepracer_follow_the_leader_ws/install/deepracer_systems_pkg/lib/python3.8/site-packages/deepracer_systems_pkg/otg_module/__init__.py to __init__.cpython-38.pyc
[3.852s] byte-compiling /root/deepracer_ws/aws-deepracer-follow-the-leader-sample-project/deepracer_follow_the_leader_ws/install/deepracer_systems_pkg/lib/python3.8/site-packages/deepracer_systems_pkg/otg_module/otg_config.py to otg_config.cpython-38.pyc
[3.854s] byte-compiling /root/deepracer_ws/aws-deepracer-follow-the-leader-sample-project/deepracer_follow_the_leader_ws/install/deepracer_systems_pkg/lib/python3.8/site-packages/deepracer_systems_pkg/otg_module/otg_control_node.py to otg_control_node.cpython-38.pyc
[3.858s] byte-compiling /root/deepracer_ws/aws-deepracer-follow-the-leader-sample-project/deepracer_follow_the_leader_ws/install/deepracer_systems_pkg/lib/python3.8/site-packages/deepracer_systems_pkg/network_monitor_module/__init__.py to __init__.cpython-38.pyc
[3.859s] byte-compiling /root/deepracer_ws/aws-deepracer-follow-the-leader-sample-project/deepracer_follow_the_leader_ws/install/deepracer_systems_pkg/lib/python3.8/site-packages/deepracer_systems_pkg/network_monitor_module/network_config.py to network_config.cpython-38.pyc
[3.862s] byte-compiling /root/deepracer_ws/aws-deepracer-follow-the-leader-sample-project/deepracer_follow_the_leader_ws/install/deepracer_systems_pkg/lib/python3.8/site-packages/deepracer_systems_pkg/network_monitor_module/network_monitor_node.py to network_monitor_node.cpython-38.pyc
[3.870s] byte-compiling /root/deepracer_ws/aws-deepracer-follow-the-leader-sample-project/deepracer_follow_the_leader_ws/install/deepracer_systems_pkg/lib/python3.8/site-packages/deepracer_systems_pkg/network_monitor_module/network_utils.py to network_utils.cpython-38.pyc
[3.873s] byte-compiling /root/deepracer_ws/aws-deepracer-follow-the-leader-sample-project/deepracer_follow_the_leader_ws/install/deepracer_systems_pkg/lib/python3.8/site-packages/deepracer_systems_pkg/network_monitor_module/wifi_config_utils.py to wifi_config_utils.cpython-38.pyc
[3.877s] byte-compiling /root/deepracer_ws/aws-deepracer-follow-the-leader-sample-project/deepracer_follow_the_leader_ws/install/deepracer_systems_pkg/lib/python3.8/site-packages/deepracer_systems_pkg/deepracer_systems_scripts_module/__init__.py to __init__.cpython-38.pyc
[3.879s] byte-compiling /root/deepracer_ws/aws-deepracer-follow-the-leader-sample-project/deepracer_follow_the_leader_ws/install/deepracer_systems_pkg/lib/python3.8/site-packages/deepracer_systems_pkg/deepracer_systems_scripts_module/deepracer_systems_scripts_node.py to deepracer_systems_scripts_node.cpython-38.pyc
[3.882s] running install_data
[4.041s] creating /root/deepracer_ws/aws-deepracer-follow-the-leader-sample-project/deepracer_follow_the_leader_ws/install/deepracer_systems_pkg/share/ament_index
[4.041s] creating /root/deepracer_ws/aws-deepracer-follow-the-leader-sample-project/deepracer_follow_the_leader_ws/install/deepracer_systems_pkg/share/ament_index/resource_index
[4.042s] creating /root/deepracer_ws/aws-deepracer-follow-the-leader-sample-project/deepracer_follow_the_leader_ws/install/deepracer_systems_pkg/share/ament_index/resource_index/packages
[4.042s] copying resource/deepracer_systems_pkg -> /root/deepracer_ws/aws-deepracer-follow-the-leader-sample-project/deepracer_follow_the_leader_ws/install/deepracer_systems_pkg/share/ament_index/resource_index/packages
[4.044s] copying package.xml -> /root/deepracer_ws/aws-deepracer-follow-the-leader-sample-project/deepracer_follow_the_leader_ws/install/deepracer_systems_pkg/share/deepracer_systems_pkg
[4.044s] copying launch/deepracer_systems_pkg_launch.py -> /root/deepracer_ws/aws-deepracer-follow-the-leader-sample-project/deepracer_follow_the_leader_ws/install/deepracer_systems_pkg/share/deepracer_systems_pkg
[4.046s] running install_egg_info
[4.058s] Copying ../../build/deepracer_systems_pkg/deepracer_systems_pkg.egg-info to /root/deepracer_ws/aws-deepracer-follow-the-leader-sample-project/deepracer_follow_the_leader_ws/install/deepracer_systems_pkg/lib/python3.8/site-packages/deepracer_systems_pkg-0.0.1-py3.8.egg-info
[4.062s] running install_scripts
[4.150s] Installing deepracer_systems_scripts_node script to /root/deepracer_ws/aws-deepracer-follow-the-leader-sample-project/deepracer_follow_the_leader_ws/install/deepracer_systems_pkg/lib/deepracer_systems_pkg
[4.150s] Installing model_loader_node script to /root/deepracer_ws/aws-deepracer-follow-the-leader-sample-project/deepracer_follow_the_leader_ws/install/deepracer_systems_pkg/lib/deepracer_systems_pkg
[4.152s] Installing network_monitor_node script to /root/deepracer_ws/aws-deepracer-follow-the-leader-sample-project/deepracer_follow_the_leader_ws/install/deepracer_systems_pkg/lib/deepracer_systems_pkg
[4.153s] Installing otg_control_node script to /root/deepracer_ws/aws-deepracer-follow-the-leader-sample-project/deepracer_follow_the_leader_ws/install/deepracer_systems_pkg/lib/deepracer_systems_pkg
[4.155s] Installing software_update_node script to /root/deepracer_ws/aws-deepracer-follow-the-leader-sample-project/deepracer_follow_the_leader_ws/install/deepracer_systems_pkg/lib/deepracer_systems_pkg
[4.159s] writing list of installed files to '/root/deepracer_ws/aws-deepracer-follow-the-leader-sample-project/deepracer_follow_the_leader_ws/build/deepracer_systems_pkg/install.log'
[4.245s] Invoked command in '/root/deepracer_ws/aws-deepracer-follow-the-leader-sample-project/deepracer_follow_the_leader_ws/aws-deepracer-systems-pkg/deepracer_systems_pkg' returned '0': AMENT_PREFIX_PATH=/root/deepracer_ws/aws-deepracer-follow-the-leader-sample-project/deepracer_follow_the_leader_ws/install/usb_monitor_pkg:/root/deepracer_ws/aws-deepracer-follow-the-leader-sample-project/deepracer_follow_the_leader_ws/install/status_led_pkg:/root/deepracer_ws/aws-deepracer-follow-the-leader-sample-project/deepracer_follow_the_leader_ws/install/deepracer_interfaces_pkg:${AMENT_PREFIX_PATH} CMAKE_PREFIX_PATH=/root/deepracer_ws/aws-deepracer-follow-the-leader-sample-project/deepracer_follow_the_leader_ws/install/deepracer_interfaces_pkg:${CMAKE_PREFIX_PATH} LD_LIBRARY_PATH=/root/deepracer_ws/aws-deepracer-follow-the-leader-sample-project/deepracer_follow_the_leader_ws/install/deepracer_interfaces_pkg/lib:${LD_LIBRARY_PATH} PYTHONPATH=/root/deepracer_ws/aws-deepracer-follow-the-leader-sample-project/deepracer_follow_the_leader_ws/install/deepracer_systems_pkg/lib/python3.8/site-packages:/root/deepracer_ws/aws-deepracer-follow-the-leader-sample-project/deepracer_follow_the_leader_ws/install/usb_monitor_pkg/lib/python3.8/site-packages:/root/deepracer_ws/aws-deepracer-follow-the-leader-sample-project/deepracer_follow_the_leader_ws/install/status_led_pkg/lib/python3.8/site-packages:/root/deepracer_ws/aws-deepracer-follow-the-leader-sample-project/deepracer_follow_the_leader_ws/install/deepracer_interfaces_pkg/lib/python3.8/site-packages:${PYTHONPATH} /usr/bin/python3 setup.py egg_info --egg-base ../../build/deepracer_systems_pkg build --build-base /root/deepracer_ws/aws-deepracer-follow-the-leader-sample-project/deepracer_follow_the_leader_ws/build/deepracer_systems_pkg/build install --prefix /root/deepracer_ws/aws-deepracer-follow-the-leader-sample-project/deepracer_follow_the_leader_ws/install/deepracer_systems_pkg --record /root/deepracer_ws/aws-deepracer-follow-the-leader-sample-project/deepracer_follow_the_leader_ws/build/deepracer_systems_pkg/install.log --single-version-externally-managed
