[1.380s] Invoking command in '/root/deepracer_ws/aws-deepracer-follow-the-leader-sample-project/deepracer_follow_the_leader_ws/aws-deepracer-model-optimizer-pkg/model_optimizer_pkg': AMENT_PREFIX_PATH=/root/deepracer_ws/aws-deepracer-follow-the-leader-sample-project/deepracer_follow_the_leader_ws/install/deepracer_interfaces_pkg:${AMENT_PREFIX_PATH} CMAKE_PREFIX_PATH=/root/deepracer_ws/aws-deepracer-follow-the-leader-sample-project/deepracer_follow_the_leader_ws/install/deepracer_interfaces_pkg:${CMAKE_PREFIX_PATH} LD_LIBRARY_PATH=/root/deepracer_ws/aws-deepracer-follow-the-leader-sample-project/deepracer_follow_the_leader_ws/install/deepracer_interfaces_pkg/lib:${LD_LIBRARY_PATH} PYTHONPATH=/root/deepracer_ws/aws-deepracer-follow-the-leader-sample-project/deepracer_follow_the_leader_ws/install/model_optimizer_pkg/lib/python3.8/site-packages:/root/deepracer_ws/aws-deepracer-follow-the-leader-sample-project/deepracer_follow_the_leader_ws/install/deepracer_interfaces_pkg/lib/python3.8/site-packages:${PYTHONPATH} /usr/bin/python3 setup.py egg_info --egg-base ../../build/model_optimizer_pkg build --build-base /root/deepracer_ws/aws-deepracer-follow-the-leader-sample-project/deepracer_follow_the_leader_ws/build/model_optimizer_pkg/build install --prefix /root/deepracer_ws/aws-deepracer-follow-the-leader-sample-project/deepracer_follow_the_leader_ws/install/model_optimizer_pkg --record /root/deepracer_ws/aws-deepracer-follow-the-leader-sample-project/deepracer_follow_the_leader_ws/build/model_optimizer_pkg/install.log --single-version-externally-managed
[2.443s] running egg_info
[2.446s] creating ../../build/model_optimizer_pkg/model_optimizer_pkg.egg-info
[2.446s] writing ../../build/model_optimizer_pkg/model_optimizer_pkg.egg-info/PKG-INFO
[2.447s] writing dependency_links to ../../build/model_optimizer_pkg/model_optimizer_pkg.egg-info/dependency_links.txt
[2.447s] writing entry points to ../../build/model_optimizer_pkg/model_optimizer_pkg.egg-info/entry_points.txt
[2.448s] writing requirements to ../../build/model_optimizer_pkg/model_optimizer_pkg.egg-info/requires.txt
[2.448s] writing top-level names to ../../build/model_optimizer_pkg/model_optimizer_pkg.egg-info/top_level.txt
[2.453s] writing manifest file '../../build/model_optimizer_pkg/model_optimizer_pkg.egg-info/SOURCES.txt'
[2.590s] reading manifest file '../../build/model_optimizer_pkg/model_optimizer_pkg.egg-info/SOURCES.txt'
[2.593s] writing manifest file '../../build/model_optimizer_pkg/model_optimizer_pkg.egg-info/SOURCES.txt'
[2.594s] running build
[2.594s] running build_py
[2.595s] creating /root/deepracer_ws/aws-deepracer-follow-the-leader-sample-project/deepracer_follow_the_leader_ws/build/model_optimizer_pkg/build
[2.595s] creating /root/deepracer_ws/aws-deepracer-follow-the-leader-sample-project/deepracer_follow_the_leader_ws/build/model_optimizer_pkg/build/lib
[2.596s] creating /root/deepracer_ws/aws-deepracer-follow-the-leader-sample-project/deepracer_follow_the_leader_ws/build/model_optimizer_pkg/build/lib/model_optimizer_pkg
[2.596s] copying model_optimizer_pkg/__init__.py -> /root/deepracer_ws/aws-deepracer-follow-the-leader-sample-project/deepracer_follow_the_leader_ws/build/model_optimizer_pkg/build/lib/model_optimizer_pkg
[2.597s] copying model_optimizer_pkg/constants.py -> /root/deepracer_ws/aws-deepracer-follow-the-leader-sample-project/deepracer_follow_the_leader_ws/build/model_optimizer_pkg/build/lib/model_optimizer_pkg
[2.750s] copying model_optimizer_pkg/model_optimizer_node.py -> /root/deepracer_ws/aws-deepracer-follow-the-leader-sample-project/deepracer_follow_the_leader_ws/build/model_optimizer_pkg/build/lib/model_optimizer_pkg
[2.753s] running install
[2.756s] running install_lib
[2.759s] creating /root/deepracer_ws/aws-deepracer-follow-the-leader-sample-project/deepracer_follow_the_leader_ws/install/model_optimizer_pkg/lib/python3.8/site-packages/model_optimizer_pkg
[2.760s] copying /root/deepracer_ws/aws-deepracer-follow-the-leader-sample-project/deepracer_follow_the_leader_ws/build/model_optimizer_pkg/build/lib/model_optimizer_pkg/__init__.py -> /root/deepracer_ws/aws-deepracer-follow-the-leader-sample-project/deepracer_follow_the_leader_ws/install/model_optimizer_pkg/lib/python3.8/site-packages/model_optimizer_pkg
[2.760s] copying /root/deepracer_ws/aws-deepracer-follow-the-leader-sample-project/deepracer_follow_the_leader_ws/build/model_optimizer_pkg/build/lib/model_optimizer_pkg/constants.py -> /root/deepracer_ws/aws-deepracer-follow-the-leader-sample-project/deepracer_follow_the_leader_ws/install/model_optimizer_pkg/lib/python3.8/site-packages/model_optimizer_pkg
[2.761s] copying /root/deepracer_ws/aws-deepracer-follow-the-leader-sample-project/deepracer_follow_the_leader_ws/build/model_optimizer_pkg/build/lib/model_optimizer_pkg/model_optimizer_node.py -> /root/deepracer_ws/aws-deepracer-follow-the-leader-sample-project/deepracer_follow_the_leader_ws/install/model_optimizer_pkg/lib/python3.8/site-packages/model_optimizer_pkg
[2.762s] byte-compiling /root/deepracer_ws/aws-deepracer-follow-the-leader-sample-project/deepracer_follow_the_leader_ws/install/model_optimizer_pkg/lib/python3.8/site-packages/model_optimizer_pkg/__init__.py to __init__.cpython-38.pyc
[2.767s] byte-compiling /root/deepracer_ws/aws-deepracer-follow-the-leader-sample-project/deepracer_follow_the_leader_ws/install/model_optimizer_pkg/lib/python3.8/site-packages/model_optimizer_pkg/constants.py to constants.cpython-38.pyc
[2.770s] byte-compiling /root/deepracer_ws/aws-deepracer-follow-the-leader-sample-project/deepracer_follow_the_leader_ws/install/model_optimizer_pkg/lib/python3.8/site-packages/model_optimizer_pkg/model_optimizer_node.py to model_optimizer_node.cpython-38.pyc
[2.775s] running install_data
[2.777s] creating /root/deepracer_ws/aws-deepracer-follow-the-leader-sample-project/deepracer_follow_the_leader_ws/install/model_optimizer_pkg/share/ament_index
[2.777s] creating /root/deepracer_ws/aws-deepracer-follow-the-leader-sample-project/deepracer_follow_the_leader_ws/install/model_optimizer_pkg/share/ament_index/resource_index
[2.777s] creating /root/deepracer_ws/aws-deepracer-follow-the-leader-sample-project/deepracer_follow_the_leader_ws/install/model_optimizer_pkg/share/ament_index/resource_index/packages
[2.778s] copying resource/model_optimizer_pkg -> /root/deepracer_ws/aws-deepracer-follow-the-leader-sample-project/deepracer_follow_the_leader_ws/install/model_optimizer_pkg/share/ament_index/resource_index/packages
[2.778s] copying package.xml -> /root/deepracer_ws/aws-deepracer-follow-the-leader-sample-project/deepracer_follow_the_leader_ws/install/model_optimizer_pkg/share/model_optimizer_pkg
[2.779s] copying launch/model_optimizer_pkg_launch.py -> /root/deepracer_ws/aws-deepracer-follow-the-leader-sample-project/deepracer_follow_the_leader_ws/install/model_optimizer_pkg/share/model_optimizer_pkg
[2.779s] running install_egg_info
[2.784s] Copying ../../build/model_optimizer_pkg/model_optimizer_pkg.egg-info to /root/deepracer_ws/aws-deepracer-follow-the-leader-sample-project/deepracer_follow_the_leader_ws/install/model_optimizer_pkg/lib/python3.8/site-packages/model_optimizer_pkg-0.0.1-py3.8.egg-info
[2.788s] running install_scripts
[2.862s] Installing model_optimizer_node script to /root/deepracer_ws/aws-deepracer-follow-the-leader-sample-project/deepracer_follow_the_leader_ws/install/model_optimizer_pkg/lib/model_optimizer_pkg
[2.863s] writing list of installed files to '/root/deepracer_ws/aws-deepracer-follow-the-leader-sample-project/deepracer_follow_the_leader_ws/build/model_optimizer_pkg/install.log'
[2.953s] Invoked command in '/root/deepracer_ws/aws-deepracer-follow-the-leader-sample-project/deepracer_follow_the_leader_ws/aws-deepracer-model-optimizer-pkg/model_optimizer_pkg' returned '0': AMENT_PREFIX_PATH=/root/deepracer_ws/aws-deepracer-follow-the-leader-sample-project/deepracer_follow_the_leader_ws/install/deepracer_interfaces_pkg:${AMENT_PREFIX_PATH} CMAKE_PREFIX_PATH=/root/deepracer_ws/aws-deepracer-follow-the-leader-sample-project/deepracer_follow_the_leader_ws/install/deepracer_interfaces_pkg:${CMAKE_PREFIX_PATH} LD_LIBRARY_PATH=/root/deepracer_ws/aws-deepracer-follow-the-leader-sample-project/deepracer_follow_the_leader_ws/install/deepracer_interfaces_pkg/lib:${LD_LIBRARY_PATH} PYTHONPATH=/root/deepracer_ws/aws-deepracer-follow-the-leader-sample-project/deepracer_follow_the_leader_ws/install/model_optimizer_pkg/lib/python3.8/site-packages:/root/deepracer_ws/aws-deepracer-follow-the-leader-sample-project/deepracer_follow_the_leader_ws/install/deepracer_interfaces_pkg/lib/python3.8/site-packages:${PYTHONPATH} /usr/bin/python3 setup.py egg_info --egg-base ../../build/model_optimizer_pkg build --build-base /root/deepracer_ws/aws-deepracer-follow-the-leader-sample-project/deepracer_follow_the_leader_ws/build/model_optimizer_pkg/build install --prefix /root/deepracer_ws/aws-deepracer-follow-the-leader-sample-project/deepracer_follow_the_leader_ws/install/model_optimizer_pkg --record /root/deepracer_ws/aws-deepracer-follow-the-leader-sample-project/deepracer_follow_the_leader_ws/build/model_optimizer_pkg/install.log --single-version-externally-managed
