[1.889s] Invoking command in '/root/deepracer_ws/aws-deepracer-follow-the-leader-sample-project/deepracer_follow_the_leader_ws/ftl_navigation_pkg': AMENT_PREFIX_PATH=/root/deepracer_ws/aws-deepracer-follow-the-leader-sample-project/deepracer_follow_the_leader_ws/install/deepracer_interfaces_pkg:${AMENT_PREFIX_PATH} CMAKE_PREFIX_PATH=/root/deepracer_ws/aws-deepracer-follow-the-leader-sample-project/deepracer_follow_the_leader_ws/install/deepracer_interfaces_pkg LD_LIBRARY_PATH=/root/deepracer_ws/aws-deepracer-follow-the-leader-sample-project/deepracer_follow_the_leader_ws/install/deepracer_interfaces_pkg/lib:${LD_LIBRARY_PATH} PYTHONPATH=/root/deepracer_ws/aws-deepracer-follow-the-leader-sample-project/deepracer_follow_the_leader_ws/install/ftl_navigation_pkg/lib/python3.8/site-packages:/root/deepracer_ws/aws-deepracer-follow-the-leader-sample-project/deepracer_follow_the_leader_ws/install/deepracer_interfaces_pkg/lib/python3.8/site-packages:${PYTHONPATH} /usr/bin/python3 setup.py egg_info --egg-base ../build/ftl_navigation_pkg build --build-base /root/deepracer_ws/aws-deepracer-follow-the-leader-sample-project/deepracer_follow_the_leader_ws/build/ftl_navigation_pkg/build install --prefix /root/deepracer_ws/aws-deepracer-follow-the-leader-sample-project/deepracer_follow_the_leader_ws/install/ftl_navigation_pkg --record /root/deepracer_ws/aws-deepracer-follow-the-leader-sample-project/deepracer_follow_the_leader_ws/build/ftl_navigation_pkg/install.log --single-version-externally-managed
[3.266s] running egg_info
[3.270s] writing ../build/ftl_navigation_pkg/ftl_navigation_pkg.egg-info/PKG-INFO
[3.272s] writing dependency_links to ../build/ftl_navigation_pkg/ftl_navigation_pkg.egg-info/dependency_links.txt
[3.274s] writing entry points to ../build/ftl_navigation_pkg/ftl_navigation_pkg.egg-info/entry_points.txt
[3.275s] writing requirements to ../build/ftl_navigation_pkg/ftl_navigation_pkg.egg-info/requires.txt
[3.276s] writing top-level names to ../build/ftl_navigation_pkg/ftl_navigation_pkg.egg-info/top_level.txt
[3.625s] reading manifest file '../build/ftl_navigation_pkg/ftl_navigation_pkg.egg-info/SOURCES.txt'
[3.630s] writing manifest file '../build/ftl_navigation_pkg/ftl_navigation_pkg.egg-info/SOURCES.txt'
[3.636s] running build
[3.637s] running build_py
[3.640s] running install
[3.653s] running install_lib
[3.660s] running install_data
[3.670s] running install_egg_info
[3.680s] removing '/root/deepracer_ws/aws-deepracer-follow-the-leader-sample-project/deepracer_follow_the_leader_ws/install/ftl_navigation_pkg/lib/python3.8/site-packages/ftl_navigation_pkg-0.0.1-py3.8.egg-info' (and everything under it)
[3.683s] Copying ../build/ftl_navigation_pkg/ftl_navigation_pkg.egg-info to /root/deepracer_ws/aws-deepracer-follow-the-leader-sample-project/deepracer_follow_the_leader_ws/install/ftl_navigation_pkg/lib/python3.8/site-packages/ftl_navigation_pkg-0.0.1-py3.8.egg-info
[3.698s] running install_scripts
[3.844s] Installing ftl_navigation_node script to /root/deepracer_ws/aws-deepracer-follow-the-leader-sample-project/deepracer_follow_the_leader_ws/install/ftl_navigation_pkg/lib/ftl_navigation_pkg
[3.847s] writing list of installed files to '/root/deepracer_ws/aws-deepracer-follow-the-leader-sample-project/deepracer_follow_the_leader_ws/build/ftl_navigation_pkg/install.log'
[4.057s] Invoked command in '/root/deepracer_ws/aws-deepracer-follow-the-leader-sample-project/deepracer_follow_the_leader_ws/ftl_navigation_pkg' returned '0': AMENT_PREFIX_PATH=/root/deepracer_ws/aws-deepracer-follow-the-leader-sample-project/deepracer_follow_the_leader_ws/install/deepracer_interfaces_pkg:${AMENT_PREFIX_PATH} CMAKE_PREFIX_PATH=/root/deepracer_ws/aws-deepracer-follow-the-leader-sample-project/deepracer_follow_the_leader_ws/install/deepracer_interfaces_pkg LD_LIBRARY_PATH=/root/deepracer_ws/aws-deepracer-follow-the-leader-sample-project/deepracer_follow_the_leader_ws/install/deepracer_interfaces_pkg/lib:${LD_LIBRARY_PATH} PYTHONPATH=/root/deepracer_ws/aws-deepracer-follow-the-leader-sample-project/deepracer_follow_the_leader_ws/install/ftl_navigation_pkg/lib/python3.8/site-packages:/root/deepracer_ws/aws-deepracer-follow-the-leader-sample-project/deepracer_follow_the_leader_ws/install/deepracer_interfaces_pkg/lib/python3.8/site-packages:${PYTHONPATH} /usr/bin/python3 setup.py egg_info --egg-base ../build/ftl_navigation_pkg build --build-base /root/deepracer_ws/aws-deepracer-follow-the-leader-sample-project/deepracer_follow_the_leader_ws/build/ftl_navigation_pkg/build install --prefix /root/deepracer_ws/aws-deepracer-follow-the-leader-sample-project/deepracer_follow_the_leader_ws/install/ftl_navigation_pkg --record /root/deepracer_ws/aws-deepracer-follow-the-leader-sample-project/deepracer_follow_the_leader_ws/build/ftl_navigation_pkg/install.log --single-version-externally-managed
