Performing C SOURCE FILE Test CMAKE_HAVE_LIBC_PTHREAD failed with the following output:
Change Dir: /root/deepracer_ws/aws-deepracer-follow-the-leader-sample-project/deepracer_follow_the_leader_ws/build/inference_pkg/CMakeFiles/CMakeTmp

Run Build Command(s):/usr/bin/make cmTC_4a594/fast && /usr/bin/make -f CMakeFiles/cmTC_4a594.dir/build.make CMakeFiles/cmTC_4a594.dir/build
make[1]: Entering directory '/root/deepracer_ws/aws-deepracer-follow-the-leader-sample-project/deepracer_follow_the_leader_ws/build/inference_pkg/CMakeFiles/CMakeTmp'
Building C object CMakeFiles/cmTC_4a594.dir/src.c.o
/usr/bin/cc   -DCMAKE_HAVE_LIBC_PTHREAD   -o CMakeFiles/cmTC_4a594.dir/src.c.o   -c /root/deepracer_ws/aws-deepracer-follow-the-leader-sample-project/deepracer_follow_the_leader_ws/build/inference_pkg/CMakeFiles/CMakeTmp/src.c
Linking C executable cmTC_4a594
/usr/bin/cmake -E cmake_link_script CMakeFiles/cmTC_4a594.dir/link.txt --verbose=1
/usr/bin/cc  -DCMAKE_HAVE_LIBC_PTHREAD    CMakeFiles/cmTC_4a594.dir/src.c.o  -o cmTC_4a594 
/usr/bin/ld: CMakeFiles/cmTC_4a594.dir/src.c.o: in function `main':
src.c:(.text+0x46): undefined reference to `pthread_create'
/usr/bin/ld: src.c:(.text+0x52): undefined reference to `pthread_detach'
/usr/bin/ld: src.c:(.text+0x63): undefined reference to `pthread_join'
collect2: error: ld returned 1 exit status
make[1]: *** [CMakeFiles/cmTC_4a594.dir/build.make:87: cmTC_4a594] Error 1
make[1]: Leaving directory '/root/deepracer_ws/aws-deepracer-follow-the-leader-sample-project/deepracer_follow_the_leader_ws/build/inference_pkg/CMakeFiles/CMakeTmp'
make: *** [Makefile:121: cmTC_4a594/fast] Error 2


Source file was:
#include <pthread.h>

void* test_func(void* data)
{
  return data;
}

int main(void)
{
  pthread_t thread;
  pthread_create(&thread, NULL, test_func, NULL);
  pthread_detach(thread);
  pthread_join(thread, NULL);
  pthread_atfork(NULL, NULL, NULL);
  pthread_exit(NULL);

  return 0;
}

Determining if the function pthread_create exists in the pthreads failed with the following output:
Change Dir: /root/deepracer_ws/aws-deepracer-follow-the-leader-sample-project/deepracer_follow_the_leader_ws/build/inference_pkg/CMakeFiles/CMakeTmp

Run Build Command(s):/usr/bin/make cmTC_b8688/fast && /usr/bin/make -f CMakeFiles/cmTC_b8688.dir/build.make CMakeFiles/cmTC_b8688.dir/build
make[1]: Entering directory '/root/deepracer_ws/aws-deepracer-follow-the-leader-sample-project/deepracer_follow_the_leader_ws/build/inference_pkg/CMakeFiles/CMakeTmp'
Building C object CMakeFiles/cmTC_b8688.dir/CheckFunctionExists.c.o
/usr/bin/cc   -DCHECK_FUNCTION_EXISTS=pthread_create   -o CMakeFiles/cmTC_b8688.dir/CheckFunctionExists.c.o   -c /usr/share/cmake-3.16/Modules/CheckFunctionExists.c
Linking C executable cmTC_b8688
/usr/bin/cmake -E cmake_link_script CMakeFiles/cmTC_b8688.dir/link.txt --verbose=1
/usr/bin/cc  -DCHECK_FUNCTION_EXISTS=pthread_create    CMakeFiles/cmTC_b8688.dir/CheckFunctionExists.c.o  -o cmTC_b8688  -lpthreads 
/usr/bin/ld: cannot find -lpthreads
collect2: error: ld returned 1 exit status
make[1]: *** [CMakeFiles/cmTC_b8688.dir/build.make:87: cmTC_b8688] Error 1
make[1]: Leaving directory '/root/deepracer_ws/aws-deepracer-follow-the-leader-sample-project/deepracer_follow_the_leader_ws/build/inference_pkg/CMakeFiles/CMakeTmp'
make: *** [Makefile:121: cmTC_b8688/fast] Error 2



