[1.147s] Invoking command in '/root/deepracer_ws/aws-deepracer-follow-the-leader-sample-project/deepracer_follow_the_leader_ws/aws-deepracer-device-info-pkg/device_info_pkg': AMENT_PREFIX_PATH=/root/deepracer_ws/aws-deepracer-follow-the-leader-sample-project/deepracer_follow_the_leader_ws/install/deepracer_interfaces_pkg:${AMENT_PREFIX_PATH} CMAKE_PREFIX_PATH=/root/deepracer_ws/aws-deepracer-follow-the-leader-sample-project/deepracer_follow_the_leader_ws/install/deepracer_interfaces_pkg:${CMAKE_PREFIX_PATH} LD_LIBRARY_PATH=/root/deepracer_ws/aws-deepracer-follow-the-leader-sample-project/deepracer_follow_the_leader_ws/install/deepracer_interfaces_pkg/lib:${LD_LIBRARY_PATH} PYTHONPATH=/root/deepracer_ws/aws-deepracer-follow-the-leader-sample-project/deepracer_follow_the_leader_ws/install/device_info_pkg/lib/python3.8/site-packages:/root/deepracer_ws/aws-deepracer-follow-the-leader-sample-project/deepracer_follow_the_leader_ws/install/deepracer_interfaces_pkg/lib/python3.8/site-packages:${PYTHONPATH} /usr/bin/python3 setup.py egg_info --egg-base ../../build/device_info_pkg build --build-base /root/deepracer_ws/aws-deepracer-follow-the-leader-sample-project/deepracer_follow_the_leader_ws/build/device_info_pkg/build install --prefix /root/deepracer_ws/aws-deepracer-follow-the-leader-sample-project/deepracer_follow_the_leader_ws/install/device_info_pkg --record /root/deepracer_ws/aws-deepracer-follow-the-leader-sample-project/deepracer_follow_the_leader_ws/build/device_info_pkg/install.log --single-version-externally-managed
[2.253s] running egg_info
[2.255s] writing ../../build/device_info_pkg/device_info_pkg.egg-info/PKG-INFO
[2.273s] writing dependency_links to ../../build/device_info_pkg/device_info_pkg.egg-info/dependency_links.txt
[2.273s] writing entry points to ../../build/device_info_pkg/device_info_pkg.egg-info/entry_points.txt
[2.274s] writing requirements to ../../build/device_info_pkg/device_info_pkg.egg-info/requires.txt
[2.274s] writing top-level names to ../../build/device_info_pkg/device_info_pkg.egg-info/top_level.txt
[2.399s] reading manifest file '../../build/device_info_pkg/device_info_pkg.egg-info/SOURCES.txt'
[2.405s] writing manifest file '../../build/device_info_pkg/device_info_pkg.egg-info/SOURCES.txt'
[2.406s] running build
[2.406s] running build_py
[2.407s] running install
[2.409s] running install_lib
[2.415s] running install_data
[2.418s] running install_egg_info
[2.425s] removing '/root/deepracer_ws/aws-deepracer-follow-the-leader-sample-project/deepracer_follow_the_leader_ws/install/device_info_pkg/lib/python3.8/site-packages/device_info_pkg-0.0.1-py3.8.egg-info' (and everything under it)
[2.426s] Copying ../../build/device_info_pkg/device_info_pkg.egg-info to /root/deepracer_ws/aws-deepracer-follow-the-leader-sample-project/deepracer_follow_the_leader_ws/install/device_info_pkg/lib/python3.8/site-packages/device_info_pkg-0.0.1-py3.8.egg-info
[2.430s] running install_scripts
[2.494s] Installing device_info_node script to /root/deepracer_ws/aws-deepracer-follow-the-leader-sample-project/deepracer_follow_the_leader_ws/install/device_info_pkg/lib/device_info_pkg
[2.496s] writing list of installed files to '/root/deepracer_ws/aws-deepracer-follow-the-leader-sample-project/deepracer_follow_the_leader_ws/build/device_info_pkg/install.log'
[2.576s] Invoked command in '/root/deepracer_ws/aws-deepracer-follow-the-leader-sample-project/deepracer_follow_the_leader_ws/aws-deepracer-device-info-pkg/device_info_pkg' returned '0': AMENT_PREFIX_PATH=/root/deepracer_ws/aws-deepracer-follow-the-leader-sample-project/deepracer_follow_the_leader_ws/install/deepracer_interfaces_pkg:${AMENT_PREFIX_PATH} CMAKE_PREFIX_PATH=/root/deepracer_ws/aws-deepracer-follow-the-leader-sample-project/deepracer_follow_the_leader_ws/install/deepracer_interfaces_pkg:${CMAKE_PREFIX_PATH} LD_LIBRARY_PATH=/root/deepracer_ws/aws-deepracer-follow-the-leader-sample-project/deepracer_follow_the_leader_ws/install/deepracer_interfaces_pkg/lib:${LD_LIBRARY_PATH} PYTHONPATH=/root/deepracer_ws/aws-deepracer-follow-the-leader-sample-project/deepracer_follow_the_leader_ws/install/device_info_pkg/lib/python3.8/site-packages:/root/deepracer_ws/aws-deepracer-follow-the-leader-sample-project/deepracer_follow_the_leader_ws/install/deepracer_interfaces_pkg/lib/python3.8/site-packages:${PYTHONPATH} /usr/bin/python3 setup.py egg_info --egg-base ../../build/device_info_pkg build --build-base /root/deepracer_ws/aws-deepracer-follow-the-leader-sample-project/deepracer_follow_the_leader_ws/build/device_info_pkg/build install --prefix /root/deepracer_ws/aws-deepracer-follow-the-leader-sample-project/deepracer_follow_the_leader_ws/install/device_info_pkg --record /root/deepracer_ws/aws-deepracer-follow-the-leader-sample-project/deepracer_follow_the_leader_ws/build/device_info_pkg/install.log --single-version-externally-managed
