[1.478s] Invoking command in '/root/deepracer_ws/aws-deepracer-follow-the-leader-sample-project/deepracer_follow_the_leader_ws/object_detection_pkg': AMENT_PREFIX_PATH=/root/deepracer_ws/aws-deepracer-follow-the-leader-sample-project/deepracer_follow_the_leader_ws/install/deepracer_interfaces_pkg:${AMENT_PREFIX_PATH} CMAKE_PREFIX_PATH=/root/deepracer_ws/aws-deepracer-follow-the-leader-sample-project/deepracer_follow_the_leader_ws/install/deepracer_interfaces_pkg LD_LIBRARY_PATH=/root/deepracer_ws/aws-deepracer-follow-the-leader-sample-project/deepracer_follow_the_leader_ws/install/deepracer_interfaces_pkg/lib:${LD_LIBRARY_PATH} PYTHONPATH=/root/deepracer_ws/aws-deepracer-follow-the-leader-sample-project/deepracer_follow_the_leader_ws/install/object_detection_pkg/lib/python3.8/site-packages:/root/deepracer_ws/aws-deepracer-follow-the-leader-sample-project/deepracer_follow_the_leader_ws/install/deepracer_interfaces_pkg/lib/python3.8/site-packages:${PYTHONPATH} /usr/bin/python3 setup.py egg_info --egg-base ../build/object_detection_pkg build --build-base /root/deepracer_ws/aws-deepracer-follow-the-leader-sample-project/deepracer_follow_the_leader_ws/build/object_detection_pkg/build install --prefix /root/deepracer_ws/aws-deepracer-follow-the-leader-sample-project/deepracer_follow_the_leader_ws/install/object_detection_pkg --record /root/deepracer_ws/aws-deepracer-follow-the-leader-sample-project/deepracer_follow_the_leader_ws/build/object_detection_pkg/install.log --single-version-externally-managed
[2.508s] running egg_info
[2.514s] writing ../build/object_detection_pkg/object_detection_pkg.egg-info/PKG-INFO
[2.514s] writing dependency_links to ../build/object_detection_pkg/object_detection_pkg.egg-info/dependency_links.txt
[2.514s] writing entry points to ../build/object_detection_pkg/object_detection_pkg.egg-info/entry_points.txt
[2.515s] writing requirements to ../build/object_detection_pkg/object_detection_pkg.egg-info/requires.txt
[2.515s] writing top-level names to ../build/object_detection_pkg/object_detection_pkg.egg-info/top_level.txt
[2.638s] reading manifest file '../build/object_detection_pkg/object_detection_pkg.egg-info/SOURCES.txt'
[2.641s] writing manifest file '../build/object_detection_pkg/object_detection_pkg.egg-info/SOURCES.txt'
[2.642s] running build
[2.642s] running build_py
[2.644s] running install
[2.646s] running install_lib
[2.653s] running install_data
[2.655s] running install_egg_info
[2.661s] removing '/root/deepracer_ws/aws-deepracer-follow-the-leader-sample-project/deepracer_follow_the_leader_ws/install/object_detection_pkg/lib/python3.8/site-packages/object_detection_pkg-0.0.1-py3.8.egg-info' (and everything under it)
[2.662s] Copying ../build/object_detection_pkg/object_detection_pkg.egg-info to /root/deepracer_ws/aws-deepracer-follow-the-leader-sample-project/deepracer_follow_the_leader_ws/install/object_detection_pkg/lib/python3.8/site-packages/object_detection_pkg-0.0.1-py3.8.egg-info
[2.666s] running install_scripts
[2.733s] Installing object_detection_node script to /root/deepracer_ws/aws-deepracer-follow-the-leader-sample-project/deepracer_follow_the_leader_ws/install/object_detection_pkg/lib/object_detection_pkg
[2.736s] writing list of installed files to '/root/deepracer_ws/aws-deepracer-follow-the-leader-sample-project/deepracer_follow_the_leader_ws/build/object_detection_pkg/install.log'
[2.828s] Invoked command in '/root/deepracer_ws/aws-deepracer-follow-the-leader-sample-project/deepracer_follow_the_leader_ws/object_detection_pkg' returned '0': AMENT_PREFIX_PATH=/root/deepracer_ws/aws-deepracer-follow-the-leader-sample-project/deepracer_follow_the_leader_ws/install/deepracer_interfaces_pkg:${AMENT_PREFIX_PATH} CMAKE_PREFIX_PATH=/root/deepracer_ws/aws-deepracer-follow-the-leader-sample-project/deepracer_follow_the_leader_ws/install/deepracer_interfaces_pkg LD_LIBRARY_PATH=/root/deepracer_ws/aws-deepracer-follow-the-leader-sample-project/deepracer_follow_the_leader_ws/install/deepracer_interfaces_pkg/lib:${LD_LIBRARY_PATH} PYTHONPATH=/root/deepracer_ws/aws-deepracer-follow-the-leader-sample-project/deepracer_follow_the_leader_ws/install/object_detection_pkg/lib/python3.8/site-packages:/root/deepracer_ws/aws-deepracer-follow-the-leader-sample-project/deepracer_follow_the_leader_ws/install/deepracer_interfaces_pkg/lib/python3.8/site-packages:${PYTHONPATH} /usr/bin/python3 setup.py egg_info --egg-base ../build/object_detection_pkg build --build-base /root/deepracer_ws/aws-deepracer-follow-the-leader-sample-project/deepracer_follow_the_leader_ws/build/object_detection_pkg/build install --prefix /root/deepracer_ws/aws-deepracer-follow-the-leader-sample-project/deepracer_follow_the_leader_ws/install/object_detection_pkg --record /root/deepracer_ws/aws-deepracer-follow-the-leader-sample-project/deepracer_follow_the_leader_ws/build/object_detection_pkg/install.log --single-version-externally-managed
