running egg_info
creating ../build/ftl_navigation_pkg/ftl_navigation_pkg.egg-info
writing ../build/ftl_navigation_pkg/ftl_navigation_pkg.egg-info/PKG-INFO
writing dependency_links to ../build/ftl_navigation_pkg/ftl_navigation_pkg.egg-info/dependency_links.txt
writing entry points to ../build/ftl_navigation_pkg/ftl_navigation_pkg.egg-info/entry_points.txt
writing requirements to ../build/ftl_navigation_pkg/ftl_navigation_pkg.egg-info/requires.txt
writing top-level names to ../build/ftl_navigation_pkg/ftl_navigation_pkg.egg-info/top_level.txt
writing manifest file '../build/ftl_navigation_pkg/ftl_navigation_pkg.egg-info/SOURCES.txt'
reading manifest file '../build/ftl_navigation_pkg/ftl_navigation_pkg.egg-info/SOURCES.txt'
writing manifest file '../build/ftl_navigation_pkg/ftl_navigation_pkg.egg-info/SOURCES.txt'
running build
running build_py
creating /root/deepracer_ws/aws-deepracer-follow-the-leader-sample-project/deepracer_follow_the_leader_ws/build/ftl_navigation_pkg/build
creating /root/deepracer_ws/aws-deepracer-follow-the-leader-sample-project/deepracer_follow_the_leader_ws/build/ftl_navigation_pkg/build/lib
creating /root/deepracer_ws/aws-deepracer-follow-the-leader-sample-project/deepracer_follow_the_leader_ws/build/ftl_navigation_pkg/build/lib/ftl_navigation_pkg
copying ftl_navigation_pkg/__init__.py -> /root/deepracer_ws/aws-deepracer-follow-the-leader-sample-project/deepracer_follow_the_leader_ws/build/ftl_navigation_pkg/build/lib/ftl_navigation_pkg
copying ftl_navigation_pkg/constants.py -> /root/deepracer_ws/aws-deepracer-follow-the-leader-sample-project/deepracer_follow_the_leader_ws/build/ftl_navigation_pkg/build/lib/ftl_navigation_pkg
copying ftl_navigation_pkg/ftl_navigation_node.py -> /root/deepracer_ws/aws-deepracer-follow-the-leader-sample-project/deepracer_follow_the_leader_ws/build/ftl_navigation_pkg/build/lib/ftl_navigation_pkg
copying ftl_navigation_pkg/utils.py -> /root/deepracer_ws/aws-deepracer-follow-the-leader-sample-project/deepracer_follow_the_leader_ws/build/ftl_navigation_pkg/build/lib/ftl_navigation_pkg
running install
running install_lib
creating /root/deepracer_ws/aws-deepracer-follow-the-leader-sample-project/deepracer_follow_the_leader_ws/install/ftl_navigation_pkg/lib/python3.8/site-packages/ftl_navigation_pkg
copying /root/deepracer_ws/aws-deepracer-follow-the-leader-sample-project/deepracer_follow_the_leader_ws/build/ftl_navigation_pkg/build/lib/ftl_navigation_pkg/__init__.py -> /root/deepracer_ws/aws-deepracer-follow-the-leader-sample-project/deepracer_follow_the_leader_ws/install/ftl_navigation_pkg/lib/python3.8/site-packages/ftl_navigation_pkg
copying /root/deepracer_ws/aws-deepracer-follow-the-leader-sample-project/deepracer_follow_the_leader_ws/build/ftl_navigation_pkg/build/lib/ftl_navigation_pkg/constants.py -> /root/deepracer_ws/aws-deepracer-follow-the-leader-sample-project/deepracer_follow_the_leader_ws/install/ftl_navigation_pkg/lib/python3.8/site-packages/ftl_navigation_pkg
copying /root/deepracer_ws/aws-deepracer-follow-the-leader-sample-project/deepracer_follow_the_leader_ws/build/ftl_navigation_pkg/build/lib/ftl_navigation_pkg/ftl_navigation_node.py -> /root/deepracer_ws/aws-deepracer-follow-the-leader-sample-project/deepracer_follow_the_leader_ws/install/ftl_navigation_pkg/lib/python3.8/site-packages/ftl_navigation_pkg
copying /root/deepracer_ws/aws-deepracer-follow-the-leader-sample-project/deepracer_follow_the_leader_ws/build/ftl_navigation_pkg/build/lib/ftl_navigation_pkg/utils.py -> /root/deepracer_ws/aws-deepracer-follow-the-leader-sample-project/deepracer_follow_the_leader_ws/install/ftl_navigation_pkg/lib/python3.8/site-packages/ftl_navigation_pkg
byte-compiling /root/deepracer_ws/aws-deepracer-follow-the-leader-sample-project/deepracer_follow_the_leader_ws/install/ftl_navigation_pkg/lib/python3.8/site-packages/ftl_navigation_pkg/__init__.py to __init__.cpython-38.pyc
byte-compiling /root/deepracer_ws/aws-deepracer-follow-the-leader-sample-project/deepracer_follow_the_leader_ws/install/ftl_navigation_pkg/lib/python3.8/site-packages/ftl_navigation_pkg/constants.py to constants.cpython-38.pyc
byte-compiling /root/deepracer_ws/aws-deepracer-follow-the-leader-sample-project/deepracer_follow_the_leader_ws/install/ftl_navigation_pkg/lib/python3.8/site-packages/ftl_navigation_pkg/ftl_navigation_node.py to ftl_navigation_node.cpython-38.pyc
byte-compiling /root/deepracer_ws/aws-deepracer-follow-the-leader-sample-project/deepracer_follow_the_leader_ws/install/ftl_navigation_pkg/lib/python3.8/site-packages/ftl_navigation_pkg/utils.py to utils.cpython-38.pyc
running install_data
creating /root/deepracer_ws/aws-deepracer-follow-the-leader-sample-project/deepracer_follow_the_leader_ws/install/ftl_navigation_pkg/share/ament_index
creating /root/deepracer_ws/aws-deepracer-follow-the-leader-sample-project/deepracer_follow_the_leader_ws/install/ftl_navigation_pkg/share/ament_index/resource_index
creating /root/deepracer_ws/aws-deepracer-follow-the-leader-sample-project/deepracer_follow_the_leader_ws/install/ftl_navigation_pkg/share/ament_index/resource_index/packages
copying resource/ftl_navigation_pkg -> /root/deepracer_ws/aws-deepracer-follow-the-leader-sample-project/deepracer_follow_the_leader_ws/install/ftl_navigation_pkg/share/ament_index/resource_index/packages
copying package.xml -> /root/deepracer_ws/aws-deepracer-follow-the-leader-sample-project/deepracer_follow_the_leader_ws/install/ftl_navigation_pkg/share/ftl_navigation_pkg
copying launch/ftl_navigation_pkg_launch.py -> /root/deepracer_ws/aws-deepracer-follow-the-leader-sample-project/deepracer_follow_the_leader_ws/install/ftl_navigation_pkg/share/ftl_navigation_pkg
running install_egg_info
Copying ../build/ftl_navigation_pkg/ftl_navigation_pkg.egg-info to /root/deepracer_ws/aws-deepracer-follow-the-leader-sample-project/deepracer_follow_the_leader_ws/install/ftl_navigation_pkg/lib/python3.8/site-packages/ftl_navigation_pkg-0.0.1-py3.8.egg-info
running install_scripts
Installing ftl_navigation_node script to /root/deepracer_ws/aws-deepracer-follow-the-leader-sample-project/deepracer_follow_the_leader_ws/install/ftl_navigation_pkg/lib/ftl_navigation_pkg
writing list of installed files to '/root/deepracer_ws/aws-deepracer-follow-the-leader-sample-project/deepracer_follow_the_leader_ws/build/ftl_navigation_pkg/install.log'
