[1.404s] Invoking command in '/root/deepracer_ws/aws-deepracer-follow-the-leader-sample-project/deepracer_follow_the_leader_ws/aws-deepracer-systems-pkg/deepracer_systems_pkg': AMENT_PREFIX_PATH=/root/deepracer_ws/aws-deepracer-follow-the-leader-sample-project/deepracer_follow_the_leader_ws/install/usb_monitor_pkg:/root/deepracer_ws/aws-deepracer-follow-the-leader-sample-project/deepracer_follow_the_leader_ws/install/status_led_pkg:/root/deepracer_ws/aws-deepracer-follow-the-leader-sample-project/deepracer_follow_the_leader_ws/install/deepracer_interfaces_pkg:${AMENT_PREFIX_PATH} CMAKE_PREFIX_PATH=/root/deepracer_ws/aws-deepracer-follow-the-leader-sample-project/deepracer_follow_the_leader_ws/install/deepracer_interfaces_pkg LD_LIBRARY_PATH=/root/deepracer_ws/aws-deepracer-follow-the-leader-sample-project/deepracer_follow_the_leader_ws/install/deepracer_interfaces_pkg/lib:${LD_LIBRARY_PATH} PYTHONPATH=/root/deepracer_ws/aws-deepracer-follow-the-leader-sample-project/deepracer_follow_the_leader_ws/install/deepracer_systems_pkg/lib/python3.8/site-packages:/root/deepracer_ws/aws-deepracer-follow-the-leader-sample-project/deepracer_follow_the_leader_ws/install/usb_monitor_pkg/lib/python3.8/site-packages:/root/deepracer_ws/aws-deepracer-follow-the-leader-sample-project/deepracer_follow_the_leader_ws/install/status_led_pkg/lib/python3.8/site-packages:/root/deepracer_ws/aws-deepracer-follow-the-leader-sample-project/deepracer_follow_the_leader_ws/install/deepracer_interfaces_pkg/lib/python3.8/site-packages:${PYTHONPATH} /usr/bin/python3 setup.py egg_info --egg-base ../../build/deepracer_systems_pkg build --build-base /root/deepracer_ws/aws-deepracer-follow-the-leader-sample-project/deepracer_follow_the_leader_ws/build/deepracer_systems_pkg/build install --prefix /root/deepracer_ws/aws-deepracer-follow-the-leader-sample-project/deepracer_follow_the_leader_ws/install/deepracer_systems_pkg --record /root/deepracer_ws/aws-deepracer-follow-the-leader-sample-project/deepracer_follow_the_leader_ws/build/deepracer_systems_pkg/install.log --single-version-externally-managed
[2.641s] running egg_info
[2.651s] writing ../../build/deepracer_systems_pkg/deepracer_systems_pkg.egg-info/PKG-INFO
[2.652s] writing dependency_links to ../../build/deepracer_systems_pkg/deepracer_systems_pkg.egg-info/dependency_links.txt
[2.653s] writing entry points to ../../build/deepracer_systems_pkg/deepracer_systems_pkg.egg-info/entry_points.txt
[2.665s] writing requirements to ../../build/deepracer_systems_pkg/deepracer_systems_pkg.egg-info/requires.txt
[2.666s] writing top-level names to ../../build/deepracer_systems_pkg/deepracer_systems_pkg.egg-info/top_level.txt
[3.081s] reading manifest file '../../build/deepracer_systems_pkg/deepracer_systems_pkg.egg-info/SOURCES.txt'
[3.096s] writing manifest file '../../build/deepracer_systems_pkg/deepracer_systems_pkg.egg-info/SOURCES.txt'
[3.097s] running build
[3.097s] running build_py
[3.120s] running install
[3.123s] running install_lib
[3.142s] running install_data
[3.144s] running install_egg_info
[3.158s] removing '/root/deepracer_ws/aws-deepracer-follow-the-leader-sample-project/deepracer_follow_the_leader_ws/install/deepracer_systems_pkg/lib/python3.8/site-packages/deepracer_systems_pkg-0.0.1-py3.8.egg-info' (and everything under it)
[3.160s] Copying ../../build/deepracer_systems_pkg/deepracer_systems_pkg.egg-info to /root/deepracer_ws/aws-deepracer-follow-the-leader-sample-project/deepracer_follow_the_leader_ws/install/deepracer_systems_pkg/lib/python3.8/site-packages/deepracer_systems_pkg-0.0.1-py3.8.egg-info
[3.172s] running install_scripts
[3.394s] Installing deepracer_systems_scripts_node script to /root/deepracer_ws/aws-deepracer-follow-the-leader-sample-project/deepracer_follow_the_leader_ws/install/deepracer_systems_pkg/lib/deepracer_systems_pkg
[3.395s] Installing model_loader_node script to /root/deepracer_ws/aws-deepracer-follow-the-leader-sample-project/deepracer_follow_the_leader_ws/install/deepracer_systems_pkg/lib/deepracer_systems_pkg
[3.395s] Installing network_monitor_node script to /root/deepracer_ws/aws-deepracer-follow-the-leader-sample-project/deepracer_follow_the_leader_ws/install/deepracer_systems_pkg/lib/deepracer_systems_pkg
[3.395s] Installing otg_control_node script to /root/deepracer_ws/aws-deepracer-follow-the-leader-sample-project/deepracer_follow_the_leader_ws/install/deepracer_systems_pkg/lib/deepracer_systems_pkg
[3.396s] Installing software_update_node script to /root/deepracer_ws/aws-deepracer-follow-the-leader-sample-project/deepracer_follow_the_leader_ws/install/deepracer_systems_pkg/lib/deepracer_systems_pkg
[3.396s] writing list of installed files to '/root/deepracer_ws/aws-deepracer-follow-the-leader-sample-project/deepracer_follow_the_leader_ws/build/deepracer_systems_pkg/install.log'
[3.863s] Invoked command in '/root/deepracer_ws/aws-deepracer-follow-the-leader-sample-project/deepracer_follow_the_leader_ws/aws-deepracer-systems-pkg/deepracer_systems_pkg' returned '0': AMENT_PREFIX_PATH=/root/deepracer_ws/aws-deepracer-follow-the-leader-sample-project/deepracer_follow_the_leader_ws/install/usb_monitor_pkg:/root/deepracer_ws/aws-deepracer-follow-the-leader-sample-project/deepracer_follow_the_leader_ws/install/status_led_pkg:/root/deepracer_ws/aws-deepracer-follow-the-leader-sample-project/deepracer_follow_the_leader_ws/install/deepracer_interfaces_pkg:${AMENT_PREFIX_PATH} CMAKE_PREFIX_PATH=/root/deepracer_ws/aws-deepracer-follow-the-leader-sample-project/deepracer_follow_the_leader_ws/install/deepracer_interfaces_pkg LD_LIBRARY_PATH=/root/deepracer_ws/aws-deepracer-follow-the-leader-sample-project/deepracer_follow_the_leader_ws/install/deepracer_interfaces_pkg/lib:${LD_LIBRARY_PATH} PYTHONPATH=/root/deepracer_ws/aws-deepracer-follow-the-leader-sample-project/deepracer_follow_the_leader_ws/install/deepracer_systems_pkg/lib/python3.8/site-packages:/root/deepracer_ws/aws-deepracer-follow-the-leader-sample-project/deepracer_follow_the_leader_ws/install/usb_monitor_pkg/lib/python3.8/site-packages:/root/deepracer_ws/aws-deepracer-follow-the-leader-sample-project/deepracer_follow_the_leader_ws/install/status_led_pkg/lib/python3.8/site-packages:/root/deepracer_ws/aws-deepracer-follow-the-leader-sample-project/deepracer_follow_the_leader_ws/install/deepracer_interfaces_pkg/lib/python3.8/site-packages:${PYTHONPATH} /usr/bin/python3 setup.py egg_info --egg-base ../../build/deepracer_systems_pkg build --build-base /root/deepracer_ws/aws-deepracer-follow-the-leader-sample-project/deepracer_follow_the_leader_ws/build/deepracer_systems_pkg/build install --prefix /root/deepracer_ws/aws-deepracer-follow-the-leader-sample-project/deepracer_follow_the_leader_ws/install/deepracer_systems_pkg --record /root/deepracer_ws/aws-deepracer-follow-the-leader-sample-project/deepracer_follow_the_leader_ws/build/deepracer_systems_pkg/install.log --single-version-externally-managed
