[1.106s] Invoking command in '/root/deepracer_ws/aws-deepracer-follow-the-leader-sample-project/deepracer_follow_the_leader_ws/object_detection_pkg': AMENT_PREFIX_PATH=/root/deepracer_ws/aws-deepracer-follow-the-leader-sample-project/deepracer_follow_the_leader_ws/install/deepracer_interfaces_pkg:${AMENT_PREFIX_PATH} CMAKE_PREFIX_PATH=/root/deepracer_ws/aws-deepracer-follow-the-leader-sample-project/deepracer_follow_the_leader_ws/install/deepracer_interfaces_pkg LD_LIBRARY_PATH=/root/deepracer_ws/aws-deepracer-follow-the-leader-sample-project/deepracer_follow_the_leader_ws/install/deepracer_interfaces_pkg/lib:${LD_LIBRARY_PATH} PYTHONPATH=/root/deepracer_ws/aws-deepracer-follow-the-leader-sample-project/deepracer_follow_the_leader_ws/install/object_detection_pkg/lib/python3.8/site-packages:/root/deepracer_ws/aws-deepracer-follow-the-leader-sample-project/deepracer_follow_the_leader_ws/install/deepracer_interfaces_pkg/lib/python3.8/site-packages:${PYTHONPATH} /usr/bin/python3 setup.py egg_info --egg-base ../build/object_detection_pkg build --build-base /root/deepracer_ws/aws-deepracer-follow-the-leader-sample-project/deepracer_follow_the_leader_ws/build/object_detection_pkg/build install --prefix /root/deepracer_ws/aws-deepracer-follow-the-leader-sample-project/deepracer_follow_the_leader_ws/install/object_detection_pkg --record /root/deepracer_ws/aws-deepracer-follow-the-leader-sample-project/deepracer_follow_the_leader_ws/build/object_detection_pkg/install.log --single-version-externally-managed
[2.045s] running egg_info
[2.049s] writing ../build/object_detection_pkg/object_detection_pkg.egg-info/PKG-INFO
[2.051s] writing dependency_links to ../build/object_detection_pkg/object_detection_pkg.egg-info/dependency_links.txt
[2.052s] writing entry points to ../build/object_detection_pkg/object_detection_pkg.egg-info/entry_points.txt
[2.053s] writing requirements to ../build/object_detection_pkg/object_detection_pkg.egg-info/requires.txt
[2.054s] writing top-level names to ../build/object_detection_pkg/object_detection_pkg.egg-info/top_level.txt
[2.185s] reading manifest file '../build/object_detection_pkg/object_detection_pkg.egg-info/SOURCES.txt'
[2.190s] writing manifest file '../build/object_detection_pkg/object_detection_pkg.egg-info/SOURCES.txt'
[2.191s] running build
[2.191s] running build_py
[2.192s] running install
[2.196s] running install_lib
[2.202s] running install_data
[2.204s] running install_egg_info
[2.211s] removing '/root/deepracer_ws/aws-deepracer-follow-the-leader-sample-project/deepracer_follow_the_leader_ws/install/object_detection_pkg/lib/python3.8/site-packages/object_detection_pkg-0.0.1-py3.8.egg-info' (and everything under it)
[2.212s] Copying ../build/object_detection_pkg/object_detection_pkg.egg-info to /root/deepracer_ws/aws-deepracer-follow-the-leader-sample-project/deepracer_follow_the_leader_ws/install/object_detection_pkg/lib/python3.8/site-packages/object_detection_pkg-0.0.1-py3.8.egg-info
[2.216s] running install_scripts
[2.281s] Installing object_detection_node script to /root/deepracer_ws/aws-deepracer-follow-the-leader-sample-project/deepracer_follow_the_leader_ws/install/object_detection_pkg/lib/object_detection_pkg
[2.283s] writing list of installed files to '/root/deepracer_ws/aws-deepracer-follow-the-leader-sample-project/deepracer_follow_the_leader_ws/build/object_detection_pkg/install.log'
[2.363s] Invoked command in '/root/deepracer_ws/aws-deepracer-follow-the-leader-sample-project/deepracer_follow_the_leader_ws/object_detection_pkg' returned '0': AMENT_PREFIX_PATH=/root/deepracer_ws/aws-deepracer-follow-the-leader-sample-project/deepracer_follow_the_leader_ws/install/deepracer_interfaces_pkg:${AMENT_PREFIX_PATH} CMAKE_PREFIX_PATH=/root/deepracer_ws/aws-deepracer-follow-the-leader-sample-project/deepracer_follow_the_leader_ws/install/deepracer_interfaces_pkg LD_LIBRARY_PATH=/root/deepracer_ws/aws-deepracer-follow-the-leader-sample-project/deepracer_follow_the_leader_ws/install/deepracer_interfaces_pkg/lib:${LD_LIBRARY_PATH} PYTHONPATH=/root/deepracer_ws/aws-deepracer-follow-the-leader-sample-project/deepracer_follow_the_leader_ws/install/object_detection_pkg/lib/python3.8/site-packages:/root/deepracer_ws/aws-deepracer-follow-the-leader-sample-project/deepracer_follow_the_leader_ws/install/deepracer_interfaces_pkg/lib/python3.8/site-packages:${PYTHONPATH} /usr/bin/python3 setup.py egg_info --egg-base ../build/object_detection_pkg build --build-base /root/deepracer_ws/aws-deepracer-follow-the-leader-sample-project/deepracer_follow_the_leader_ws/build/object_detection_pkg/build install --prefix /root/deepracer_ws/aws-deepracer-follow-the-leader-sample-project/deepracer_follow_the_leader_ws/install/object_detection_pkg --record /root/deepracer_ws/aws-deepracer-follow-the-leader-sample-project/deepracer_follow_the_leader_ws/build/object_detection_pkg/install.log --single-version-externally-managed
