[1.057s] Invoking command in '/root/deepracer_ws/aws-deepracer-follow-the-leader-sample-project/deepracer_follow_the_leader_ws/ftl_navigation_pkg': AMENT_PREFIX_PATH=/root/deepracer_ws/aws-deepracer-follow-the-leader-sample-project/deepracer_follow_the_leader_ws/install/deepracer_interfaces_pkg:${AMENT_PREFIX_PATH} CMAKE_PREFIX_PATH=/root/deepracer_ws/aws-deepracer-follow-the-leader-sample-project/deepracer_follow_the_leader_ws/install/deepracer_interfaces_pkg LD_LIBRARY_PATH=/root/deepracer_ws/aws-deepracer-follow-the-leader-sample-project/deepracer_follow_the_leader_ws/install/deepracer_interfaces_pkg/lib:${LD_LIBRARY_PATH} PYTHONPATH=/root/deepracer_ws/aws-deepracer-follow-the-leader-sample-project/deepracer_follow_the_leader_ws/install/ftl_navigation_pkg/lib/python3.8/site-packages:/root/deepracer_ws/aws-deepracer-follow-the-leader-sample-project/deepracer_follow_the_leader_ws/install/deepracer_interfaces_pkg/lib/python3.8/site-packages:${PYTHONPATH} /usr/bin/python3 setup.py egg_info --egg-base ../build/ftl_navigation_pkg build --build-base /root/deepracer_ws/aws-deepracer-follow-the-leader-sample-project/deepracer_follow_the_leader_ws/build/ftl_navigation_pkg/build install --prefix /root/deepracer_ws/aws-deepracer-follow-the-leader-sample-project/deepracer_follow_the_leader_ws/install/ftl_navigation_pkg --record /root/deepracer_ws/aws-deepracer-follow-the-leader-sample-project/deepracer_follow_the_leader_ws/build/ftl_navigation_pkg/install.log --single-version-externally-managed
[2.072s] running egg_info
[2.074s] writing ../build/ftl_navigation_pkg/ftl_navigation_pkg.egg-info/PKG-INFO
[2.076s] writing dependency_links to ../build/ftl_navigation_pkg/ftl_navigation_pkg.egg-info/dependency_links.txt
[2.077s] writing entry points to ../build/ftl_navigation_pkg/ftl_navigation_pkg.egg-info/entry_points.txt
[2.078s] writing requirements to ../build/ftl_navigation_pkg/ftl_navigation_pkg.egg-info/requires.txt
[2.079s] writing top-level names to ../build/ftl_navigation_pkg/ftl_navigation_pkg.egg-info/top_level.txt
[2.216s] reading manifest file '../build/ftl_navigation_pkg/ftl_navigation_pkg.egg-info/SOURCES.txt'
[2.220s] writing manifest file '../build/ftl_navigation_pkg/ftl_navigation_pkg.egg-info/SOURCES.txt'
[2.221s] running build
[2.221s] running build_py
[2.223s] running install
[2.227s] running install_lib
[2.233s] running install_data
[2.235s] running install_egg_info
[2.241s] removing '/root/deepracer_ws/aws-deepracer-follow-the-leader-sample-project/deepracer_follow_the_leader_ws/install/ftl_navigation_pkg/lib/python3.8/site-packages/ftl_navigation_pkg-0.0.1-py3.8.egg-info' (and everything under it)
[2.244s] Copying ../build/ftl_navigation_pkg/ftl_navigation_pkg.egg-info to /root/deepracer_ws/aws-deepracer-follow-the-leader-sample-project/deepracer_follow_the_leader_ws/install/ftl_navigation_pkg/lib/python3.8/site-packages/ftl_navigation_pkg-0.0.1-py3.8.egg-info
[2.247s] running install_scripts
[2.316s] Installing ftl_navigation_node script to /root/deepracer_ws/aws-deepracer-follow-the-leader-sample-project/deepracer_follow_the_leader_ws/install/ftl_navigation_pkg/lib/ftl_navigation_pkg
[2.318s] writing list of installed files to '/root/deepracer_ws/aws-deepracer-follow-the-leader-sample-project/deepracer_follow_the_leader_ws/build/ftl_navigation_pkg/install.log'
[2.627s] Invoked command in '/root/deepracer_ws/aws-deepracer-follow-the-leader-sample-project/deepracer_follow_the_leader_ws/ftl_navigation_pkg' returned '0': AMENT_PREFIX_PATH=/root/deepracer_ws/aws-deepracer-follow-the-leader-sample-project/deepracer_follow_the_leader_ws/install/deepracer_interfaces_pkg:${AMENT_PREFIX_PATH} CMAKE_PREFIX_PATH=/root/deepracer_ws/aws-deepracer-follow-the-leader-sample-project/deepracer_follow_the_leader_ws/install/deepracer_interfaces_pkg LD_LIBRARY_PATH=/root/deepracer_ws/aws-deepracer-follow-the-leader-sample-project/deepracer_follow_the_leader_ws/install/deepracer_interfaces_pkg/lib:${LD_LIBRARY_PATH} PYTHONPATH=/root/deepracer_ws/aws-deepracer-follow-the-leader-sample-project/deepracer_follow_the_leader_ws/install/ftl_navigation_pkg/lib/python3.8/site-packages:/root/deepracer_ws/aws-deepracer-follow-the-leader-sample-project/deepracer_follow_the_leader_ws/install/deepracer_interfaces_pkg/lib/python3.8/site-packages:${PYTHONPATH} /usr/bin/python3 setup.py egg_info --egg-base ../build/ftl_navigation_pkg build --build-base /root/deepracer_ws/aws-deepracer-follow-the-leader-sample-project/deepracer_follow_the_leader_ws/build/ftl_navigation_pkg/build install --prefix /root/deepracer_ws/aws-deepracer-follow-the-leader-sample-project/deepracer_follow_the_leader_ws/install/ftl_navigation_pkg --record /root/deepracer_ws/aws-deepracer-follow-the-leader-sample-project/deepracer_follow_the_leader_ws/build/ftl_navigation_pkg/install.log --single-version-externally-managed
