[1.345s] Invoking command in '/root/deepracer_ws/aws-deepracer-follow-the-leader-sample-project/deepracer_follow_the_leader_ws/aws-deepracer-navigation-pkg/deepracer_navigation_pkg': AMENT_PREFIX_PATH=/root/deepracer_ws/aws-deepracer-follow-the-leader-sample-project/deepracer_follow_the_leader_ws/install/deepracer_interfaces_pkg:${AMENT_PREFIX_PATH} CMAKE_PREFIX_PATH=/root/deepracer_ws/aws-deepracer-follow-the-leader-sample-project/deepracer_follow_the_leader_ws/install/deepracer_interfaces_pkg:${CMAKE_PREFIX_PATH} LD_LIBRARY_PATH=/root/deepracer_ws/aws-deepracer-follow-the-leader-sample-project/deepracer_follow_the_leader_ws/install/deepracer_interfaces_pkg/lib:${LD_LIBRARY_PATH} PYTHONPATH=/root/deepracer_ws/aws-deepracer-follow-the-leader-sample-project/deepracer_follow_the_leader_ws/install/deepracer_navigation_pkg/lib/python3.8/site-packages:/root/deepracer_ws/aws-deepracer-follow-the-leader-sample-project/deepracer_follow_the_leader_ws/install/deepracer_interfaces_pkg/lib/python3.8/site-packages:${PYTHONPATH} /usr/bin/python3 setup.py egg_info --egg-base ../../build/deepracer_navigation_pkg build --build-base /root/deepracer_ws/aws-deepracer-follow-the-leader-sample-project/deepracer_follow_the_leader_ws/build/deepracer_navigation_pkg/build install --prefix /root/deepracer_ws/aws-deepracer-follow-the-leader-sample-project/deepracer_follow_the_leader_ws/install/deepracer_navigation_pkg --record /root/deepracer_ws/aws-deepracer-follow-the-leader-sample-project/deepracer_follow_the_leader_ws/build/deepracer_navigation_pkg/install.log --single-version-externally-managed
[2.343s] running egg_info
[2.346s] writing ../../build/deepracer_navigation_pkg/deepracer_navigation_pkg.egg-info/PKG-INFO
[2.347s] writing dependency_links to ../../build/deepracer_navigation_pkg/deepracer_navigation_pkg.egg-info/dependency_links.txt
[2.347s] writing entry points to ../../build/deepracer_navigation_pkg/deepracer_navigation_pkg.egg-info/entry_points.txt
[2.348s] writing requirements to ../../build/deepracer_navigation_pkg/deepracer_navigation_pkg.egg-info/requires.txt
[2.348s] writing top-level names to ../../build/deepracer_navigation_pkg/deepracer_navigation_pkg.egg-info/top_level.txt
[2.477s] reading manifest file '../../build/deepracer_navigation_pkg/deepracer_navigation_pkg.egg-info/SOURCES.txt'
[2.481s] writing manifest file '../../build/deepracer_navigation_pkg/deepracer_navigation_pkg.egg-info/SOURCES.txt'
[2.481s] running build
[2.482s] running build_py
[2.482s] running install
[2.486s] running install_lib
[2.492s] running install_data
[2.494s] running install_egg_info
[2.500s] removing '/root/deepracer_ws/aws-deepracer-follow-the-leader-sample-project/deepracer_follow_the_leader_ws/install/deepracer_navigation_pkg/lib/python3.8/site-packages/deepracer_navigation_pkg-0.0.1-py3.8.egg-info' (and everything under it)
[2.501s] Copying ../../build/deepracer_navigation_pkg/deepracer_navigation_pkg.egg-info to /root/deepracer_ws/aws-deepracer-follow-the-leader-sample-project/deepracer_follow_the_leader_ws/install/deepracer_navigation_pkg/lib/python3.8/site-packages/deepracer_navigation_pkg-0.0.1-py3.8.egg-info
[2.504s] running install_scripts
[2.570s] Installing deepracer_navigation_node script to /root/deepracer_ws/aws-deepracer-follow-the-leader-sample-project/deepracer_follow_the_leader_ws/install/deepracer_navigation_pkg/lib/deepracer_navigation_pkg
[2.572s] writing list of installed files to '/root/deepracer_ws/aws-deepracer-follow-the-leader-sample-project/deepracer_follow_the_leader_ws/build/deepracer_navigation_pkg/install.log'
[2.657s] Invoked command in '/root/deepracer_ws/aws-deepracer-follow-the-leader-sample-project/deepracer_follow_the_leader_ws/aws-deepracer-navigation-pkg/deepracer_navigation_pkg' returned '0': AMENT_PREFIX_PATH=/root/deepracer_ws/aws-deepracer-follow-the-leader-sample-project/deepracer_follow_the_leader_ws/install/deepracer_interfaces_pkg:${AMENT_PREFIX_PATH} CMAKE_PREFIX_PATH=/root/deepracer_ws/aws-deepracer-follow-the-leader-sample-project/deepracer_follow_the_leader_ws/install/deepracer_interfaces_pkg:${CMAKE_PREFIX_PATH} LD_LIBRARY_PATH=/root/deepracer_ws/aws-deepracer-follow-the-leader-sample-project/deepracer_follow_the_leader_ws/install/deepracer_interfaces_pkg/lib:${LD_LIBRARY_PATH} PYTHONPATH=/root/deepracer_ws/aws-deepracer-follow-the-leader-sample-project/deepracer_follow_the_leader_ws/install/deepracer_navigation_pkg/lib/python3.8/site-packages:/root/deepracer_ws/aws-deepracer-follow-the-leader-sample-project/deepracer_follow_the_leader_ws/install/deepracer_interfaces_pkg/lib/python3.8/site-packages:${PYTHONPATH} /usr/bin/python3 setup.py egg_info --egg-base ../../build/deepracer_navigation_pkg build --build-base /root/deepracer_ws/aws-deepracer-follow-the-leader-sample-project/deepracer_follow_the_leader_ws/build/deepracer_navigation_pkg/build install --prefix /root/deepracer_ws/aws-deepracer-follow-the-leader-sample-project/deepracer_follow_the_leader_ws/install/deepracer_navigation_pkg --record /root/deepracer_ws/aws-deepracer-follow-the-leader-sample-project/deepracer_follow_the_leader_ws/build/deepracer_navigation_pkg/install.log --single-version-externally-managed
