[1.322s] Invoking command in '/root/deepracer_ws/aws-deepracer-follow-the-leader-sample-project/deepracer_follow_the_leader_ws/aws-deepracer-navigation-pkg/deepracer_navigation_pkg': AMENT_PREFIX_PATH=/root/deepracer_ws/aws-deepracer-follow-the-leader-sample-project/deepracer_follow_the_leader_ws/install/deepracer_interfaces_pkg:${AMENT_PREFIX_PATH} CMAKE_PREFIX_PATH=/root/deepracer_ws/aws-deepracer-follow-the-leader-sample-project/deepracer_follow_the_leader_ws/install/deepracer_interfaces_pkg LD_LIBRARY_PATH=/root/deepracer_ws/aws-deepracer-follow-the-leader-sample-project/deepracer_follow_the_leader_ws/install/deepracer_interfaces_pkg/lib:${LD_LIBRARY_PATH} PYTHONPATH=/root/deepracer_ws/aws-deepracer-follow-the-leader-sample-project/deepracer_follow_the_leader_ws/install/deepracer_navigation_pkg/lib/python3.8/site-packages:/root/deepracer_ws/aws-deepracer-follow-the-leader-sample-project/deepracer_follow_the_leader_ws/install/deepracer_interfaces_pkg/lib/python3.8/site-packages:${PYTHONPATH} /usr/bin/python3 setup.py egg_info --egg-base ../../build/deepracer_navigation_pkg build --build-base /root/deepracer_ws/aws-deepracer-follow-the-leader-sample-project/deepracer_follow_the_leader_ws/build/deepracer_navigation_pkg/build install --prefix /root/deepracer_ws/aws-deepracer-follow-the-leader-sample-project/deepracer_follow_the_leader_ws/install/deepracer_navigation_pkg --record /root/deepracer_ws/aws-deepracer-follow-the-leader-sample-project/deepracer_follow_the_leader_ws/build/deepracer_navigation_pkg/install.log --single-version-externally-managed
[2.578s] running egg_info
[2.589s] writing ../../build/deepracer_navigation_pkg/deepracer_navigation_pkg.egg-info/PKG-INFO
[2.589s] writing dependency_links to ../../build/deepracer_navigation_pkg/deepracer_navigation_pkg.egg-info/dependency_links.txt
[2.590s] writing entry points to ../../build/deepracer_navigation_pkg/deepracer_navigation_pkg.egg-info/entry_points.txt
[2.590s] writing requirements to ../../build/deepracer_navigation_pkg/deepracer_navigation_pkg.egg-info/requires.txt
[2.590s] writing top-level names to ../../build/deepracer_navigation_pkg/deepracer_navigation_pkg.egg-info/top_level.txt
[2.959s] reading manifest file '../../build/deepracer_navigation_pkg/deepracer_navigation_pkg.egg-info/SOURCES.txt'
[2.964s] writing manifest file '../../build/deepracer_navigation_pkg/deepracer_navigation_pkg.egg-info/SOURCES.txt'
[2.976s] running build
[2.977s] running build_py
[2.977s] running install
[2.987s] running install_lib
[3.011s] running install_data
[3.021s] running install_egg_info
[3.039s] removing '/root/deepracer_ws/aws-deepracer-follow-the-leader-sample-project/deepracer_follow_the_leader_ws/install/deepracer_navigation_pkg/lib/python3.8/site-packages/deepracer_navigation_pkg-0.0.1-py3.8.egg-info' (and everything under it)
[3.044s] Copying ../../build/deepracer_navigation_pkg/deepracer_navigation_pkg.egg-info to /root/deepracer_ws/aws-deepracer-follow-the-leader-sample-project/deepracer_follow_the_leader_ws/install/deepracer_navigation_pkg/lib/python3.8/site-packages/deepracer_navigation_pkg-0.0.1-py3.8.egg-info
[3.047s] running install_scripts
[3.195s] Installing deepracer_navigation_node script to /root/deepracer_ws/aws-deepracer-follow-the-leader-sample-project/deepracer_follow_the_leader_ws/install/deepracer_navigation_pkg/lib/deepracer_navigation_pkg
[3.195s] writing list of installed files to '/root/deepracer_ws/aws-deepracer-follow-the-leader-sample-project/deepracer_follow_the_leader_ws/build/deepracer_navigation_pkg/install.log'
[3.320s] Invoked command in '/root/deepracer_ws/aws-deepracer-follow-the-leader-sample-project/deepracer_follow_the_leader_ws/aws-deepracer-navigation-pkg/deepracer_navigation_pkg' returned '0': AMENT_PREFIX_PATH=/root/deepracer_ws/aws-deepracer-follow-the-leader-sample-project/deepracer_follow_the_leader_ws/install/deepracer_interfaces_pkg:${AMENT_PREFIX_PATH} CMAKE_PREFIX_PATH=/root/deepracer_ws/aws-deepracer-follow-the-leader-sample-project/deepracer_follow_the_leader_ws/install/deepracer_interfaces_pkg LD_LIBRARY_PATH=/root/deepracer_ws/aws-deepracer-follow-the-leader-sample-project/deepracer_follow_the_leader_ws/install/deepracer_interfaces_pkg/lib:${LD_LIBRARY_PATH} PYTHONPATH=/root/deepracer_ws/aws-deepracer-follow-the-leader-sample-project/deepracer_follow_the_leader_ws/install/deepracer_navigation_pkg/lib/python3.8/site-packages:/root/deepracer_ws/aws-deepracer-follow-the-leader-sample-project/deepracer_follow_the_leader_ws/install/deepracer_interfaces_pkg/lib/python3.8/site-packages:${PYTHONPATH} /usr/bin/python3 setup.py egg_info --egg-base ../../build/deepracer_navigation_pkg build --build-base /root/deepracer_ws/aws-deepracer-follow-the-leader-sample-project/deepracer_follow_the_leader_ws/build/deepracer_navigation_pkg/build install --prefix /root/deepracer_ws/aws-deepracer-follow-the-leader-sample-project/deepracer_follow_the_leader_ws/install/deepracer_navigation_pkg --record /root/deepracer_ws/aws-deepracer-follow-the-leader-sample-project/deepracer_follow_the_leader_ws/build/deepracer_navigation_pkg/install.log --single-version-externally-managed
